<?xml version="1.0" encoding="utf-8"?>
<TestRun id="595bfadb-a437-45d9-8ce9-936735873620" name="lopmatu@SULT 2026-09-23 22:47:16" runUser="Sult\lopmatu" xmlns="http://microsoft.com/schemas/VisualStudio/TeamTest/2010">
  <Times creation="2026-09-23T22:47:16.6494854+08:00" queuing="2026-09-23T22:47:16.6494858+08:00" start="2026-09-23T22:47:08.2443059+08:00" finish="2026-09-23T22:47:33.9065466+08:00" />
  <TestSettings name="default" id="d7051618-03f6-40d8-b355-ec6e863a46ae">
    <Deployment runDeploymentRoot="lopmatu_SULT_2026-09-23_22_47_16" />
  </TestSettings>
  <Results>
    <UnitTestResult executionId="92c4c3c2-2f61-4627-8f7f-023e6df1e43a" testId="5b92d484-f6f0-286a-f232-9ef2ecc57b98" testName="GameSaveCenter.Playnite.Tests.ReportedWorkspaceLayoutBehaviorTests.SettingsHeaderAndPathActionsStayAnchoredToTheirLabelsAndEachOther(theme: Dark)" computerName="SULT" duration="00:00:04.3130000" startTime="2026-09-23T22:47:12.3070297+08:00" endTime="2026-09-23T22:47:16.5995242+08:00" testType="13cdc9d9-ddb5-4fa4-a97d-d965ccfc6d4b" outcome="Passed" testListId="8c84fa94-04c1-424b-9868-57a2d4851a1d" relativeResultsDirectory="92c4c3c2-2f61-4627-8f7f-023e6df1e43a">
      <Output>
        <StdOut>Dark Settings: icon/title topΔ=11.33 DIP, search/title leftΔ=0 DIP, centered-negative Δ=287.33 DIP, wide shell/search=1360/0 DIP, search size=520×36 DIP, reset/title leftΔ=0 DIP, reset/search gap=14 DIP, compact search width/overflow/leftΔ=392/0/0 DIP, save-hint row=1-&gt;0, hint/title topΔ=19.33 DIP, path control center spread=0 DIP, height spread=0 DIP (Button/浏览: 36, Button/校验: 36, Button/打开: 36, Button/复制: 36, ComboBox/combo: 36)</StdOut>
      </Output>
    </UnitTestResult>
    <UnitTestResult executionId="f044c5d2-07ce-420e-844b-51370a7cd970" testId="3e867d51-35ab-df84-be15-7cde1b106a2b" testName="GameSaveCenter.Playnite.Tests.ReportedWorkspaceLayoutBehaviorTests.SettingsHeaderAndPathActionsStayAnchoredToTheirLabelsAndEachOther(theme: Light)" computerName="SULT" duration="00:00:01.6920000" startTime="2026-09-23T22:47:16.6366833+08:00" endTime="2026-09-23T22:47:18.2921210+08:00" testType="13cdc9d9-ddb5-4fa4-a97d-d965ccfc6d4b" outcome="Passed" testListId="8c84fa94-04c1-424b-9868-57a2d4851a1d" relativeResultsDirectory="f044c5d2-07ce-420e-844b-51370a7cd970">
      <Output>
        <StdOut>Light Settings: icon/title topΔ=11.33 DIP, search/title leftΔ=0 DIP, centered-negative Δ=287.33 DIP, wide shell/search=1360/0 DIP, search size=520×36 DIP, reset/title leftΔ=0 DIP, reset/search gap=14 DIP, compact search width/overflow/leftΔ=392/0/0 DIP, save-hint row=1-&gt;0, hint/title topΔ=19.33 DIP, path control center spread=0 DIP, height spread=0 DIP (Button/浏览: 36, Button/校验: 36, Button/打开: 36, Button/复制: 36, ComboBox/combo: 36)</StdOut>
      </Output>
    </UnitTestResult>
  </Results>
  <TestDefinitions>
    <UnitTest name="GameSaveCenter.Playnite.Tests.ReportedWorkspaceLayoutBehaviorTests.SettingsHeaderAndPathActionsStayAnchoredToTheirLabelsAndEachOther(theme: Dark)" storage="d:\workplace\github\gamesavecenter\.tmp\settings-header-event-20260923\bin\release\net472\gamesavecenter.playnite.tests.dll" id="5b92d484-f6f0-286a-f232-9ef2ecc57b98">
      <Execution id="92c4c3c2-2f61-4627-8f7f-023e6df1e43a" />
      <TestMethod codeBase="D:\workplace\github\GameSaveCenter\.tmp\settings-header-event-20260923\bin\Release\net472\GameSaveCenter.Playnite.Tests.dll" adapterTypeName="executor://xunit/VsTestRunner3/netfx/" className="GameSaveCenter.Playnite.Tests.ReportedWorkspaceLayoutBehaviorTests" name="SettingsHeaderAndPathActionsStayAnchoredToTheirLabelsAndEachOther" />
    </UnitTest>
    <UnitTest name="GameSaveCenter.Playnite.Tests.ReportedWorkspaceLayoutBehaviorTests.SettingsHeaderAndPathActionsStayAnchoredToTheirLabelsAndEachOther(theme: Light)" storage="d:\workplace\github\gamesavecenter\.tmp\settings-header-event-20260923\bin\release\net472\gamesavecenter.playnite.tests.dll" id="3e867d51-35ab-df84-be15-7cde1b106a2b">
      <Execution id="f044c5d2-07ce-420e-844b-51370a7cd970" />
      <TestMethod codeBase="D:\workplace\github\GameSaveCenter\.tmp\settings-header-event-20260923\bin\Release\net472\GameSaveCenter.Playnite.Tests.dll" adapterTypeName="executor://xunit/VsTestRunner3/netfx/" className="GameSaveCenter.Playnite.Tests.ReportedWorkspaceLayoutBehaviorTests" name="SettingsHeaderAndPathActionsStayAnchoredToTheirLabelsAndEachOther" />
    </UnitTest>
  </TestDefinitions>
  <TestEntries>
    <TestEntry testId="5b92d484-f6f0-286a-f232-9ef2ecc57b98" executionId="92c4c3c2-2f61-4627-8f7f-023e6df1e43a" testListId="8c84fa94-04c1-424b-9868-57a2d4851a1d" />
    <TestEntry testId="3e867d51-35ab-df84-be15-7cde1b106a2b" executionId="f044c5d2-07ce-420e-844b-51370a7cd970" testListId="8c84fa94-04c1-424b-9868-57a2d4851a1d" />
  </TestEntries>
  <TestLists>
    <TestList name="列表中未列出的结果" id="8c84fa94-04c1-424b-9868-57a2d4851a1d" />
    <TestList name="所有已加载的结果" id="19431567-8539-422a-85d7-44ee4e166bda" />
  </TestLists>
  <ResultSummary outcome="Completed">
    <Counters total="2" executed="2" passed="2" failed="0" error="0" timeout="0" aborted="0" inconclusive="0" passedButRunAborted="0" notRunnable="0" notExecuted="0" disconnected="0" warning="0" completed="0" inProgress="0" pending="0" />
    <Output>
      <StdOut>[xUnit.net 00:00:00.00] xUnit.net VSTest Adapter v3.1.4+50e68bbb8b (64-bit .NET Framework 4.8.9181.0)&#xD;
[xUnit.net 00:00:00.42]   Discovering: GameSaveCenter.Playnite.Tests&#xD;
[xUnit.net 00:00:02.79]   Discovered:  GameSaveCenter.Playnite.Tests&#xD;
[xUnit.net 00:00:02.87]   Starting:    GameSaveCenter.Playnite.Tests&#xD;
[xUnit.net 00:00:08.94]   Finished:    GameSaveCenter.Playnite.Tests&#xD;
</StdOut>
    </Output>
  </ResultSummary>
</TestRun>