<?xml version="1.0" encoding="utf-8"?>
<TestRun id="c16f6845-dea6-4099-b9f8-3ecac418cda8" name="lopmatu@SULT 2026-09-23 23:21:13" runUser="Sult\lopmatu" xmlns="http://microsoft.com/schemas/VisualStudio/TeamTest/2010">
  <Times creation="2026-09-23T23:21:13.6346839+08:00" queuing="2026-09-23T23:21:13.6346842+08:00" start="2026-09-23T23:21:05.1328526+08:00" finish="2026-09-23T23:21:30.8532872+08:00" />
  <TestSettings name="default" id="74cccdcf-c2bb-4897-b007-ee8d515c2071">
    <Deployment runDeploymentRoot="lopmatu_SULT_2026-09-23_23_21_13" />
  </TestSettings>
  <Results>
    <UnitTestResult executionId="6c7c86b8-a74e-4765-a17e-1951c70a3a30" testId="5b92d484-f6f0-286a-f232-9ef2ecc57b98" testName="GameSaveCenter.Playnite.Tests.ReportedWorkspaceLayoutBehaviorTests.SettingsHeaderAndPathActionsStayAnchoredToTheirLabelsAndEachOther(theme: Dark)" computerName="SULT" duration="00:00:04.2990000" startTime="2026-09-23T23:21:09.3108824+08:00" endTime="2026-09-23T23:21:13.5908485+08:00" testType="13cdc9d9-ddb5-4fa4-a97d-d965ccfc6d4b" outcome="Passed" testListId="8c84fa94-04c1-424b-9868-57a2d4851a1d" relativeResultsDirectory="6c7c86b8-a74e-4765-a17e-1951c70a3a30">
      <Output>
        <StdOut>Dark Settings: icon/title topΔ=11.33 DIP, horizontal gap=12 DIP, search/title leftΔ=0 DIP, centered-negative Δ=287.33 DIP, wide shell/search=1360/0 DIP, search size=520×36 DIP, reset/title leftΔ=0 DIP, reset/search gap=14 DIP, reset controls center/height spread=0/0 DIP (Button=90.67×36 DIP @ 71.33, Button=102.67×36 DIP @ 71.33, ComboBox=260×36 DIP @ 71.33), compact search width/overflow/leftΔ=392/0/0 DIP, save-hint row=1-&gt;0, hint/title topΔ=19.33 DIP, path control center spread=0 DIP, height spread=0 DIP (Button/浏览: 36, Button/校验: 36, Button/打开: 36, Button/复制: 36, ComboBox/combo: 36)</StdOut>
      </Output>
    </UnitTestResult>
    <UnitTestResult executionId="a03a7d0b-3688-4876-800d-80d0182d3e56" testId="3e867d51-35ab-df84-be15-7cde1b106a2b" testName="GameSaveCenter.Playnite.Tests.ReportedWorkspaceLayoutBehaviorTests.SettingsHeaderAndPathActionsStayAnchoredToTheirLabelsAndEachOther(theme: Light)" computerName="SULT" duration="00:00:01.6120000" startTime="2026-09-23T23:21:13.6208551+08:00" endTime="2026-09-23T23:21:15.2056277+08:00" testType="13cdc9d9-ddb5-4fa4-a97d-d965ccfc6d4b" outcome="Passed" testListId="8c84fa94-04c1-424b-9868-57a2d4851a1d" relativeResultsDirectory="a03a7d0b-3688-4876-800d-80d0182d3e56">
      <Output>
        <StdOut>Light Settings: icon/title topΔ=11.33 DIP, horizontal gap=12 DIP, search/title leftΔ=0 DIP, centered-negative Δ=287.33 DIP, wide shell/search=1360/0 DIP, search size=520×36 DIP, reset/title leftΔ=0 DIP, reset/search gap=14 DIP, reset controls center/height spread=0/0 DIP (Button=90.67×36 DIP @ 71.33, Button=102.67×36 DIP @ 71.33, ComboBox=260×36 DIP @ 71.33), compact search width/overflow/leftΔ=392/0/0 DIP, save-hint row=1-&gt;0, hint/title topΔ=19.33 DIP, path control center spread=0 DIP, height spread=0 DIP (Button/浏览: 36, Button/校验: 36, Button/打开: 36, Button/复制: 36, ComboBox/combo: 36)</StdOut>
      </Output>
    </UnitTestResult>
  </Results>
  <TestDefinitions>
    <UnitTest name="GameSaveCenter.Playnite.Tests.ReportedWorkspaceLayoutBehaviorTests.SettingsHeaderAndPathActionsStayAnchoredToTheirLabelsAndEachOther(theme: Dark)" storage="d:\workplace\github\gamesavecenter\.tmp\settings-header-geometry-20260923\bin\gamesavecenter.playnite.tests\release\net472\gamesavecenter.playnite.tests.dll" id="5b92d484-f6f0-286a-f232-9ef2ecc57b98">
      <Execution id="6c7c86b8-a74e-4765-a17e-1951c70a3a30" />
      <TestMethod codeBase="D:\workplace\github\GameSaveCenter\.tmp\settings-header-geometry-20260923\bin\GameSaveCenter.Playnite.Tests\Release\net472\GameSaveCenter.Playnite.Tests.dll" adapterTypeName="executor://xunit/VsTestRunner3/netfx/" className="GameSaveCenter.Playnite.Tests.ReportedWorkspaceLayoutBehaviorTests" name="SettingsHeaderAndPathActionsStayAnchoredToTheirLabelsAndEachOther" />
    </UnitTest>
    <UnitTest name="GameSaveCenter.Playnite.Tests.ReportedWorkspaceLayoutBehaviorTests.SettingsHeaderAndPathActionsStayAnchoredToTheirLabelsAndEachOther(theme: Light)" storage="d:\workplace\github\gamesavecenter\.tmp\settings-header-geometry-20260923\bin\gamesavecenter.playnite.tests\release\net472\gamesavecenter.playnite.tests.dll" id="3e867d51-35ab-df84-be15-7cde1b106a2b">
      <Execution id="a03a7d0b-3688-4876-800d-80d0182d3e56" />
      <TestMethod codeBase="D:\workplace\github\GameSaveCenter\.tmp\settings-header-geometry-20260923\bin\GameSaveCenter.Playnite.Tests\Release\net472\GameSaveCenter.Playnite.Tests.dll" adapterTypeName="executor://xunit/VsTestRunner3/netfx/" className="GameSaveCenter.Playnite.Tests.ReportedWorkspaceLayoutBehaviorTests" name="SettingsHeaderAndPathActionsStayAnchoredToTheirLabelsAndEachOther" />
    </UnitTest>
  </TestDefinitions>
  <TestEntries>
    <TestEntry testId="5b92d484-f6f0-286a-f232-9ef2ecc57b98" executionId="6c7c86b8-a74e-4765-a17e-1951c70a3a30" testListId="8c84fa94-04c1-424b-9868-57a2d4851a1d" />
    <TestEntry testId="3e867d51-35ab-df84-be15-7cde1b106a2b" executionId="a03a7d0b-3688-4876-800d-80d0182d3e56" testListId="8c84fa94-04c1-424b-9868-57a2d4851a1d" />
  </TestEntries>
  <TestLists>
    <TestList name="列表中未列出的结果" id="8c84fa94-04c1-424b-9868-57a2d4851a1d" />
    <TestList name="所有已加载的结果" id="19431567-8539-422a-85d7-44ee4e166bda" />
  </TestLists>
  <ResultSummary outcome="Completed">
    <Counters total="2" executed="2" passed="2" failed="0" error="0" timeout="0" aborted="0" inconclusive="0" passedButRunAborted="0" notRunnable="0" notExecuted="0" disconnected="0" warning="0" completed="0" inProgress="0" pending="0" />
    <Output>
      <StdOut>在文件 D:\workplace\github\GameSaveCenter\.tmp\settings-header-geometry-20260923\vstest-trx-combined.diag.host.26-09-23_23-21-05_17017_5.log 中记录 TestHost 诊断&#xD;
[xUnit.net 00:00:00.00] xUnit.net VSTest Adapter v3.1.4+50e68bbb8b (64-bit .NET Framework 4.8.9181.0)&#xD;
[xUnit.net 00:00:00.42]   Discovering: GameSaveCenter.Playnite.Tests&#xD;
[xUnit.net 00:00:02.82]   Discovered:  GameSaveCenter.Playnite.Tests&#xD;
[xUnit.net 00:00:02.88]   Starting:    GameSaveCenter.Playnite.Tests&#xD;
[xUnit.net 00:00:08.86]   Finished:    GameSaveCenter.Playnite.Tests&#xD;
</StdOut>
    </Output>
  </ResultSummary>
</TestRun>