<?xml version="1.0" encoding="utf-8"?>
<TestRun id="8b3bf4bb-6e50-4e69-9c15-a85c9c3d268b" name="lopmatu@SULT 2026-09-24 14:08:15" runUser="Sult\lopmatu" xmlns="http://microsoft.com/schemas/VisualStudio/TeamTest/2010">
  <Times creation="2026-09-24T14:08:15.9147490+08:00" queuing="2026-09-24T14:08:15.9147494+08:00" start="2026-09-24T14:08:10.3535923+08:00" finish="2026-09-24T14:08:30.0819088+08:00" />
  <TestSettings name="default" id="ea913bd0-4b19-4d54-97e0-4754bbfa9f9c">
    <Deployment runDeploymentRoot="lopmatu_SULT_2026-09-24_14_08_15" />
  </TestSettings>
  <Results>
    <UnitTestResult executionId="5323550e-c7fc-4042-86b9-dc6d2a820031" testId="e2870464-f93f-2c1f-0287-240e5a8a01cb" testName="GameSaveCenter.Playnite.Tests.GamePickerShellSourceTests.DashboardPickerClipsItsRoundedSelectionSurface" computerName="SULT" duration="00:00:00.0030000" startTime="2026-09-24T14:08:14.5496741+08:00" endTime="2026-09-24T14:08:14.5506780+08:00" testType="13cdc9d9-ddb5-4fa4-a97d-d965ccfc6d4b" outcome="Passed" testListId="8c84fa94-04c1-424b-9868-57a2d4851a1d" relativeResultsDirectory="5323550e-c7fc-4042-86b9-dc6d2a820031" />
    <UnitTestResult executionId="805cbf27-93e5-46f2-bec9-56b21408e6f3" testId="567b5f7d-c541-6861-9d21-6d25f46a980c" testName="GameSaveCenter.Playnite.Tests.GamePickerShellSourceTests.RefreshAndResizePathsCoalesceExpensiveVisualWork" computerName="SULT" duration="00:00:00.0130000" startTime="2026-09-24T14:08:14.5466747+08:00" endTime="2026-09-24T14:08:14.5476753+08:00" testType="13cdc9d9-ddb5-4fa4-a97d-d965ccfc6d4b" outcome="Passed" testListId="8c84fa94-04c1-424b-9868-57a2d4851a1d" relativeResultsDirectory="805cbf27-93e5-46f2-bec9-56b21408e6f3" />
    <UnitTestResult executionId="1700c107-6ed5-4cec-a78b-f900bc5dbedc" testId="febdbb98-ce77-7cf2-f47d-4be1678b4227" testName="GameSaveCenter.Playnite.Tests.GamePickerShellSourceTests.ProductionPickerUsesRoundedSharedItemChromeAndRestoresFilterDefaults" computerName="SULT" duration="00:00:00.1550000" startTime="2026-09-24T14:08:14.3908358+08:00" endTime="2026-09-24T14:08:14.5265985+08:00" testType="13cdc9d9-ddb5-4fa4-a97d-d965ccfc6d4b" outcome="Passed" testListId="8c84fa94-04c1-424b-9868-57a2d4851a1d" relativeResultsDirectory="1700c107-6ed5-4cec-a78b-f900bc5dbedc" />
    <UnitTestResult executionId="57e0e8dd-22d2-4928-8a22-077be9965287" testId="633181c0-0a73-e7d6-26b6-0b183ad8465e" testName="GameSaveCenter.Playnite.Tests.GamePickerShellSourceTests.GamePickerStatusAndSortSelectionsComeFromSharedViewModel" computerName="SULT" duration="00:00:00.0240000" startTime="2026-09-24T14:08:14.5526757+08:00" endTime="2026-09-24T14:08:14.5656742+08:00" testType="13cdc9d9-ddb5-4fa4-a97d-d965ccfc6d4b" outcome="Passed" testListId="8c84fa94-04c1-424b-9868-57a2d4851a1d" relativeResultsDirectory="57e0e8dd-22d2-4928-8a22-077be9965287" />
  </Results>
  <TestDefinitions>
    <UnitTest name="GameSaveCenter.Playnite.Tests.GamePickerShellSourceTests.ProductionPickerUsesRoundedSharedItemChromeAndRestoresFilterDefaults" storage="d:\workplace\github\gamesavecenter\.tmp\r20-02-cdd28fd2\bin\gamesavecenter.playnite.tests\release\net472\gamesavecenter.playnite.tests.dll" id="febdbb98-ce77-7cf2-f47d-4be1678b4227">
      <Execution id="1700c107-6ed5-4cec-a78b-f900bc5dbedc" />
      <TestMethod codeBase="D:\workplace\github\GameSaveCenter\.tmp\r20-02-cdd28fd2\bin\GameSaveCenter.Playnite.Tests\Release\net472\GameSaveCenter.Playnite.Tests.dll" adapterTypeName="executor://xunit/VsTestRunner3/netfx/" className="GameSaveCenter.Playnite.Tests.GamePickerShellSourceTests" name="ProductionPickerUsesRoundedSharedItemChromeAndRestoresFilterDefaults" />
    </UnitTest>
    <UnitTest name="GameSaveCenter.Playnite.Tests.GamePickerShellSourceTests.DashboardPickerClipsItsRoundedSelectionSurface" storage="d:\workplace\github\gamesavecenter\.tmp\r20-02-cdd28fd2\bin\gamesavecenter.playnite.tests\release\net472\gamesavecenter.playnite.tests.dll" id="e2870464-f93f-2c1f-0287-240e5a8a01cb">
      <Execution id="5323550e-c7fc-4042-86b9-dc6d2a820031" />
      <TestMethod codeBase="D:\workplace\github\GameSaveCenter\.tmp\r20-02-cdd28fd2\bin\GameSaveCenter.Playnite.Tests\Release\net472\GameSaveCenter.Playnite.Tests.dll" adapterTypeName="executor://xunit/VsTestRunner3/netfx/" className="GameSaveCenter.Playnite.Tests.GamePickerShellSourceTests" name="DashboardPickerClipsItsRoundedSelectionSurface" />
    </UnitTest>
    <UnitTest name="GameSaveCenter.Playnite.Tests.GamePickerShellSourceTests.RefreshAndResizePathsCoalesceExpensiveVisualWork" storage="d:\workplace\github\gamesavecenter\.tmp\r20-02-cdd28fd2\bin\gamesavecenter.playnite.tests\release\net472\gamesavecenter.playnite.tests.dll" id="567b5f7d-c541-6861-9d21-6d25f46a980c">
      <Execution id="805cbf27-93e5-46f2-bec9-56b21408e6f3" />
      <TestMethod codeBase="D:\workplace\github\GameSaveCenter\.tmp\r20-02-cdd28fd2\bin\GameSaveCenter.Playnite.Tests\Release\net472\GameSaveCenter.Playnite.Tests.dll" adapterTypeName="executor://xunit/VsTestRunner3/netfx/" className="GameSaveCenter.Playnite.Tests.GamePickerShellSourceTests" name="RefreshAndResizePathsCoalesceExpensiveVisualWork" />
    </UnitTest>
    <UnitTest name="GameSaveCenter.Playnite.Tests.GamePickerShellSourceTests.GamePickerStatusAndSortSelectionsComeFromSharedViewModel" storage="d:\workplace\github\gamesavecenter\.tmp\r20-02-cdd28fd2\bin\gamesavecenter.playnite.tests\release\net472\gamesavecenter.playnite.tests.dll" id="633181c0-0a73-e7d6-26b6-0b183ad8465e">
      <Execution id="57e0e8dd-22d2-4928-8a22-077be9965287" />
      <TestMethod codeBase="D:\workplace\github\GameSaveCenter\.tmp\r20-02-cdd28fd2\bin\GameSaveCenter.Playnite.Tests\Release\net472\GameSaveCenter.Playnite.Tests.dll" adapterTypeName="executor://xunit/VsTestRunner3/netfx/" className="GameSaveCenter.Playnite.Tests.GamePickerShellSourceTests" name="GamePickerStatusAndSortSelectionsComeFromSharedViewModel" />
    </UnitTest>
  </TestDefinitions>
  <TestEntries>
    <TestEntry testId="e2870464-f93f-2c1f-0287-240e5a8a01cb" executionId="5323550e-c7fc-4042-86b9-dc6d2a820031" testListId="8c84fa94-04c1-424b-9868-57a2d4851a1d" />
    <TestEntry testId="567b5f7d-c541-6861-9d21-6d25f46a980c" executionId="805cbf27-93e5-46f2-bec9-56b21408e6f3" testListId="8c84fa94-04c1-424b-9868-57a2d4851a1d" />
    <TestEntry testId="febdbb98-ce77-7cf2-f47d-4be1678b4227" executionId="1700c107-6ed5-4cec-a78b-f900bc5dbedc" testListId="8c84fa94-04c1-424b-9868-57a2d4851a1d" />
    <TestEntry testId="633181c0-0a73-e7d6-26b6-0b183ad8465e" executionId="57e0e8dd-22d2-4928-8a22-077be9965287" testListId="8c84fa94-04c1-424b-9868-57a2d4851a1d" />
  </TestEntries>
  <TestLists>
    <TestList name="列表中未列出的结果" id="8c84fa94-04c1-424b-9868-57a2d4851a1d" />
    <TestList name="所有已加载的结果" id="19431567-8539-422a-85d7-44ee4e166bda" />
  </TestLists>
  <ResultSummary outcome="Completed">
    <Counters total="4" executed="4" passed="4" failed="0" error="0" timeout="0" aborted="0" inconclusive="0" passedButRunAborted="0" notRunnable="0" notExecuted="0" disconnected="0" warning="0" completed="0" inProgress="0" pending="0" />
    <Output>
      <StdOut>[xUnit.net 00:00:00.00] xUnit.net VSTest Adapter v3.1.4+50e68bbb8b (64-bit .NET Framework 4.8.9181.0)&#xD;
[xUnit.net 00:00:00.42]   Discovering: GameSaveCenter.Playnite.Tests&#xD;
[xUnit.net 00:00:02.80]   Discovered:  GameSaveCenter.Playnite.Tests&#xD;
[xUnit.net 00:00:02.87]   Starting:    GameSaveCenter.Playnite.Tests&#xD;
[xUnit.net 00:00:03.12]   Finished:    GameSaveCenter.Playnite.Tests&#xD;
</StdOut>
    </Output>
  </ResultSummary>
</TestRun>