<?xml version="1.0" encoding="utf-8"?>
<TestRun id="e163ecc0-3d96-4cc5-a61f-8101de9f56c0" name="lopmatu@SULT 2026-09-24 14:06:48" runUser="Sult\lopmatu" xmlns="http://microsoft.com/schemas/VisualStudio/TeamTest/2010">
  <Times creation="2026-09-24T14:06:48.9885595+08:00" queuing="2026-09-24T14:06:48.9885599+08:00" start="2026-09-24T14:06:43.1866488+08:00" finish="2026-09-24T14:07:03.0396155+08:00" />
  <TestSettings name="default" id="c55cda4c-5eab-4347-ae02-9293a79c863c">
    <Deployment runDeploymentRoot="lopmatu_SULT_2026-09-24_14_06_48" />
  </TestSettings>
  <Results>
    <UnitTestResult executionId="30014862-40ce-4349-a92f-bbf219a4c1b4" testId="7da17601-573e-009f-eb71-3008332b2089" testName="GameSaveCenter.Playnite.Tests.OverviewSnapshotDisplayTests.LoadedSnapshotKeepsLegitimateZeroAndGenerationTime" computerName="SULT" duration="00:00:00.0130000" startTime="2026-09-24T14:06:47.4958598+08:00" endTime="2026-09-24T14:06:47.4968614+08:00" testType="13cdc9d9-ddb5-4fa4-a97d-d965ccfc6d4b" outcome="Passed" testListId="8c84fa94-04c1-424b-9868-57a2d4851a1d" relativeResultsDirectory="30014862-40ce-4349-a92f-bbf219a4c1b4" />
    <UnitTestResult executionId="81374e48-824f-4759-82eb-878f089c6bc7" testId="6fddeaf1-9657-1b5c-67f1-6fcd56f33b00" testName="GameSaveCenter.Playnite.Tests.OverviewSnapshotDisplayTests.UnloadedSnapshotDoesNotPresentDefaultZerosAsFacts" computerName="SULT" duration="00:00:00.0010000" startTime="2026-09-24T14:06:47.4938594+08:00" endTime="2026-09-24T14:06:47.4948596+08:00" testType="13cdc9d9-ddb5-4fa4-a97d-d965ccfc6d4b" outcome="Passed" testListId="8c84fa94-04c1-424b-9868-57a2d4851a1d" relativeResultsDirectory="81374e48-824f-4759-82eb-878f089c6bc7" />
    <UnitTestResult executionId="8719e3d9-c310-4c66-b1c1-7b070e3a49ae" testId="c9e3bb05-b19d-e2b6-82a5-9e7b8171d4f7" testName="GameSaveCenter.Playnite.Tests.OverviewSnapshotDisplayTests.DefaultGenerationTimeRemainsUnknownEvenAfterLoad" computerName="SULT" duration="00:00:00.0240000" startTime="2026-09-24T14:06:47.4584855+08:00" endTime="2026-09-24T14:06:47.4728623+08:00" testType="13cdc9d9-ddb5-4fa4-a97d-d965ccfc6d4b" outcome="Passed" testListId="8c84fa94-04c1-424b-9868-57a2d4851a1d" relativeResultsDirectory="8719e3d9-c310-4c66-b1c1-7b070e3a49ae" />
  </Results>
  <TestDefinitions>
    <UnitTest name="GameSaveCenter.Playnite.Tests.OverviewSnapshotDisplayTests.LoadedSnapshotKeepsLegitimateZeroAndGenerationTime" storage="d:\workplace\github\gamesavecenter\.tmp\r20-02-cdd28fd2\bin\gamesavecenter.playnite.tests\release\net472\gamesavecenter.playnite.tests.dll" id="7da17601-573e-009f-eb71-3008332b2089">
      <Execution id="30014862-40ce-4349-a92f-bbf219a4c1b4" />
      <TestMethod codeBase="D:\workplace\github\GameSaveCenter\.tmp\r20-02-cdd28fd2\bin\GameSaveCenter.Playnite.Tests\Release\net472\GameSaveCenter.Playnite.Tests.dll" adapterTypeName="executor://xunit/VsTestRunner3/netfx/" className="GameSaveCenter.Playnite.Tests.OverviewSnapshotDisplayTests" name="LoadedSnapshotKeepsLegitimateZeroAndGenerationTime" />
    </UnitTest>
    <UnitTest name="GameSaveCenter.Playnite.Tests.OverviewSnapshotDisplayTests.UnloadedSnapshotDoesNotPresentDefaultZerosAsFacts" storage="d:\workplace\github\gamesavecenter\.tmp\r20-02-cdd28fd2\bin\gamesavecenter.playnite.tests\release\net472\gamesavecenter.playnite.tests.dll" id="6fddeaf1-9657-1b5c-67f1-6fcd56f33b00">
      <Execution id="81374e48-824f-4759-82eb-878f089c6bc7" />
      <TestMethod codeBase="D:\workplace\github\GameSaveCenter\.tmp\r20-02-cdd28fd2\bin\GameSaveCenter.Playnite.Tests\Release\net472\GameSaveCenter.Playnite.Tests.dll" adapterTypeName="executor://xunit/VsTestRunner3/netfx/" className="GameSaveCenter.Playnite.Tests.OverviewSnapshotDisplayTests" name="UnloadedSnapshotDoesNotPresentDefaultZerosAsFacts" />
    </UnitTest>
    <UnitTest name="GameSaveCenter.Playnite.Tests.OverviewSnapshotDisplayTests.DefaultGenerationTimeRemainsUnknownEvenAfterLoad" storage="d:\workplace\github\gamesavecenter\.tmp\r20-02-cdd28fd2\bin\gamesavecenter.playnite.tests\release\net472\gamesavecenter.playnite.tests.dll" id="c9e3bb05-b19d-e2b6-82a5-9e7b8171d4f7">
      <Execution id="8719e3d9-c310-4c66-b1c1-7b070e3a49ae" />
      <TestMethod codeBase="D:\workplace\github\GameSaveCenter\.tmp\r20-02-cdd28fd2\bin\GameSaveCenter.Playnite.Tests\Release\net472\GameSaveCenter.Playnite.Tests.dll" adapterTypeName="executor://xunit/VsTestRunner3/netfx/" className="GameSaveCenter.Playnite.Tests.OverviewSnapshotDisplayTests" name="DefaultGenerationTimeRemainsUnknownEvenAfterLoad" />
    </UnitTest>
  </TestDefinitions>
  <TestEntries>
    <TestEntry testId="7da17601-573e-009f-eb71-3008332b2089" executionId="30014862-40ce-4349-a92f-bbf219a4c1b4" testListId="8c84fa94-04c1-424b-9868-57a2d4851a1d" />
    <TestEntry testId="6fddeaf1-9657-1b5c-67f1-6fcd56f33b00" executionId="81374e48-824f-4759-82eb-878f089c6bc7" testListId="8c84fa94-04c1-424b-9868-57a2d4851a1d" />
    <TestEntry testId="c9e3bb05-b19d-e2b6-82a5-9e7b8171d4f7" executionId="8719e3d9-c310-4c66-b1c1-7b070e3a49ae" testListId="8c84fa94-04c1-424b-9868-57a2d4851a1d" />
  </TestEntries>
  <TestLists>
    <TestList name="列表中未列出的结果" id="8c84fa94-04c1-424b-9868-57a2d4851a1d" />
    <TestList name="所有已加载的结果" id="19431567-8539-422a-85d7-44ee4e166bda" />
  </TestLists>
  <ResultSummary outcome="Completed">
    <Counters total="3" executed="3" passed="3" failed="0" error="0" timeout="0" aborted="0" inconclusive="0" passedButRunAborted="0" notRunnable="0" notExecuted="0" disconnected="0" warning="0" completed="0" inProgress="0" pending="0" />
    <Output>
      <StdOut>[xUnit.net 00:00:00.00] xUnit.net VSTest Adapter v3.1.4+50e68bbb8b (64-bit .NET Framework 4.8.9181.0)&#xD;
[xUnit.net 00:00:00.48]   Discovering: GameSaveCenter.Playnite.Tests&#xD;
[xUnit.net 00:00:02.88]   Discovered:  GameSaveCenter.Playnite.Tests&#xD;
[xUnit.net 00:00:02.94]   Starting:    GameSaveCenter.Playnite.Tests&#xD;
[xUnit.net 00:00:03.06]   Finished:    GameSaveCenter.Playnite.Tests&#xD;
</StdOut>
    </Output>
  </ResultSummary>
</TestRun>