<?xml version="1.0" encoding="utf-8"?>
<TestRun id="a759f02b-6412-493d-a598-53d0b21d3649" name="lopmatu@SULT 2026-09-24 14:07:08" runUser="Sult\lopmatu" xmlns="http://microsoft.com/schemas/VisualStudio/TeamTest/2010">
  <Times creation="2026-09-24T14:07:08.5688692+08:00" queuing="2026-09-24T14:07:08.5688695+08:00" start="2026-09-24T14:07:04.0152486+08:00" finish="2026-09-24T14:07:24.0747333+08:00" />
  <TestSettings name="default" id="88091eaf-7b02-4755-bc61-10203786348b">
    <Deployment runDeploymentRoot="lopmatu_SULT_2026-09-24_14_07_08" />
  </TestSettings>
  <Results>
    <UnitTestResult executionId="53b55d16-6e8a-4a5c-9fa4-4027870c946c" testId="cc2fde98-b8b7-7a24-4ca6-f5872adc00cb" testName="GameSaveCenter.Playnite.Tests.OverviewPriorityResolverTests.ShellSubtitleFollowsTheCurrentStateInsteadOfClaimingEverythingIsHealthy(workspace: Overview, selectedGameName: null, overviewPriorityTitle: &quot;后台服务需要处理&quot;, expected: &quot;今日工作台 · 后台服务需要处理&quot;)" computerName="SULT" duration="00:00:00.0010000" startTime="2026-09-24T14:07:08.3954969+08:00" endTime="2026-09-24T14:07:08.3964815+08:00" testType="13cdc9d9-ddb5-4fa4-a97d-d965ccfc6d4b" outcome="Passed" testListId="8c84fa94-04c1-424b-9868-57a2d4851a1d" relativeResultsDirectory="53b55d16-6e8a-4a5c-9fa4-4027870c946c" />
    <UnitTestResult executionId="6be7f38d-308f-4e05-a756-3cf5de128868" testId="8c8c7ea5-a94c-8c5f-6cdb-f13586415183" testName="GameSaveCenter.Playnite.Tests.OverviewPriorityResolverTests.CloudFailureIsPromotedWithTheSnapshotAttentionCount" computerName="SULT" duration="00:00:00.0010000" startTime="2026-09-24T14:07:08.5362460+08:00" endTime="2026-09-24T14:07:08.5372440+08:00" testType="13cdc9d9-ddb5-4fa4-a97d-d965ccfc6d4b" outcome="Passed" testListId="8c84fa94-04c1-424b-9868-57a2d4851a1d" relativeResultsDirectory="6be7f38d-308f-4e05-a756-3cf5de128868" />
    <UnitTestResult executionId="514af605-4f84-49e9-a379-074dfbedca34" testId="8678a9dd-08ee-9c91-d186-5312e2f556ac" testName="GameSaveCenter.Playnite.Tests.OverviewPriorityResolverTests.ShellSubtitleFollowsTheCurrentStateInsteadOfClaimingEverythingIsHealthy(workspace: Saves, selectedGameName: &quot;合成游戏&quot;, overviewPriorityTitle: &quot;不应显示&quot;, expected: &quot;合成游戏 · 路径与恢复点状态&quot;)" computerName="SULT" duration="00:00:00.0010000" startTime="2026-09-24T14:07:08.3984730+08:00" endTime="2026-09-24T14:07:08.3994738+08:00" testType="13cdc9d9-ddb5-4fa4-a97d-d965ccfc6d4b" outcome="Passed" testListId="8c84fa94-04c1-424b-9868-57a2d4851a1d" relativeResultsDirectory="514af605-4f84-49e9-a379-074dfbedca34" />
    <UnitTestResult executionId="be0f1098-fabd-458a-a945-7a1d79103ebb" testId="f76b25d6-3bd0-b6e9-20da-b7c948c7aea2" testName="GameSaveCenter.Playnite.Tests.OverviewPriorityResolverTests.OverviewBindsHeroToPriorityStateAndLeavesOneContextualAttentionEntry" computerName="SULT" duration="00:00:00.1370000" startTime="2026-09-24T14:07:08.4014930+08:00" endTime="2026-09-24T14:07:08.5332438+08:00" testType="13cdc9d9-ddb5-4fa4-a97d-d965ccfc6d4b" outcome="Passed" testListId="8c84fa94-04c1-424b-9868-57a2d4851a1d" relativeResultsDirectory="be0f1098-fabd-458a-a945-7a1d79103ebb" />
    <UnitTestResult executionId="c519de72-c4dd-4317-9dd2-c7b622a2f8c6" testId="85094e6c-1abb-2227-c30a-3604e720f015" testName="GameSaveCenter.Playnite.Tests.OverviewPriorityResolverTests.CloudAttentionBecomesTheNextActionAfterOnboarding" computerName="SULT" duration="00:00:00.0010000" startTime="2026-09-24T14:07:08.5712491+08:00" endTime="2026-09-24T14:07:08.5732498+08:00" testType="13cdc9d9-ddb5-4fa4-a97d-d965ccfc6d4b" outcome="Passed" testListId="8c84fa94-04c1-424b-9868-57a2d4851a1d" relativeResultsDirectory="c519de72-c4dd-4317-9dd2-c7b622a2f8c6" />
    <UnitTestResult executionId="0cca0b74-9d04-41fa-a80f-201c8aa042f7" testId="85fa235a-0298-fe7e-14ea-05a1f235c376" testName="GameSaveCenter.Playnite.Tests.OverviewPriorityResolverTests.EmptyLibraryIsExplicitInsteadOfBeingReportedAsHealthy" computerName="SULT" duration="00:00:00.0010000" startTime="2026-09-24T14:07:08.5682505+08:00" endTime="2026-09-24T14:07:08.5692490+08:00" testType="13cdc9d9-ddb5-4fa4-a97d-d965ccfc6d4b" outcome="Passed" testListId="8c84fa94-04c1-424b-9868-57a2d4851a1d" relativeResultsDirectory="0cca0b74-9d04-41fa-a80f-201c8aa042f7" />
    <UnitTestResult executionId="75c9c650-ae57-4a93-afb2-17a912351396" testId="c129e896-9a88-5a30-8d52-4b17231878c1" testName="GameSaveCenter.Playnite.Tests.OverviewPriorityResolverTests.FailedTasksUseTheTaskCenterRoute" computerName="SULT" duration="00:00:00.0010000" startTime="2026-09-24T14:07:08.5512498+08:00" endTime="2026-09-24T14:07:08.5522495+08:00" testType="13cdc9d9-ddb5-4fa4-a97d-d965ccfc6d4b" outcome="Passed" testListId="8c84fa94-04c1-424b-9868-57a2d4851a1d" relativeResultsDirectory="75c9c650-ae57-4a93-afb2-17a912351396" />
    <UnitTestResult executionId="b56fdfba-aace-484f-9220-507b2256a463" testId="39a22240-c231-274b-e27e-4f01c91d7055" testName="GameSaveCenter.Playnite.Tests.OverviewPriorityResolverTests.UnmatchedGamesUseTheExistingPickerRouteBeforeBackupableGames" computerName="SULT" duration="00:00:00.0290000" startTime="2026-09-24T14:07:08.3293731+08:00" endTime="2026-09-24T14:07:08.3349813+08:00" testType="13cdc9d9-ddb5-4fa4-a97d-d965ccfc6d4b" outcome="Passed" testListId="8c84fa94-04c1-424b-9868-57a2d4851a1d" relativeResultsDirectory="b56fdfba-aace-484f-9220-507b2256a463" />
    <UnitTestResult executionId="a72f59de-6029-43bb-af28-272849bf7595" testId="70a01ec6-5592-4af8-dad6-ba5c6954ccd7" testName="GameSaveCenter.Playnite.Tests.OverviewPriorityResolverTests.PriorityCopyAlwaysExplainsTheStateAndTheNextAction" computerName="SULT" duration="00:00:00.0010000" startTime="2026-09-24T14:07:08.5412464+08:00" endTime="2026-09-24T14:07:08.5422504+08:00" testType="13cdc9d9-ddb5-4fa4-a97d-d965ccfc6d4b" outcome="Passed" testListId="8c84fa94-04c1-424b-9868-57a2d4851a1d" relativeResultsDirectory="a72f59de-6029-43bb-af28-272849bf7595" />
    <UnitTestResult executionId="c5367ba2-7d32-4869-82c6-d8095b37a314" testId="c947d5c8-bcf1-f190-1590-9d7e890207e7" testName="GameSaveCenter.Playnite.Tests.OverviewPriorityResolverTests.MediaAndAttentionStatesRemainReachableInOrder" computerName="SULT" duration="00:00:00.0010000" startTime="2026-09-24T14:07:08.5542504+08:00" endTime="2026-09-24T14:07:08.5552502+08:00" testType="13cdc9d9-ddb5-4fa4-a97d-d965ccfc6d4b" outcome="Passed" testListId="8c84fa94-04c1-424b-9868-57a2d4851a1d" relativeResultsDirectory="c5367ba2-7d32-4869-82c6-d8095b37a314" />
    <UnitTestResult executionId="df3514c2-1871-4900-8490-a8a477798bb4" testId="cd999f8f-01b3-e3c8-6e70-82a9a926851e" testName="GameSaveCenter.Playnite.Tests.OverviewPriorityResolverTests.UnrelatedSnapshotChangesDoNotMakeTheSamePriorityJump" computerName="SULT" duration="00:00:00.0010000" startTime="2026-09-24T14:07:08.5742496+08:00" endTime="2026-09-24T14:07:08.5752488+08:00" testType="13cdc9d9-ddb5-4fa4-a97d-d965ccfc6d4b" outcome="Passed" testListId="8c84fa94-04c1-424b-9868-57a2d4851a1d" relativeResultsDirectory="df3514c2-1871-4900-8490-a8a477798bb4" />
    <UnitTestResult executionId="6264a6d5-748e-4292-98d4-7022069695ae" testId="2f05a3a4-3db5-7448-1017-2cc604fd0d3b" testName="GameSaveCenter.Playnite.Tests.OverviewPriorityResolverTests.HealthyStateUsesRefreshInsteadOfAWarningAction" computerName="SULT" duration="00:00:00.0010000" startTime="2026-09-24T14:07:08.3577725+08:00" endTime="2026-09-24T14:07:08.3587746+08:00" testType="13cdc9d9-ddb5-4fa4-a97d-d965ccfc6d4b" outcome="Passed" testListId="8c84fa94-04c1-424b-9868-57a2d4851a1d" relativeResultsDirectory="6264a6d5-748e-4292-98d4-7022069695ae" />
    <UnitTestResult executionId="b2d7c3dc-eb42-4d3c-a8c2-10a83bac164f" testId="6b8290b8-1e12-4536-abef-54e5ddf99ed9" testName="GameSaveCenter.Playnite.Tests.OverviewPriorityResolverTests.ShellSubtitleFollowsTheCurrentStateInsteadOfClaimingEverythingIsHealthy(workspace: Overview, selectedGameName: null, overviewPriorityTitle: null, expected: &quot;今日工作台 · 正在读取概览状态&quot;)" computerName="SULT" duration="00:00:00.0590000" startTime="2026-09-24T14:07:08.3617734+08:00" endTime="2026-09-24T14:07:08.3943895+08:00" testType="13cdc9d9-ddb5-4fa4-a97d-d965ccfc6d4b" outcome="Passed" testListId="8c84fa94-04c1-424b-9868-57a2d4851a1d" relativeResultsDirectory="b2d7c3dc-eb42-4d3c-a8c2-10a83bac164f" />
    <UnitTestResult executionId="a01f27a3-ad62-4d4a-8ffb-56662493fac6" testId="2f202e2b-cafc-a929-8443-93a7c99888a5" testName="GameSaveCenter.Playnite.Tests.OverviewPriorityResolverTests.MatchedGameWithoutBackupUsesPickerInsteadOfLaunchingBulkWrite" computerName="SULT" duration="00:00:00.0010000" startTime="2026-09-24T14:07:08.5572492+08:00" endTime="2026-09-24T14:07:08.5662508+08:00" testType="13cdc9d9-ddb5-4fa4-a97d-d965ccfc6d4b" outcome="Passed" testListId="8c84fa94-04c1-424b-9868-57a2d4851a1d" relativeResultsDirectory="a01f27a3-ad62-4d4a-8ffb-56662493fac6" />
    <UnitTestResult executionId="7ba20c2c-4fa0-4b6e-90f5-20e70b2d1cea" testId="730e78ca-acac-2f66-e97f-a27a90ae824f" testName="GameSaveCenter.Playnite.Tests.OverviewPriorityResolverTests.WorkerFailureWinsOverOtherPendingWork" computerName="SULT" duration="00:00:00.0010000" startTime="2026-09-24T14:07:08.5382450+08:00" endTime="2026-09-24T14:07:08.5392440+08:00" testType="13cdc9d9-ddb5-4fa4-a97d-d965ccfc6d4b" outcome="Passed" testListId="8c84fa94-04c1-424b-9868-57a2d4851a1d" relativeResultsDirectory="7ba20c2c-4fa0-4b6e-90f5-20e70b2d1cea" />
  </Results>
  <TestDefinitions>
    <UnitTest name="GameSaveCenter.Playnite.Tests.OverviewPriorityResolverTests.CloudFailureIsPromotedWithTheSnapshotAttentionCount" storage="d:\workplace\github\gamesavecenter\.tmp\r20-02-cdd28fd2\bin\gamesavecenter.playnite.tests\release\net472\gamesavecenter.playnite.tests.dll" id="8c8c7ea5-a94c-8c5f-6cdb-f13586415183">
      <Execution id="6be7f38d-308f-4e05-a756-3cf5de128868" />
      <TestMethod codeBase="D:\workplace\github\GameSaveCenter\.tmp\r20-02-cdd28fd2\bin\GameSaveCenter.Playnite.Tests\Release\net472\GameSaveCenter.Playnite.Tests.dll" adapterTypeName="executor://xunit/VsTestRunner3/netfx/" className="GameSaveCenter.Playnite.Tests.OverviewPriorityResolverTests" name="CloudFailureIsPromotedWithTheSnapshotAttentionCount" />
    </UnitTest>
    <UnitTest name="GameSaveCenter.Playnite.Tests.OverviewPriorityResolverTests.ShellSubtitleFollowsTheCurrentStateInsteadOfClaimingEverythingIsHealthy(workspace: Overview, selectedGameName: null, overviewPriorityTitle: &quot;后台服务需要处理&quot;, expected: &quot;今日工作台 · 后台服务需要处理&quot;)" storage="d:\workplace\github\gamesavecenter\.tmp\r20-02-cdd28fd2\bin\gamesavecenter.playnite.tests\release\net472\gamesavecenter.playnite.tests.dll" id="cc2fde98-b8b7-7a24-4ca6-f5872adc00cb">
      <Execution id="53b55d16-6e8a-4a5c-9fa4-4027870c946c" />
      <TestMethod codeBase="D:\workplace\github\GameSaveCenter\.tmp\r20-02-cdd28fd2\bin\GameSaveCenter.Playnite.Tests\Release\net472\GameSaveCenter.Playnite.Tests.dll" adapterTypeName="executor://xunit/VsTestRunner3/netfx/" className="GameSaveCenter.Playnite.Tests.OverviewPriorityResolverTests" name="ShellSubtitleFollowsTheCurrentStateInsteadOfClaimingEverythingIsHealthy" />
    </UnitTest>
    <UnitTest name="GameSaveCenter.Playnite.Tests.OverviewPriorityResolverTests.MatchedGameWithoutBackupUsesPickerInsteadOfLaunchingBulkWrite" storage="d:\workplace\github\gamesavecenter\.tmp\r20-02-cdd28fd2\bin\gamesavecenter.playnite.tests\release\net472\gamesavecenter.playnite.tests.dll" id="2f202e2b-cafc-a929-8443-93a7c99888a5">
      <Execution id="a01f27a3-ad62-4d4a-8ffb-56662493fac6" />
      <TestMethod codeBase="D:\workplace\github\GameSaveCenter\.tmp\r20-02-cdd28fd2\bin\GameSaveCenter.Playnite.Tests\Release\net472\GameSaveCenter.Playnite.Tests.dll" adapterTypeName="executor://xunit/VsTestRunner3/netfx/" className="GameSaveCenter.Playnite.Tests.OverviewPriorityResolverTests" name="MatchedGameWithoutBackupUsesPickerInsteadOfLaunchingBulkWrite" />
    </UnitTest>
    <UnitTest name="GameSaveCenter.Playnite.Tests.OverviewPriorityResolverTests.ShellSubtitleFollowsTheCurrentStateInsteadOfClaimingEverythingIsHealthy(workspace: Overview, selectedGameName: null, overviewPriorityTitle: null, expected: &quot;今日工作台 · 正在读取概览状态&quot;)" storage="d:\workplace\github\gamesavecenter\.tmp\r20-02-cdd28fd2\bin\gamesavecenter.playnite.tests\release\net472\gamesavecenter.playnite.tests.dll" id="6b8290b8-1e12-4536-abef-54e5ddf99ed9">
      <Execution id="b2d7c3dc-eb42-4d3c-a8c2-10a83bac164f" />
      <TestMethod codeBase="D:\workplace\github\GameSaveCenter\.tmp\r20-02-cdd28fd2\bin\GameSaveCenter.Playnite.Tests\Release\net472\GameSaveCenter.Playnite.Tests.dll" adapterTypeName="executor://xunit/VsTestRunner3/netfx/" className="GameSaveCenter.Playnite.Tests.OverviewPriorityResolverTests" name="ShellSubtitleFollowsTheCurrentStateInsteadOfClaimingEverythingIsHealthy" />
    </UnitTest>
    <UnitTest name="GameSaveCenter.Playnite.Tests.OverviewPriorityResolverTests.FailedTasksUseTheTaskCenterRoute" storage="d:\workplace\github\gamesavecenter\.tmp\r20-02-cdd28fd2\bin\gamesavecenter.playnite.tests\release\net472\gamesavecenter.playnite.tests.dll" id="c129e896-9a88-5a30-8d52-4b17231878c1">
      <Execution id="75c9c650-ae57-4a93-afb2-17a912351396" />
      <TestMethod codeBase="D:\workplace\github\GameSaveCenter\.tmp\r20-02-cdd28fd2\bin\GameSaveCenter.Playnite.Tests\Release\net472\GameSaveCenter.Playnite.Tests.dll" adapterTypeName="executor://xunit/VsTestRunner3/netfx/" className="GameSaveCenter.Playnite.Tests.OverviewPriorityResolverTests" name="FailedTasksUseTheTaskCenterRoute" />
    </UnitTest>
    <UnitTest name="GameSaveCenter.Playnite.Tests.OverviewPriorityResolverTests.WorkerFailureWinsOverOtherPendingWork" storage="d:\workplace\github\gamesavecenter\.tmp\r20-02-cdd28fd2\bin\gamesavecenter.playnite.tests\release\net472\gamesavecenter.playnite.tests.dll" id="730e78ca-acac-2f66-e97f-a27a90ae824f">
      <Execution id="7ba20c2c-4fa0-4b6e-90f5-20e70b2d1cea" />
      <TestMethod codeBase="D:\workplace\github\GameSaveCenter\.tmp\r20-02-cdd28fd2\bin\GameSaveCenter.Playnite.Tests\Release\net472\GameSaveCenter.Playnite.Tests.dll" adapterTypeName="executor://xunit/VsTestRunner3/netfx/" className="GameSaveCenter.Playnite.Tests.OverviewPriorityResolverTests" name="WorkerFailureWinsOverOtherPendingWork" />
    </UnitTest>
    <UnitTest name="GameSaveCenter.Playnite.Tests.OverviewPriorityResolverTests.MediaAndAttentionStatesRemainReachableInOrder" storage="d:\workplace\github\gamesavecenter\.tmp\r20-02-cdd28fd2\bin\gamesavecenter.playnite.tests\release\net472\gamesavecenter.playnite.tests.dll" id="c947d5c8-bcf1-f190-1590-9d7e890207e7">
      <Execution id="c5367ba2-7d32-4869-82c6-d8095b37a314" />
      <TestMethod codeBase="D:\workplace\github\GameSaveCenter\.tmp\r20-02-cdd28fd2\bin\GameSaveCenter.Playnite.Tests\Release\net472\GameSaveCenter.Playnite.Tests.dll" adapterTypeName="executor://xunit/VsTestRunner3/netfx/" className="GameSaveCenter.Playnite.Tests.OverviewPriorityResolverTests" name="MediaAndAttentionStatesRemainReachableInOrder" />
    </UnitTest>
    <UnitTest name="GameSaveCenter.Playnite.Tests.OverviewPriorityResolverTests.ShellSubtitleFollowsTheCurrentStateInsteadOfClaimingEverythingIsHealthy(workspace: Saves, selectedGameName: &quot;合成游戏&quot;, overviewPriorityTitle: &quot;不应显示&quot;, expected: &quot;合成游戏 · 路径与恢复点状态&quot;)" storage="d:\workplace\github\gamesavecenter\.tmp\r20-02-cdd28fd2\bin\gamesavecenter.playnite.tests\release\net472\gamesavecenter.playnite.tests.dll" id="8678a9dd-08ee-9c91-d186-5312e2f556ac">
      <Execution id="514af605-4f84-49e9-a379-074dfbedca34" />
      <TestMethod codeBase="D:\workplace\github\GameSaveCenter\.tmp\r20-02-cdd28fd2\bin\GameSaveCenter.Playnite.Tests\Release\net472\GameSaveCenter.Playnite.Tests.dll" adapterTypeName="executor://xunit/VsTestRunner3/netfx/" className="GameSaveCenter.Playnite.Tests.OverviewPriorityResolverTests" name="ShellSubtitleFollowsTheCurrentStateInsteadOfClaimingEverythingIsHealthy" />
    </UnitTest>
    <UnitTest name="GameSaveCenter.Playnite.Tests.OverviewPriorityResolverTests.OverviewBindsHeroToPriorityStateAndLeavesOneContextualAttentionEntry" storage="d:\workplace\github\gamesavecenter\.tmp\r20-02-cdd28fd2\bin\gamesavecenter.playnite.tests\release\net472\gamesavecenter.playnite.tests.dll" id="f76b25d6-3bd0-b6e9-20da-b7c948c7aea2">
      <Execution id="be0f1098-fabd-458a-a945-7a1d79103ebb" />
      <TestMethod codeBase="D:\workplace\github\GameSaveCenter\.tmp\r20-02-cdd28fd2\bin\GameSaveCenter.Playnite.Tests\Release\net472\GameSaveCenter.Playnite.Tests.dll" adapterTypeName="executor://xunit/VsTestRunner3/netfx/" className="GameSaveCenter.Playnite.Tests.OverviewPriorityResolverTests" name="OverviewBindsHeroToPriorityStateAndLeavesOneContextualAttentionEntry" />
    </UnitTest>
    <UnitTest name="GameSaveCenter.Playnite.Tests.OverviewPriorityResolverTests.UnrelatedSnapshotChangesDoNotMakeTheSamePriorityJump" storage="d:\workplace\github\gamesavecenter\.tmp\r20-02-cdd28fd2\bin\gamesavecenter.playnite.tests\release\net472\gamesavecenter.playnite.tests.dll" id="cd999f8f-01b3-e3c8-6e70-82a9a926851e">
      <Execution id="df3514c2-1871-4900-8490-a8a477798bb4" />
      <TestMethod codeBase="D:\workplace\github\GameSaveCenter\.tmp\r20-02-cdd28fd2\bin\GameSaveCenter.Playnite.Tests\Release\net472\GameSaveCenter.Playnite.Tests.dll" adapterTypeName="executor://xunit/VsTestRunner3/netfx/" className="GameSaveCenter.Playnite.Tests.OverviewPriorityResolverTests" name="UnrelatedSnapshotChangesDoNotMakeTheSamePriorityJump" />
    </UnitTest>
    <UnitTest name="GameSaveCenter.Playnite.Tests.OverviewPriorityResolverTests.HealthyStateUsesRefreshInsteadOfAWarningAction" storage="d:\workplace\github\gamesavecenter\.tmp\r20-02-cdd28fd2\bin\gamesavecenter.playnite.tests\release\net472\gamesavecenter.playnite.tests.dll" id="2f05a3a4-3db5-7448-1017-2cc604fd0d3b">
      <Execution id="6264a6d5-748e-4292-98d4-7022069695ae" />
      <TestMethod codeBase="D:\workplace\github\GameSaveCenter\.tmp\r20-02-cdd28fd2\bin\GameSaveCenter.Playnite.Tests\Release\net472\GameSaveCenter.Playnite.Tests.dll" adapterTypeName="executor://xunit/VsTestRunner3/netfx/" className="GameSaveCenter.Playnite.Tests.OverviewPriorityResolverTests" name="HealthyStateUsesRefreshInsteadOfAWarningAction" />
    </UnitTest>
    <UnitTest name="GameSaveCenter.Playnite.Tests.OverviewPriorityResolverTests.UnmatchedGamesUseTheExistingPickerRouteBeforeBackupableGames" storage="d:\workplace\github\gamesavecenter\.tmp\r20-02-cdd28fd2\bin\gamesavecenter.playnite.tests\release\net472\gamesavecenter.playnite.tests.dll" id="39a22240-c231-274b-e27e-4f01c91d7055">
      <Execution id="b56fdfba-aace-484f-9220-507b2256a463" />
      <TestMethod codeBase="D:\workplace\github\GameSaveCenter\.tmp\r20-02-cdd28fd2\bin\GameSaveCenter.Playnite.Tests\Release\net472\GameSaveCenter.Playnite.Tests.dll" adapterTypeName="executor://xunit/VsTestRunner3/netfx/" className="GameSaveCenter.Playnite.Tests.OverviewPriorityResolverTests" name="UnmatchedGamesUseTheExistingPickerRouteBeforeBackupableGames" />
    </UnitTest>
    <UnitTest name="GameSaveCenter.Playnite.Tests.OverviewPriorityResolverTests.EmptyLibraryIsExplicitInsteadOfBeingReportedAsHealthy" storage="d:\workplace\github\gamesavecenter\.tmp\r20-02-cdd28fd2\bin\gamesavecenter.playnite.tests\release\net472\gamesavecenter.playnite.tests.dll" id="85fa235a-0298-fe7e-14ea-05a1f235c376">
      <Execution id="0cca0b74-9d04-41fa-a80f-201c8aa042f7" />
      <TestMethod codeBase="D:\workplace\github\GameSaveCenter\.tmp\r20-02-cdd28fd2\bin\GameSaveCenter.Playnite.Tests\Release\net472\GameSaveCenter.Playnite.Tests.dll" adapterTypeName="executor://xunit/VsTestRunner3/netfx/" className="GameSaveCenter.Playnite.Tests.OverviewPriorityResolverTests" name="EmptyLibraryIsExplicitInsteadOfBeingReportedAsHealthy" />
    </UnitTest>
    <UnitTest name="GameSaveCenter.Playnite.Tests.OverviewPriorityResolverTests.CloudAttentionBecomesTheNextActionAfterOnboarding" storage="d:\workplace\github\gamesavecenter\.tmp\r20-02-cdd28fd2\bin\gamesavecenter.playnite.tests\release\net472\gamesavecenter.playnite.tests.dll" id="85094e6c-1abb-2227-c30a-3604e720f015">
      <Execution id="c519de72-c4dd-4317-9dd2-c7b622a2f8c6" />
      <TestMethod codeBase="D:\workplace\github\GameSaveCenter\.tmp\r20-02-cdd28fd2\bin\GameSaveCenter.Playnite.Tests\Release\net472\GameSaveCenter.Playnite.Tests.dll" adapterTypeName="executor://xunit/VsTestRunner3/netfx/" className="GameSaveCenter.Playnite.Tests.OverviewPriorityResolverTests" name="CloudAttentionBecomesTheNextActionAfterOnboarding" />
    </UnitTest>
    <UnitTest name="GameSaveCenter.Playnite.Tests.OverviewPriorityResolverTests.PriorityCopyAlwaysExplainsTheStateAndTheNextAction" storage="d:\workplace\github\gamesavecenter\.tmp\r20-02-cdd28fd2\bin\gamesavecenter.playnite.tests\release\net472\gamesavecenter.playnite.tests.dll" id="70a01ec6-5592-4af8-dad6-ba5c6954ccd7">
      <Execution id="a72f59de-6029-43bb-af28-272849bf7595" />
      <TestMethod codeBase="D:\workplace\github\GameSaveCenter\.tmp\r20-02-cdd28fd2\bin\GameSaveCenter.Playnite.Tests\Release\net472\GameSaveCenter.Playnite.Tests.dll" adapterTypeName="executor://xunit/VsTestRunner3/netfx/" className="GameSaveCenter.Playnite.Tests.OverviewPriorityResolverTests" name="PriorityCopyAlwaysExplainsTheStateAndTheNextAction" />
    </UnitTest>
  </TestDefinitions>
  <TestEntries>
    <TestEntry testId="cc2fde98-b8b7-7a24-4ca6-f5872adc00cb" executionId="53b55d16-6e8a-4a5c-9fa4-4027870c946c" testListId="8c84fa94-04c1-424b-9868-57a2d4851a1d" />
    <TestEntry testId="8c8c7ea5-a94c-8c5f-6cdb-f13586415183" executionId="6be7f38d-308f-4e05-a756-3cf5de128868" testListId="8c84fa94-04c1-424b-9868-57a2d4851a1d" />
    <TestEntry testId="8678a9dd-08ee-9c91-d186-5312e2f556ac" executionId="514af605-4f84-49e9-a379-074dfbedca34" testListId="8c84fa94-04c1-424b-9868-57a2d4851a1d" />
    <TestEntry testId="f76b25d6-3bd0-b6e9-20da-b7c948c7aea2" executionId="be0f1098-fabd-458a-a945-7a1d79103ebb" testListId="8c84fa94-04c1-424b-9868-57a2d4851a1d" />
    <TestEntry testId="85094e6c-1abb-2227-c30a-3604e720f015" executionId="c519de72-c4dd-4317-9dd2-c7b622a2f8c6" testListId="8c84fa94-04c1-424b-9868-57a2d4851a1d" />
    <TestEntry testId="85fa235a-0298-fe7e-14ea-05a1f235c376" executionId="0cca0b74-9d04-41fa-a80f-201c8aa042f7" testListId="8c84fa94-04c1-424b-9868-57a2d4851a1d" />
    <TestEntry testId="c129e896-9a88-5a30-8d52-4b17231878c1" executionId="75c9c650-ae57-4a93-afb2-17a912351396" testListId="8c84fa94-04c1-424b-9868-57a2d4851a1d" />
    <TestEntry testId="39a22240-c231-274b-e27e-4f01c91d7055" executionId="b56fdfba-aace-484f-9220-507b2256a463" testListId="8c84fa94-04c1-424b-9868-57a2d4851a1d" />
    <TestEntry testId="70a01ec6-5592-4af8-dad6-ba5c6954ccd7" executionId="a72f59de-6029-43bb-af28-272849bf7595" testListId="8c84fa94-04c1-424b-9868-57a2d4851a1d" />
    <TestEntry testId="c947d5c8-bcf1-f190-1590-9d7e890207e7" executionId="c5367ba2-7d32-4869-82c6-d8095b37a314" testListId="8c84fa94-04c1-424b-9868-57a2d4851a1d" />
    <TestEntry testId="cd999f8f-01b3-e3c8-6e70-82a9a926851e" executionId="df3514c2-1871-4900-8490-a8a477798bb4" testListId="8c84fa94-04c1-424b-9868-57a2d4851a1d" />
    <TestEntry testId="2f05a3a4-3db5-7448-1017-2cc604fd0d3b" executionId="6264a6d5-748e-4292-98d4-7022069695ae" testListId="8c84fa94-04c1-424b-9868-57a2d4851a1d" />
    <TestEntry testId="6b8290b8-1e12-4536-abef-54e5ddf99ed9" executionId="b2d7c3dc-eb42-4d3c-a8c2-10a83bac164f" testListId="8c84fa94-04c1-424b-9868-57a2d4851a1d" />
    <TestEntry testId="2f202e2b-cafc-a929-8443-93a7c99888a5" executionId="a01f27a3-ad62-4d4a-8ffb-56662493fac6" testListId="8c84fa94-04c1-424b-9868-57a2d4851a1d" />
    <TestEntry testId="730e78ca-acac-2f66-e97f-a27a90ae824f" executionId="7ba20c2c-4fa0-4b6e-90f5-20e70b2d1cea" testListId="8c84fa94-04c1-424b-9868-57a2d4851a1d" />
  </TestEntries>
  <TestLists>
    <TestList name="列表中未列出的结果" id="8c84fa94-04c1-424b-9868-57a2d4851a1d" />
    <TestList name="所有已加载的结果" id="19431567-8539-422a-85d7-44ee4e166bda" />
  </TestLists>
  <ResultSummary outcome="Completed">
    <Counters total="15" executed="15" passed="15" failed="0" error="0" timeout="0" aborted="0" inconclusive="0" passedButRunAborted="0" notRunnable="0" notExecuted="0" disconnected="0" warning="0" completed="0" inProgress="0" pending="0" />
    <Output>
      <StdOut>[xUnit.net 00:00:00.00] xUnit.net VSTest Adapter v3.1.4+50e68bbb8b (64-bit .NET Framework 4.8.9181.0)&#xD;
[xUnit.net 00:00:00.48]   Discovering: GameSaveCenter.Playnite.Tests&#xD;
[xUnit.net 00:00:02.88]   Discovered:  GameSaveCenter.Playnite.Tests&#xD;
[xUnit.net 00:00:02.95]   Starting:    GameSaveCenter.Playnite.Tests&#xD;
[xUnit.net 00:00:03.28]   Finished:    GameSaveCenter.Playnite.Tests&#xD;
</StdOut>
    </Output>
  </ResultSummary>
</TestRun>