<?xml version="1.0" encoding="utf-8"?>
<TestRun id="d9f3d234-251a-4696-a00e-47fed6022ecb" name="lopmatu@SULT 2026-09-24 14:08:39" runUser="Sult\lopmatu" xmlns="http://microsoft.com/schemas/VisualStudio/TeamTest/2010">
  <Times creation="2026-09-24T14:08:39.1235074+08:00" queuing="2026-09-24T14:08:39.1235079+08:00" start="2026-09-24T14:08:30.9608378+08:00" finish="2026-09-24T14:09:02.4763960+08:00" />
  <TestSettings name="default" id="c174ce03-a612-42a9-8825-afd7d44db7c4">
    <Deployment runDeploymentRoot="lopmatu_SULT_2026-09-24_14_08_39" />
  </TestSettings>
  <Results>
    <UnitTestResult executionId="009029ab-09c5-42c2-ad8d-8f1fbf331fde" testId="92dca8d8-017c-0ca1-5bd7-bf82b0104435" testName="GameSaveCenter.Playnite.Tests.ReportedWorkspaceLayoutBehaviorTests.FailedTaskStatusStaysInItsCellAcrossRecyclingWithoutAFullRowFrame(theme: Light)" computerName="SULT" duration="00:00:00.4040000" startTime="2026-09-24T14:08:46.4150950+08:00" endTime="2026-09-24T14:08:46.8181881+08:00" testType="13cdc9d9-ddb5-4fa4-a97d-d965ccfc6d4b" outcome="Passed" testListId="8c84fa94-04c1-424b-9868-57a2d4851a1d" relativeResultsDirectory="009029ab-09c5-42c2-ad8d-8f1fbf331fde">
      <Output>
        <StdOut>Light Task grid: initial/recycled rows=13/14, far row reached=True, failed rows checked=7, error-presentation mismatches=0, row chrome position error=0 DIP, row-height spread=0 DIP, theme=Light, grid=1693.33×644.67, visible=True, loaded=True, visibility=Visible, items=2400, virtualized=True</StdOut>
      </Output>
    </UnitTestResult>
    <UnitTestResult executionId="3f0a0110-3678-488d-b22d-9a6dd869cae6" testId="518e3f14-882c-6541-6ec8-46c20a796276" testName="GameSaveCenter.Playnite.Tests.ReportedWorkspaceLayoutBehaviorTests.WindowedSaveHistoryDoesNotExpandTheSummaryCardAroundItsActions(theme: Dark)" computerName="SULT" duration="00:00:01.1340000" startTime="2026-09-24T14:08:39.7592529+08:00" endTime="2026-09-24T14:08:40.8881510+08:00" testType="13cdc9d9-ddb5-4fa4-a97d-d965ccfc6d4b" outcome="Passed" testListId="8c84fa94-04c1-424b-9868-57a2d4851a1d" relativeResultsDirectory="3f0a0110-3678-488d-b22d-9a6dd869cae6">
      <Output>
        <StdOut>Dark Save history: summary=1010×442, content=987.33×377.33, actions=987.33×36@row1, selected=True, inspector=Visible/360×836; wideRow=0, windowedAgainRow=1, action/content gap=10 DIP, trailing whitespace=9.33 DIP</StdOut>
      </Output>
    </UnitTestResult>
    <UnitTestResult executionId="d99e057d-506a-462c-aa08-e81d8e4b1493" testId="fbe44cf9-75c2-f417-0c33-fc05b6e170df" testName="GameSaveCenter.Playnite.Tests.ReportedWorkspaceLayoutBehaviorTests.FailedTaskStatusStaysInItsCellAcrossRecyclingWithoutAFullRowFrame(theme: Dark)" computerName="SULT" duration="00:00:00.4600000" startTime="2026-09-24T14:08:45.9561879+08:00" endTime="2026-09-24T14:08:46.4130946+08:00" testType="13cdc9d9-ddb5-4fa4-a97d-d965ccfc6d4b" outcome="Passed" testListId="8c84fa94-04c1-424b-9868-57a2d4851a1d" relativeResultsDirectory="d99e057d-506a-462c-aa08-e81d8e4b1493">
      <Output>
        <StdOut>Dark Task grid: initial/recycled rows=13/14, far row reached=True, failed rows checked=7, error-presentation mismatches=0, row chrome position error=0 DIP, row-height spread=0 DIP, theme=Dark, grid=1693.33×644.67, visible=True, loaded=True, visibility=Visible, items=2400, virtualized=True</StdOut>
      </Output>
    </UnitTestResult>
    <UnitTestResult executionId="7a746844-15c7-4ea9-9975-cc311035d997" testId="173f2a21-7e05-9824-5b3c-9c9b97a322d4" testName="GameSaveCenter.Playnite.Tests.ReportedWorkspaceLayoutBehaviorTests.CompactInboxKeepsBatchButtonsCompactAndTheGridInsideItsFrameRow(theme: Dark)" computerName="SULT" duration="00:00:03.8400000" startTime="2026-09-24T14:08:35.2495864+08:00" endTime="2026-09-24T14:08:39.0615364+08:00" testType="13cdc9d9-ddb5-4fa4-a97d-d965ccfc6d4b" outcome="Passed" testListId="8c84fa94-04c1-424b-9868-57a2d4851a1d" relativeResultsDirectory="7a746844-15c7-4ea9-9975-cc311035d997">
      <Output>
        <StdOut>Dark Media Inbox: clear/reset/assign=36/36/36 DIP, mode=36 DIP, centersΔ=0.33/0.33/0.33 DIP, max button=36 DIP, spread=0 DIP, target=71.33 DIP, max centerΔ=0.33 DIP, clear visible=True, grid=360 DIP, grid/footer overlap=0 DIP, internal scrollbar contained=True (bar=140.67..458.67, grid=98.67..458.67, footerTop=468.67, internalOffset=74/74), offset=107.33, extent=672.67, viewport=565.33, footer=373.33..552; loaded=True, visible=True, enabled=True, mode=Auto/Visible, contentScroll=False, bar=74/74, afterScroll=107.33/107.33, barAfter=74</StdOut>
      </Output>
    </UnitTestResult>
    <UnitTestResult executionId="255f37d4-7429-4d6d-966e-6ea3397c14c2" testId="9e3c6f8b-30ab-fe18-71eb-8de17a35559e" testName="GameSaveCenter.Playnite.Tests.ReportedWorkspaceLayoutBehaviorTests.CompactInboxKeepsBatchButtonsCompactAndTheGridInsideItsFrameRow(theme: Light)" computerName="SULT" duration="00:00:00.6930000" startTime="2026-09-24T14:08:39.1016190+08:00" endTime="2026-09-24T14:08:39.7542481+08:00" testType="13cdc9d9-ddb5-4fa4-a97d-d965ccfc6d4b" outcome="Passed" testListId="8c84fa94-04c1-424b-9868-57a2d4851a1d" relativeResultsDirectory="255f37d4-7429-4d6d-966e-6ea3397c14c2">
      <Output>
        <StdOut>Light Media Inbox: clear/reset/assign=36/36/36 DIP, mode=36 DIP, centersΔ=0.33/0.33/0.33 DIP, max button=36 DIP, spread=0 DIP, target=71.33 DIP, max centerΔ=0.33 DIP, clear visible=True, grid=360 DIP, grid/footer overlap=0 DIP, internal scrollbar contained=True (bar=140.67..458.67, grid=98.67..458.67, footerTop=468.67, internalOffset=74/74), offset=107.33, extent=672.67, viewport=565.33, footer=373.33..552; loaded=True, visible=True, enabled=True, mode=Auto/Visible, contentScroll=False, bar=74/74, afterScroll=107.33/107.33, barAfter=74</StdOut>
      </Output>
    </UnitTestResult>
    <UnitTestResult executionId="c093d3ad-0f07-4adc-b45b-ebc72d3d7108" testId="f14d8609-0abd-c6e4-e4de-0cbe507aab27" testName="GameSaveCenter.Playnite.Tests.ReportedWorkspaceLayoutBehaviorTests.WindowedSaveHistoryDoesNotExpandTheSummaryCardAroundItsActions(theme: Light)" computerName="SULT" duration="00:00:01.0420000" startTime="2026-09-24T14:08:40.8901443+08:00" endTime="2026-09-24T14:08:41.9317723+08:00" testType="13cdc9d9-ddb5-4fa4-a97d-d965ccfc6d4b" outcome="Passed" testListId="8c84fa94-04c1-424b-9868-57a2d4851a1d" relativeResultsDirectory="c093d3ad-0f07-4adc-b45b-ebc72d3d7108">
      <Output>
        <StdOut>Light Save history: summary=1010×442, content=987.33×377.33, actions=987.33×36@row1, selected=True, inspector=Visible/360×836; wideRow=0, windowedAgainRow=1, action/content gap=10 DIP, trailing whitespace=9.33 DIP</StdOut>
      </Output>
    </UnitTestResult>
    <UnitTestResult executionId="34c4b341-f949-414e-9585-7d8e8cbf16b6" testId="5b92d484-f6f0-286a-f232-9ef2ecc57b98" testName="GameSaveCenter.Playnite.Tests.ReportedWorkspaceLayoutBehaviorTests.SettingsHeaderAndPathActionsStayAnchoredToTheirLabelsAndEachOther(theme: Dark)" computerName="SULT" duration="00:00:02.0220000" startTime="2026-09-24T14:08:41.9347662+08:00" endTime="2026-09-24T14:08:43.9532503+08:00" testType="13cdc9d9-ddb5-4fa4-a97d-d965ccfc6d4b" outcome="Passed" testListId="8c84fa94-04c1-424b-9868-57a2d4851a1d" relativeResultsDirectory="34c4b341-f949-414e-9585-7d8e8cbf16b6">
      <Output>
        <StdOut>Dark Settings: icon/title topΔ=11.33 DIP, horizontal gap=12 DIP, search/title leftΔ=0 DIP, centered-negative Δ=287.33 DIP, wide shell/search=1360/0 DIP, windowed 1254×800 icon/title topΔ=11.33 DIP, search/title leftΔ=0 DIP, search/icon top gap=72.67 DIP, reset center/height spread=0/0 DIP, search size=520×36 DIP, reset/title leftΔ=0 DIP, reset/search gap=14 DIP, reset controls center/height spread=0/0 DIP (Button=90.67×36 DIP @ 71.33, Button=102.67×36 DIP @ 71.33, ComboBox=260×36 DIP @ 71.33), compact search width/overflow/leftΔ=392/0/0 DIP, save-hint row=1-&gt;0, hint/title topΔ=19.33 DIP, path control center spread=0 DIP, height spread=0 DIP (Button/浏览: 36, Button/校验: 36, Button/打开: 36, Button/复制: 36, ComboBox/combo: 36)</StdOut>
      </Output>
    </UnitTestResult>
    <UnitTestResult executionId="d1e5ea8f-c4d3-4600-8696-a8f2cb3c6890" testId="3e867d51-35ab-df84-be15-7cde1b106a2b" testName="GameSaveCenter.Playnite.Tests.ReportedWorkspaceLayoutBehaviorTests.SettingsHeaderAndPathActionsStayAnchoredToTheirLabelsAndEachOther(theme: Light)" computerName="SULT" duration="00:00:02" startTime="2026-09-24T14:08:43.9562492+08:00" endTime="2026-09-24T14:08:45.9531927+08:00" testType="13cdc9d9-ddb5-4fa4-a97d-d965ccfc6d4b" outcome="Passed" testListId="8c84fa94-04c1-424b-9868-57a2d4851a1d" relativeResultsDirectory="d1e5ea8f-c4d3-4600-8696-a8f2cb3c6890">
      <Output>
        <StdOut>Light Settings: icon/title topΔ=11.33 DIP, horizontal gap=12 DIP, search/title leftΔ=0 DIP, centered-negative Δ=287.33 DIP, wide shell/search=1360/0 DIP, windowed 1254×800 icon/title topΔ=11.33 DIP, search/title leftΔ=0 DIP, search/icon top gap=72.67 DIP, reset center/height spread=0/0 DIP, search size=520×36 DIP, reset/title leftΔ=0 DIP, reset/search gap=14 DIP, reset controls center/height spread=0/0 DIP (Button=90.67×36 DIP @ 71.33, Button=102.67×36 DIP @ 71.33, ComboBox=260×36 DIP @ 71.33), compact search width/overflow/leftΔ=392/0/0 DIP, save-hint row=1-&gt;0, hint/title topΔ=19.33 DIP, path control center spread=0 DIP, height spread=0 DIP (Button/浏览: 36, Button/校验: 36, Button/打开: 36, Button/复制: 36, ComboBox/combo: 36)</StdOut>
      </Output>
    </UnitTestResult>
  </Results>
  <TestDefinitions>
    <UnitTest name="GameSaveCenter.Playnite.Tests.ReportedWorkspaceLayoutBehaviorTests.WindowedSaveHistoryDoesNotExpandTheSummaryCardAroundItsActions(theme: Light)" storage="d:\workplace\github\gamesavecenter\.tmp\r20-02-cdd28fd2\bin\gamesavecenter.playnite.tests\release\net472\gamesavecenter.playnite.tests.dll" id="f14d8609-0abd-c6e4-e4de-0cbe507aab27">
      <Execution id="c093d3ad-0f07-4adc-b45b-ebc72d3d7108" />
      <TestMethod codeBase="D:\workplace\github\GameSaveCenter\.tmp\r20-02-cdd28fd2\bin\GameSaveCenter.Playnite.Tests\Release\net472\GameSaveCenter.Playnite.Tests.dll" adapterTypeName="executor://xunit/VsTestRunner3/netfx/" className="GameSaveCenter.Playnite.Tests.ReportedWorkspaceLayoutBehaviorTests" name="WindowedSaveHistoryDoesNotExpandTheSummaryCardAroundItsActions" />
    </UnitTest>
    <UnitTest name="GameSaveCenter.Playnite.Tests.ReportedWorkspaceLayoutBehaviorTests.CompactInboxKeepsBatchButtonsCompactAndTheGridInsideItsFrameRow(theme: Light)" storage="d:\workplace\github\gamesavecenter\.tmp\r20-02-cdd28fd2\bin\gamesavecenter.playnite.tests\release\net472\gamesavecenter.playnite.tests.dll" id="9e3c6f8b-30ab-fe18-71eb-8de17a35559e">
      <Execution id="255f37d4-7429-4d6d-966e-6ea3397c14c2" />
      <TestMethod codeBase="D:\workplace\github\GameSaveCenter\.tmp\r20-02-cdd28fd2\bin\GameSaveCenter.Playnite.Tests\Release\net472\GameSaveCenter.Playnite.Tests.dll" adapterTypeName="executor://xunit/VsTestRunner3/netfx/" className="GameSaveCenter.Playnite.Tests.ReportedWorkspaceLayoutBehaviorTests" name="CompactInboxKeepsBatchButtonsCompactAndTheGridInsideItsFrameRow" />
    </UnitTest>
    <UnitTest name="GameSaveCenter.Playnite.Tests.ReportedWorkspaceLayoutBehaviorTests.SettingsHeaderAndPathActionsStayAnchoredToTheirLabelsAndEachOther(theme: Dark)" storage="d:\workplace\github\gamesavecenter\.tmp\r20-02-cdd28fd2\bin\gamesavecenter.playnite.tests\release\net472\gamesavecenter.playnite.tests.dll" id="5b92d484-f6f0-286a-f232-9ef2ecc57b98">
      <Execution id="34c4b341-f949-414e-9585-7d8e8cbf16b6" />
      <TestMethod codeBase="D:\workplace\github\GameSaveCenter\.tmp\r20-02-cdd28fd2\bin\GameSaveCenter.Playnite.Tests\Release\net472\GameSaveCenter.Playnite.Tests.dll" adapterTypeName="executor://xunit/VsTestRunner3/netfx/" className="GameSaveCenter.Playnite.Tests.ReportedWorkspaceLayoutBehaviorTests" name="SettingsHeaderAndPathActionsStayAnchoredToTheirLabelsAndEachOther" />
    </UnitTest>
    <UnitTest name="GameSaveCenter.Playnite.Tests.ReportedWorkspaceLayoutBehaviorTests.SettingsHeaderAndPathActionsStayAnchoredToTheirLabelsAndEachOther(theme: Light)" storage="d:\workplace\github\gamesavecenter\.tmp\r20-02-cdd28fd2\bin\gamesavecenter.playnite.tests\release\net472\gamesavecenter.playnite.tests.dll" id="3e867d51-35ab-df84-be15-7cde1b106a2b">
      <Execution id="d1e5ea8f-c4d3-4600-8696-a8f2cb3c6890" />
      <TestMethod codeBase="D:\workplace\github\GameSaveCenter\.tmp\r20-02-cdd28fd2\bin\GameSaveCenter.Playnite.Tests\Release\net472\GameSaveCenter.Playnite.Tests.dll" adapterTypeName="executor://xunit/VsTestRunner3/netfx/" className="GameSaveCenter.Playnite.Tests.ReportedWorkspaceLayoutBehaviorTests" name="SettingsHeaderAndPathActionsStayAnchoredToTheirLabelsAndEachOther" />
    </UnitTest>
    <UnitTest name="GameSaveCenter.Playnite.Tests.ReportedWorkspaceLayoutBehaviorTests.WindowedSaveHistoryDoesNotExpandTheSummaryCardAroundItsActions(theme: Dark)" storage="d:\workplace\github\gamesavecenter\.tmp\r20-02-cdd28fd2\bin\gamesavecenter.playnite.tests\release\net472\gamesavecenter.playnite.tests.dll" id="518e3f14-882c-6541-6ec8-46c20a796276">
      <Execution id="3f0a0110-3678-488d-b22d-9a6dd869cae6" />
      <TestMethod codeBase="D:\workplace\github\GameSaveCenter\.tmp\r20-02-cdd28fd2\bin\GameSaveCenter.Playnite.Tests\Release\net472\GameSaveCenter.Playnite.Tests.dll" adapterTypeName="executor://xunit/VsTestRunner3/netfx/" className="GameSaveCenter.Playnite.Tests.ReportedWorkspaceLayoutBehaviorTests" name="WindowedSaveHistoryDoesNotExpandTheSummaryCardAroundItsActions" />
    </UnitTest>
    <UnitTest name="GameSaveCenter.Playnite.Tests.ReportedWorkspaceLayoutBehaviorTests.CompactInboxKeepsBatchButtonsCompactAndTheGridInsideItsFrameRow(theme: Dark)" storage="d:\workplace\github\gamesavecenter\.tmp\r20-02-cdd28fd2\bin\gamesavecenter.playnite.tests\release\net472\gamesavecenter.playnite.tests.dll" id="173f2a21-7e05-9824-5b3c-9c9b97a322d4">
      <Execution id="7a746844-15c7-4ea9-9975-cc311035d997" />
      <TestMethod codeBase="D:\workplace\github\GameSaveCenter\.tmp\r20-02-cdd28fd2\bin\GameSaveCenter.Playnite.Tests\Release\net472\GameSaveCenter.Playnite.Tests.dll" adapterTypeName="executor://xunit/VsTestRunner3/netfx/" className="GameSaveCenter.Playnite.Tests.ReportedWorkspaceLayoutBehaviorTests" name="CompactInboxKeepsBatchButtonsCompactAndTheGridInsideItsFrameRow" />
    </UnitTest>
    <UnitTest name="GameSaveCenter.Playnite.Tests.ReportedWorkspaceLayoutBehaviorTests.FailedTaskStatusStaysInItsCellAcrossRecyclingWithoutAFullRowFrame(theme: Light)" storage="d:\workplace\github\gamesavecenter\.tmp\r20-02-cdd28fd2\bin\gamesavecenter.playnite.tests\release\net472\gamesavecenter.playnite.tests.dll" id="92dca8d8-017c-0ca1-5bd7-bf82b0104435">
      <Execution id="009029ab-09c5-42c2-ad8d-8f1fbf331fde" />
      <TestMethod codeBase="D:\workplace\github\GameSaveCenter\.tmp\r20-02-cdd28fd2\bin\GameSaveCenter.Playnite.Tests\Release\net472\GameSaveCenter.Playnite.Tests.dll" adapterTypeName="executor://xunit/VsTestRunner3/netfx/" className="GameSaveCenter.Playnite.Tests.ReportedWorkspaceLayoutBehaviorTests" name="FailedTaskStatusStaysInItsCellAcrossRecyclingWithoutAFullRowFrame" />
    </UnitTest>
    <UnitTest name="GameSaveCenter.Playnite.Tests.ReportedWorkspaceLayoutBehaviorTests.FailedTaskStatusStaysInItsCellAcrossRecyclingWithoutAFullRowFrame(theme: Dark)" storage="d:\workplace\github\gamesavecenter\.tmp\r20-02-cdd28fd2\bin\gamesavecenter.playnite.tests\release\net472\gamesavecenter.playnite.tests.dll" id="fbe44cf9-75c2-f417-0c33-fc05b6e170df">
      <Execution id="d99e057d-506a-462c-aa08-e81d8e4b1493" />
      <TestMethod codeBase="D:\workplace\github\GameSaveCenter\.tmp\r20-02-cdd28fd2\bin\GameSaveCenter.Playnite.Tests\Release\net472\GameSaveCenter.Playnite.Tests.dll" adapterTypeName="executor://xunit/VsTestRunner3/netfx/" className="GameSaveCenter.Playnite.Tests.ReportedWorkspaceLayoutBehaviorTests" name="FailedTaskStatusStaysInItsCellAcrossRecyclingWithoutAFullRowFrame" />
    </UnitTest>
  </TestDefinitions>
  <TestEntries>
    <TestEntry testId="92dca8d8-017c-0ca1-5bd7-bf82b0104435" executionId="009029ab-09c5-42c2-ad8d-8f1fbf331fde" testListId="8c84fa94-04c1-424b-9868-57a2d4851a1d" />
    <TestEntry testId="518e3f14-882c-6541-6ec8-46c20a796276" executionId="3f0a0110-3678-488d-b22d-9a6dd869cae6" testListId="8c84fa94-04c1-424b-9868-57a2d4851a1d" />
    <TestEntry testId="fbe44cf9-75c2-f417-0c33-fc05b6e170df" executionId="d99e057d-506a-462c-aa08-e81d8e4b1493" testListId="8c84fa94-04c1-424b-9868-57a2d4851a1d" />
    <TestEntry testId="173f2a21-7e05-9824-5b3c-9c9b97a322d4" executionId="7a746844-15c7-4ea9-9975-cc311035d997" testListId="8c84fa94-04c1-424b-9868-57a2d4851a1d" />
    <TestEntry testId="9e3c6f8b-30ab-fe18-71eb-8de17a35559e" executionId="255f37d4-7429-4d6d-966e-6ea3397c14c2" testListId="8c84fa94-04c1-424b-9868-57a2d4851a1d" />
    <TestEntry testId="f14d8609-0abd-c6e4-e4de-0cbe507aab27" executionId="c093d3ad-0f07-4adc-b45b-ebc72d3d7108" testListId="8c84fa94-04c1-424b-9868-57a2d4851a1d" />
    <TestEntry testId="5b92d484-f6f0-286a-f232-9ef2ecc57b98" executionId="34c4b341-f949-414e-9585-7d8e8cbf16b6" testListId="8c84fa94-04c1-424b-9868-57a2d4851a1d" />
    <TestEntry testId="3e867d51-35ab-df84-be15-7cde1b106a2b" executionId="d1e5ea8f-c4d3-4600-8696-a8f2cb3c6890" testListId="8c84fa94-04c1-424b-9868-57a2d4851a1d" />
  </TestEntries>
  <TestLists>
    <TestList name="列表中未列出的结果" id="8c84fa94-04c1-424b-9868-57a2d4851a1d" />
    <TestList name="所有已加载的结果" id="19431567-8539-422a-85d7-44ee4e166bda" />
  </TestLists>
  <ResultSummary outcome="Completed">
    <Counters total="8" executed="8" passed="8" failed="0" error="0" timeout="0" aborted="0" inconclusive="0" passedButRunAborted="0" notRunnable="0" notExecuted="0" disconnected="0" warning="0" completed="0" inProgress="0" pending="0" />
    <Output>
      <StdOut>[xUnit.net 00:00:00.00] xUnit.net VSTest Adapter v3.1.4+50e68bbb8b (64-bit .NET Framework 4.8.9181.0)&#xD;
[xUnit.net 00:00:00.45]   Discovering: GameSaveCenter.Playnite.Tests&#xD;
[xUnit.net 00:00:02.91]   Discovered:  GameSaveCenter.Playnite.Tests&#xD;
[xUnit.net 00:00:02.99]   Starting:    GameSaveCenter.Playnite.Tests&#xD;
[xUnit.net 00:00:14.69]   Finished:    GameSaveCenter.Playnite.Tests&#xD;
</StdOut>
    </Output>
  </ResultSummary>
</TestRun>