<?xml version="1.0" encoding="utf-8"?>
<TestRun id="514a0a76-ff26-4866-9d11-913b3b565e7b" name="lopmatu@SULT 2026-09-24 15:18:34" runUser="Sult\lopmatu" xmlns="http://microsoft.com/schemas/VisualStudio/TeamTest/2010">
  <Times creation="2026-09-24T15:18:34.4777809+08:00" queuing="2026-09-24T15:18:34.4777814+08:00" start="2026-09-24T15:18:28.4616085+08:00" finish="2026-09-24T15:18:52.0736589+08:00" />
  <TestSettings name="default" id="680e8f75-c642-44e7-9271-3c44e9989cc2">
    <Deployment runDeploymentRoot="lopmatu_SULT_2026-09-24_15_18_34" />
  </TestSettings>
  <Results>
    <UnitTestResult executionId="1be546d9-6b74-4497-bf9b-40c7a181b7f1" testId="00806e1a-a787-8811-9e5e-07e4d2c91c6a" testName="GameSaveCenter.Playnite.Tests.R06SelectionStateBehaviorTests.SharedStateContractLeavesCellContentSurfaceForStatusBadges" computerName="SULT" duration="00:00:00.1540000" startTime="2026-09-24T15:18:32.9439140+08:00" endTime="2026-09-24T15:18:33.0707885+08:00" testType="13cdc9d9-ddb5-4fa4-a97d-d965ccfc6d4b" outcome="Passed" testListId="8c84fa94-04c1-424b-9868-57a2d4851a1d" relativeResultsDirectory="1be546d9-6b74-4497-bf9b-40c7a181b7f1" />
    <UnitTestResult executionId="f6bcbc64-6966-40b7-8232-a59dbdf7f7ee" testId="2221419a-cc52-56e4-177c-85ae5608fef1" testName="GameSaveCenter.Playnite.Tests.R06SelectionStateBehaviorTests.ProductionRowsKeepFailureInItsStatusCellWithoutReplacingSelectionChrome" computerName="SULT" duration="00:00:03.5030000" startTime="2026-09-24T15:18:33.0947839+08:00" endTime="2026-09-24T15:18:36.5736848+08:00" testType="13cdc9d9-ddb5-4fa4-a97d-d965ccfc6d4b" outcome="Passed" testListId="8c84fa94-04c1-424b-9868-57a2d4851a1d" relativeResultsDirectory="f6bcbc64-6966-40b7-8232-a59dbdf7f7ee" />
  </Results>
  <TestDefinitions>
    <UnitTest name="GameSaveCenter.Playnite.Tests.R06SelectionStateBehaviorTests.SharedStateContractLeavesCellContentSurfaceForStatusBadges" storage="d:\workplace\github\gamesavecenter\.tmp\rowchrome\bin\gamesavecenter.playnite.tests\release\net472\gamesavecenter.playnite.tests.dll" id="00806e1a-a787-8811-9e5e-07e4d2c91c6a">
      <Execution id="1be546d9-6b74-4497-bf9b-40c7a181b7f1" />
      <TestMethod codeBase="D:\workplace\github\GameSaveCenter\.tmp\rowchrome\bin\GameSaveCenter.Playnite.Tests\Release\net472\GameSaveCenter.Playnite.Tests.dll" adapterTypeName="executor://xunit/VsTestRunner3/netfx/" className="GameSaveCenter.Playnite.Tests.R06SelectionStateBehaviorTests" name="SharedStateContractLeavesCellContentSurfaceForStatusBadges" />
    </UnitTest>
    <UnitTest name="GameSaveCenter.Playnite.Tests.R06SelectionStateBehaviorTests.ProductionRowsKeepFailureInItsStatusCellWithoutReplacingSelectionChrome" storage="d:\workplace\github\gamesavecenter\.tmp\rowchrome\bin\gamesavecenter.playnite.tests\release\net472\gamesavecenter.playnite.tests.dll" id="2221419a-cc52-56e4-177c-85ae5608fef1">
      <Execution id="f6bcbc64-6966-40b7-8232-a59dbdf7f7ee" />
      <TestMethod codeBase="D:\workplace\github\GameSaveCenter\.tmp\rowchrome\bin\GameSaveCenter.Playnite.Tests\Release\net472\GameSaveCenter.Playnite.Tests.dll" adapterTypeName="executor://xunit/VsTestRunner3/netfx/" className="GameSaveCenter.Playnite.Tests.R06SelectionStateBehaviorTests" name="ProductionRowsKeepFailureInItsStatusCellWithoutReplacingSelectionChrome" />
    </UnitTest>
  </TestDefinitions>
  <TestEntries>
    <TestEntry testId="00806e1a-a787-8811-9e5e-07e4d2c91c6a" executionId="1be546d9-6b74-4497-bf9b-40c7a181b7f1" testListId="8c84fa94-04c1-424b-9868-57a2d4851a1d" />
    <TestEntry testId="2221419a-cc52-56e4-177c-85ae5608fef1" executionId="f6bcbc64-6966-40b7-8232-a59dbdf7f7ee" testListId="8c84fa94-04c1-424b-9868-57a2d4851a1d" />
  </TestEntries>
  <TestLists>
    <TestList name="列表中未列出的结果" id="8c84fa94-04c1-424b-9868-57a2d4851a1d" />
    <TestList name="所有已加载的结果" id="19431567-8539-422a-85d7-44ee4e166bda" />
  </TestLists>
  <ResultSummary outcome="Completed">
    <Counters total="2" executed="2" passed="2" failed="0" error="0" timeout="0" aborted="0" inconclusive="0" passedButRunAborted="0" notRunnable="0" notExecuted="0" disconnected="0" warning="0" completed="0" inProgress="0" pending="0" />
    <Output>
      <StdOut>[xUnit.net 00:00:00.00] xUnit.net VSTest Adapter v3.1.4+50e68bbb8b (64-bit .NET Framework 4.8.9181.0)&#xD;
[xUnit.net 00:00:00.59]   Discovering: GameSaveCenter.Playnite.Tests&#xD;
[xUnit.net 00:00:03.04]   Discovered:  GameSaveCenter.Playnite.Tests&#xD;
[xUnit.net 00:00:03.13]   Starting:    GameSaveCenter.Playnite.Tests&#xD;
[xUnit.net 00:00:06.88]   Finished:    GameSaveCenter.Playnite.Tests&#xD;
</StdOut>
    </Output>
  </ResultSummary>
</TestRun>