<?xml version="1.0" encoding="utf-8"?>
<TestRun id="6ad3c9ee-8f66-4674-9145-a55ae75f1aaa" name="lopmatu@SULT 2026-09-24 02:33:41" runUser="Sult\lopmatu" xmlns="http://microsoft.com/schemas/VisualStudio/TeamTest/2010">
  <Times creation="2026-09-24T02:33:41.8213461+08:00" queuing="2026-09-24T02:33:41.8213463+08:00" start="2026-09-24T02:33:31.9884661+08:00" finish="2026-09-24T02:33:56.7335435+08:00" />
  <TestSettings name="default" id="409277b2-59a8-44c6-9f3f-bb7750561c1a">
    <Deployment runDeploymentRoot="lopmatu_SULT_2026-09-24_02_33_41" />
  </TestSettings>
  <Results>
    <UnitTestResult executionId="bf994649-0204-4bb1-9461-021c07bd68c2" testId="2dc509a4-e96e-9c04-7597-b062f8424252" testName="GameSaveCenter.Playnite.Tests.R18TableContainerBudgetTests.ProductionTablesStayViewportBoundedAcrossLargeSyntheticDatasets" computerName="SULT" duration="00:00:04.9200000" startTime="2026-09-24T02:33:35.7746416+08:00" endTime="2026-09-24T02:33:40.6808869+08:00" testType="13cdc9d9-ddb5-4fa4-a97d-d965ccfc6d4b" outcome="Passed" testListId="8c84fa94-04c1-424b-9868-57a2d4851a1d" relativeResultsDirectory="bf994649-0204-4bb1-9461-021c07bd68c2">
      <Output>
        <StdOut>R18-04 Task backend=2000 ui=2000 mode=Recycling unit=Item canContentScroll=True columnVirtualization=True viewportRows=7 maxRealized=9 maxVisible=7 rowsPanelVirtualizing=True rowsPanelChildren=9 scrollable=1994 p95_ms=59.837 max_ms=59.837 scroll_ms=3.116,59.837,18.026,26.183,11.069,13.662,23.744,16.794&#xD;
R18-04 Media-Inbox backend=2000 ui=2000 mode=Standard unit=Item canContentScroll=True columnVirtualization=False viewportRows=7 maxRealized=7 maxVisible=7 rowsPanelVirtualizing=True rowsPanelChildren=7 scrollable=1994 p95_ms=0.089 max_ms=0.089 scroll_ms=0.027,0.023,0.024,0.032,0.028,0.089,0.038,0.04&#xD;
R18-04 Task backend=10000 ui=10000 mode=Recycling unit=Item canContentScroll=True columnVirtualization=True viewportRows=7 maxRealized=9 maxVisible=7 rowsPanelVirtualizing=True rowsPanelChildren=9 scrollable=9994 p95_ms=26.136 max_ms=26.136 scroll_ms=0.547,19.427,14.938,18.804,26.136,18.014,13.514,17.575&#xD;
R18-04 Media-Inbox backend=10000 ui=2000 mode=Standard unit=Item canContentScroll=True columnVirtualization=False viewportRows=7 maxRealized=7 maxVisible=7 rowsPanelVirtualizing=True rowsPanelChildren=7 scrollable=1994 p95_ms=0.031 max_ms=0.031 scroll_ms=0.031,0.027,0.024,0.025,0.024,0.024,0.028,0.024&#xD;
R18-04 Task backend=20000 ui=20000 mode=Recycling unit=Item canContentScroll=True columnVirtualization=True viewportRows=7 maxRealized=9 maxVisible=7 rowsPanelVirtualizing=True rowsPanelChildren=9 scrollable=19994 p95_ms=24.464 max_ms=24.464 scroll_ms=0.433,13.907,14.271,24.464,12.486,15.788,22.701,17.004&#xD;
R18-04 Media-Inbox backend=20000 ui=2000 mode=Standard unit=Item canContentScroll=True columnVirtualization=False viewportRows=7 maxRealized=7 maxVisible=7 rowsPanelVirtualizing=True rowsPanelChildren=7 scrollable=1994 p95_ms=0.026 max_ms=0.026 scroll_ms=0.026,0.019,0.018,0.018,0.017,0.018,0.017,0.02</StdOut>
      </Output>
    </UnitTestResult>
  </Results>
  <TestDefinitions>
    <UnitTest name="GameSaveCenter.Playnite.Tests.R18TableContainerBudgetTests.ProductionTablesStayViewportBoundedAcrossLargeSyntheticDatasets" storage="d:\workplace\github\gamesavecenter\.tmp\build-main-abd7927b\bin\gamesavecenter.playnite.tests\release\net472\gamesavecenter.playnite.tests.dll" id="2dc509a4-e96e-9c04-7597-b062f8424252">
      <Execution id="bf994649-0204-4bb1-9461-021c07bd68c2" />
      <TestMethod codeBase="D:\workplace\github\GameSaveCenter\.tmp\build-main-abd7927b\bin\GameSaveCenter.Playnite.Tests\Release\net472\GameSaveCenter.Playnite.Tests.dll" adapterTypeName="executor://xunit/VsTestRunner3/netfx/" className="GameSaveCenter.Playnite.Tests.R18TableContainerBudgetTests" name="ProductionTablesStayViewportBoundedAcrossLargeSyntheticDatasets" />
    </UnitTest>
  </TestDefinitions>
  <TestEntries>
    <TestEntry testId="2dc509a4-e96e-9c04-7597-b062f8424252" executionId="bf994649-0204-4bb1-9461-021c07bd68c2" testListId="8c84fa94-04c1-424b-9868-57a2d4851a1d" />
  </TestEntries>
  <TestLists>
    <TestList name="列表中未列出的结果" id="8c84fa94-04c1-424b-9868-57a2d4851a1d" />
    <TestList name="所有已加载的结果" id="19431567-8539-422a-85d7-44ee4e166bda" />
  </TestLists>
  <ResultSummary outcome="Completed">
    <Counters total="1" executed="1" passed="1" failed="0" error="0" timeout="0" aborted="0" inconclusive="0" passedButRunAborted="0" notRunnable="0" notExecuted="0" disconnected="0" warning="0" completed="0" inProgress="0" pending="0" />
    <Output>
      <StdOut>[xUnit.net 00:00:00.00] xUnit.net VSTest Adapter v3.1.4+50e68bbb8b (64-bit .NET Framework 4.8.9181.0)&#xD;
[xUnit.net 00:00:00.37]   Discovering: GameSaveCenter.Playnite.Tests&#xD;
[xUnit.net 00:00:02.71]   Discovered:  GameSaveCenter.Playnite.Tests&#xD;
[xUnit.net 00:00:02.77]   Starting:    GameSaveCenter.Playnite.Tests&#xD;
[xUnit.net 00:00:07.76]   Finished:    GameSaveCenter.Playnite.Tests&#xD;
δ���������쳣:  System.Runtime.InteropServices.InvalidComObjectException: COM ����������� RCW �ֿ���Ͳ�����ʹ�á�&#xD;
   �� System.Windows.Documents.TextServicesHost.OnUnregisterTextStore(Object arg)&#xD;
   �� System.Windows.Documents.TextStore.OnDetach(Boolean finalizer)&#xD;
   �� System.Windows.Documents.TextEditor.DetachTextStore(Boolean finalizer)&#xD;
   �� MS.Internal.ShutDownListener.HandleShutDown(Object sender, EventArgs e)&#xD;
δ���������쳣:  System.Runtime.InteropServices.InvalidComObjectException: COM ����������� RCW �ֿ���Ͳ�����ʹ�á�&#xD;
   �� System.Windows.Documents.TextServicesHost.OnUnregisterTextStore(Object arg)&#xD;
   �� System.Windows.Documents.TextStore.OnDetach(Boolean finalizer)&#xD;
   �� System.Windows.Documents.TextEditor.DetachTextStore(Boolean finalizer)&#xD;
   �� MS.Internal.ShutDownListener.HandleShutDown(Object sender, EventArgs e)&#xD;
δ���������쳣:  System.Runtime.InteropServices.InvalidComObjectException: COM ����������� RCW �ֿ���Ͳ�����ʹ�á�&#xD;
   �� System.Windows.Documents.TextServicesHost.OnUnregisterTextStore(Object arg)&#xD;
   �� System.Windows.Documents.TextStore.OnDetach(Boolean finalizer)&#xD;
   �� System.Windows.Documents.TextEditor.DetachTextStore(Boolean finalizer)&#xD;
   �� MS.Internal.ShutDownListener.HandleShutDown(Object sender, EventArgs e)&#xD;
δ���������쳣:  System.Runtime.InteropServices.InvalidComObjectException: COM ����������� RCW �ֿ���Ͳ�����ʹ�á�&#xD;
   �� System.Windows.Documents.TextServicesHost.OnUnregisterTextStore(Object arg)&#xD;
   �� System.Windows.Documents.TextStore.OnDetach(Boolean finalizer)&#xD;
   �� System.Windows.Documents.TextEditor.DetachTextStore(Boolean finalizer)&#xD;
   �� MS.Internal.ShutDownListener.HandleShutDown(Object sender, EventArgs e)&#xD;
δ���������쳣:  System.Runtime.InteropServices.InvalidComObjectException: COM ����������� RCW �ֿ���Ͳ�����ʹ�á�&#xD;
   �� System.Windows.Documents.TextServicesHost.OnUnregisterTextStore(Object arg)&#xD;
   �� System.Windows.Documents.TextStore.OnDetach(Boolean finalizer)&#xD;
   �� System.Windows.Documents.TextEditor.DetachTextStore(Boolean finalizer)&#xD;
   �� MS.Internal.ShutDownListener.HandleShutDown(Object sender, EventArgs e)&#xD;
δ���������쳣:  System.Runtime.InteropServices.InvalidComObjectException: COM ����������� RCW �ֿ���Ͳ�����ʹ�á�&#xD;
   �� System.Windows.Documents.TextServicesHost.OnUnregisterTextStore(Object arg)&#xD;
   �� System.Windows.Documents.TextStore.OnDetach(Boolean finalizer)&#xD;
   �� System.Windows.Documents.TextEditor.DetachTextStore(Boolean finalizer)&#xD;
   �� MS.Internal.ShutDownListener.HandleShutDown(Object sender, EventArgs e)&#xD;
</StdOut>
    </Output>
  </ResultSummary>
</TestRun>