<?xml version="1.0" encoding="utf-8"?>
<TestRun id="e61bb468-392d-4465-a75b-0bbf63a07eea" name="lopmatu@SULT 2026-09-24 11:25:36" runUser="Sult\lopmatu" xmlns="http://microsoft.com/schemas/VisualStudio/TeamTest/2010">
  <Times creation="2026-09-24T11:25:36.2188185+08:00" queuing="2026-09-24T11:25:36.2188188+08:00" start="2026-09-24T11:25:32.0797314+08:00" finish="2026-09-24T11:25:51.9270725+08:00" />
  <TestSettings name="default" id="5708ed39-61f1-4d9d-b58e-7879e926269d">
    <Deployment runDeploymentRoot="lopmatu_SULT_2026-09-24_11_25_36" />
  </TestSettings>
  <Results>
    <UnitTestResult executionId="171ec9fb-e29f-421e-84d3-a93ab70d21fd" testId="c1c07fce-6e7b-38a6-1346-4088b7337ae3" testName="GameSaveCenter.Playnite.Tests.MediaPageAccumulatorTests.BackendScaleKeepsTheMediaWindowBounded(backendCount: 2000, expectedCount: 2000)" computerName="SULT" duration="00:00:00.0030000" startTime="2026-09-24T11:25:36.1634246+08:00" endTime="2026-09-24T11:25:36.1644820+08:00" testType="13cdc9d9-ddb5-4fa4-a97d-d965ccfc6d4b" outcome="Passed" testListId="8c84fa94-04c1-424b-9868-57a2d4851a1d" relativeResultsDirectory="171ec9fb-e29f-421e-84d3-a93ab70d21fd" />
    <UnitTestResult executionId="8820a227-6262-406e-a490-389af0a42197" testId="b2d6f681-716f-24dd-e331-81c1c5777443" testName="GameSaveCenter.Playnite.Tests.MediaPageAccumulatorTests.AppendingOverlappingPageUpdatesByIdWithoutDuplicating" computerName="SULT" duration="00:00:00.0510000" startTime="2026-09-24T11:25:35.9993553+08:00" endTime="2026-09-24T11:25:36.0293554+08:00" testType="13cdc9d9-ddb5-4fa4-a97d-d965ccfc6d4b" outcome="Passed" testListId="8c84fa94-04c1-424b-9868-57a2d4851a1d" relativeResultsDirectory="8820a227-6262-406e-a490-389af0a42197" />
    <UnitTestResult executionId="54dd2129-3ff9-4caa-8b7d-d4e27e9befc4" testId="2c2f2fde-5d55-f23a-3979-c2576e3ac91a" testName="GameSaveCenter.Playnite.Tests.TaskIndexedCollectionTests.Merge_InsertsNewTaskAtTop" computerName="SULT" duration="00:00:00.0120000" startTime="2026-09-24T11:25:36.2027907+08:00" endTime="2026-09-24T11:25:36.2037917+08:00" testType="13cdc9d9-ddb5-4fa4-a97d-d965ccfc6d4b" outcome="Passed" testListId="8c84fa94-04c1-424b-9868-57a2d4851a1d" relativeResultsDirectory="54dd2129-3ff9-4caa-8b7d-d4e27e9befc4" />
    <UnitTestResult executionId="ce11f9f0-36ba-43dc-9eb3-e8d78a9a94ec" testId="f91d6166-0167-81c1-896d-8a230eac7b67" testName="GameSaveCenter.Playnite.Tests.TaskIndexedCollectionTests.Merge_UpdatesExistingRowInPlace" computerName="SULT" duration="00:00:00.0020000" startTime="2026-09-24T11:25:36.1886568+08:00" endTime="2026-09-24T11:25:36.1896536+08:00" testType="13cdc9d9-ddb5-4fa4-a97d-d965ccfc6d4b" outcome="Passed" testListId="8c84fa94-04c1-424b-9868-57a2d4851a1d" relativeResultsDirectory="ce11f9f0-36ba-43dc-9eb3-e8d78a9a94ec" />
    <UnitTestResult executionId="ed514eb5-d860-42b7-95de-79095cabfbf2" testId="3ef7ceba-8058-d148-8f40-e76b3e961792" testName="GameSaveCenter.Playnite.Tests.MediaPageAccumulatorTests.CrossingTheEleventhPageMakesEvictedSelectionExplicitButKeepsPinnedSelection" computerName="SULT" duration="00:00:00.0120000" startTime="2026-09-24T11:25:36.0636153+08:00" endTime="2026-09-24T11:25:36.0656136+08:00" testType="13cdc9d9-ddb5-4fa4-a97d-d965ccfc6d4b" outcome="Passed" testListId="8c84fa94-04c1-424b-9868-57a2d4851a1d" relativeResultsDirectory="ed514eb5-d860-42b7-95de-79095cabfbf2" />
    <UnitTestResult executionId="932e9eb7-6f8b-4e72-8be0-0e6a6c7a145d" testId="f732d226-808e-8675-e89b-9adf89507a67" testName="GameSaveCenter.Playnite.Tests.TaskIndexedCollectionTests.Rebuild_RestoresIndexAfterExternalReplacement" computerName="SULT" duration="00:00:00.0010000" startTime="2026-09-24T11:25:36.1906539+08:00" endTime="2026-09-24T11:25:36.1916539+08:00" testType="13cdc9d9-ddb5-4fa4-a97d-d965ccfc6d4b" outcome="Passed" testListId="8c84fa94-04c1-424b-9868-57a2d4851a1d" relativeResultsDirectory="932e9eb7-6f8b-4e72-8be0-0e6a6c7a145d" />
    <UnitTestResult executionId="100adbe1-0d59-4d40-bd61-7720f1d6f8b2" testId="7b497fa3-fe1d-8341-0691-7414d4ac1080" testName="GameSaveCenter.Playnite.Tests.MediaPageAccumulatorTests.BackendScaleKeepsTheMediaWindowBounded(backendCount: 10000, expectedCount: 2000)" computerName="SULT" duration="00:00:00.0160000" startTime="2026-09-24T11:25:36.1655149+08:00" endTime="2026-09-24T11:25:36.1795149+08:00" testType="13cdc9d9-ddb5-4fa4-a97d-d965ccfc6d4b" outcome="Passed" testListId="8c84fa94-04c1-424b-9868-57a2d4851a1d" relativeResultsDirectory="100adbe1-0d59-4d40-bd61-7720f1d6f8b2" />
    <UnitTestResult executionId="594d40eb-b09b-4381-9948-350636921eec" testId="74fc1003-7dda-1a5a-c142-de253ecbdf64" testName="GameSaveCenter.Playnite.Tests.MediaPageAccumulatorTests.Appending250PagesKeepsBoundedWindowAndSelectedItem" computerName="SULT" duration="00:00:00.1200000" startTime="2026-09-24T11:25:36.0686131+08:00" endTime="2026-09-24T11:25:36.1604280+08:00" testType="13cdc9d9-ddb5-4fa4-a97d-d965ccfc6d4b" outcome="Passed" testListId="8c84fa94-04c1-424b-9868-57a2d4851a1d" relativeResultsDirectory="594d40eb-b09b-4381-9948-350636921eec" />
    <UnitTestResult executionId="509ac56c-c849-4ca4-a7c4-879e0dcd21e3" testId="9964e212-c27e-8cc7-09fd-814c9d612bda" testName="GameSaveCenter.Playnite.Tests.TaskIndexedCollectionTests.Merge_CapsCollectionAtTwoHundredRows" computerName="SULT" duration="00:00:00.0040000" startTime="2026-09-24T11:25:36.1936553+08:00" endTime="2026-09-24T11:25:36.1946581+08:00" testType="13cdc9d9-ddb5-4fa4-a97d-d965ccfc6d4b" outcome="Passed" testListId="8c84fa94-04c1-424b-9868-57a2d4851a1d" relativeResultsDirectory="509ac56c-c849-4ca4-a7c4-879e0dcd21e3" />
    <UnitTestResult executionId="12f4302b-44d2-40e0-9799-0bce39a3c888" testId="1bd0f65b-cc28-b2ba-b9ed-25680fb29c75" testName="GameSaveCenter.Playnite.Tests.MediaPageAccumulatorTests.BackendScaleKeepsTheMediaWindowBounded(backendCount: 200, expectedCount: 200)" computerName="SULT" duration="00:00:00.0010000" startTime="2026-09-24T11:25:36.1815150+08:00" endTime="2026-09-24T11:25:36.1825149+08:00" testType="13cdc9d9-ddb5-4fa4-a97d-d965ccfc6d4b" outcome="Passed" testListId="8c84fa94-04c1-424b-9868-57a2d4851a1d" relativeResultsDirectory="12f4302b-44d2-40e0-9799-0bce39a3c888" />
  </Results>
  <TestDefinitions>
    <UnitTest name="GameSaveCenter.Playnite.Tests.TaskIndexedCollectionTests.Merge_InsertsNewTaskAtTop" storage="d:\workplace\github\gamesavecenter\.tmp\r19b\bin\gamesavecenter.playnite.tests\release\net472\gamesavecenter.playnite.tests.dll" id="2c2f2fde-5d55-f23a-3979-c2576e3ac91a">
      <Execution id="54dd2129-3ff9-4caa-8b7d-d4e27e9befc4" />
      <TestMethod codeBase="D:\workplace\github\GameSaveCenter\.tmp\r19b\bin\GameSaveCenter.Playnite.Tests\Release\net472\GameSaveCenter.Playnite.Tests.dll" adapterTypeName="executor://xunit/VsTestRunner3/netfx/" className="GameSaveCenter.Playnite.Tests.TaskIndexedCollectionTests" name="Merge_InsertsNewTaskAtTop" />
    </UnitTest>
    <UnitTest name="GameSaveCenter.Playnite.Tests.TaskIndexedCollectionTests.Merge_CapsCollectionAtTwoHundredRows" storage="d:\workplace\github\gamesavecenter\.tmp\r19b\bin\gamesavecenter.playnite.tests\release\net472\gamesavecenter.playnite.tests.dll" id="9964e212-c27e-8cc7-09fd-814c9d612bda">
      <Execution id="509ac56c-c849-4ca4-a7c4-879e0dcd21e3" />
      <TestMethod codeBase="D:\workplace\github\GameSaveCenter\.tmp\r19b\bin\GameSaveCenter.Playnite.Tests\Release\net472\GameSaveCenter.Playnite.Tests.dll" adapterTypeName="executor://xunit/VsTestRunner3/netfx/" className="GameSaveCenter.Playnite.Tests.TaskIndexedCollectionTests" name="Merge_CapsCollectionAtTwoHundredRows" />
    </UnitTest>
    <UnitTest name="GameSaveCenter.Playnite.Tests.MediaPageAccumulatorTests.CrossingTheEleventhPageMakesEvictedSelectionExplicitButKeepsPinnedSelection" storage="d:\workplace\github\gamesavecenter\.tmp\r19b\bin\gamesavecenter.playnite.tests\release\net472\gamesavecenter.playnite.tests.dll" id="3ef7ceba-8058-d148-8f40-e76b3e961792">
      <Execution id="ed514eb5-d860-42b7-95de-79095cabfbf2" />
      <TestMethod codeBase="D:\workplace\github\GameSaveCenter\.tmp\r19b\bin\GameSaveCenter.Playnite.Tests\Release\net472\GameSaveCenter.Playnite.Tests.dll" adapterTypeName="executor://xunit/VsTestRunner3/netfx/" className="GameSaveCenter.Playnite.Tests.MediaPageAccumulatorTests" name="CrossingTheEleventhPageMakesEvictedSelectionExplicitButKeepsPinnedSelection" />
    </UnitTest>
    <UnitTest name="GameSaveCenter.Playnite.Tests.MediaPageAccumulatorTests.BackendScaleKeepsTheMediaWindowBounded(backendCount: 200, expectedCount: 200)" storage="d:\workplace\github\gamesavecenter\.tmp\r19b\bin\gamesavecenter.playnite.tests\release\net472\gamesavecenter.playnite.tests.dll" id="1bd0f65b-cc28-b2ba-b9ed-25680fb29c75">
      <Execution id="12f4302b-44d2-40e0-9799-0bce39a3c888" />
      <TestMethod codeBase="D:\workplace\github\GameSaveCenter\.tmp\r19b\bin\GameSaveCenter.Playnite.Tests\Release\net472\GameSaveCenter.Playnite.Tests.dll" adapterTypeName="executor://xunit/VsTestRunner3/netfx/" className="GameSaveCenter.Playnite.Tests.MediaPageAccumulatorTests" name="BackendScaleKeepsTheMediaWindowBounded" />
    </UnitTest>
    <UnitTest name="GameSaveCenter.Playnite.Tests.MediaPageAccumulatorTests.BackendScaleKeepsTheMediaWindowBounded(backendCount: 10000, expectedCount: 2000)" storage="d:\workplace\github\gamesavecenter\.tmp\r19b\bin\gamesavecenter.playnite.tests\release\net472\gamesavecenter.playnite.tests.dll" id="7b497fa3-fe1d-8341-0691-7414d4ac1080">
      <Execution id="100adbe1-0d59-4d40-bd61-7720f1d6f8b2" />
      <TestMethod codeBase="D:\workplace\github\GameSaveCenter\.tmp\r19b\bin\GameSaveCenter.Playnite.Tests\Release\net472\GameSaveCenter.Playnite.Tests.dll" adapterTypeName="executor://xunit/VsTestRunner3/netfx/" className="GameSaveCenter.Playnite.Tests.MediaPageAccumulatorTests" name="BackendScaleKeepsTheMediaWindowBounded" />
    </UnitTest>
    <UnitTest name="GameSaveCenter.Playnite.Tests.MediaPageAccumulatorTests.BackendScaleKeepsTheMediaWindowBounded(backendCount: 2000, expectedCount: 2000)" storage="d:\workplace\github\gamesavecenter\.tmp\r19b\bin\gamesavecenter.playnite.tests\release\net472\gamesavecenter.playnite.tests.dll" id="c1c07fce-6e7b-38a6-1346-4088b7337ae3">
      <Execution id="171ec9fb-e29f-421e-84d3-a93ab70d21fd" />
      <TestMethod codeBase="D:\workplace\github\GameSaveCenter\.tmp\r19b\bin\GameSaveCenter.Playnite.Tests\Release\net472\GameSaveCenter.Playnite.Tests.dll" adapterTypeName="executor://xunit/VsTestRunner3/netfx/" className="GameSaveCenter.Playnite.Tests.MediaPageAccumulatorTests" name="BackendScaleKeepsTheMediaWindowBounded" />
    </UnitTest>
    <UnitTest name="GameSaveCenter.Playnite.Tests.TaskIndexedCollectionTests.Merge_UpdatesExistingRowInPlace" storage="d:\workplace\github\gamesavecenter\.tmp\r19b\bin\gamesavecenter.playnite.tests\release\net472\gamesavecenter.playnite.tests.dll" id="f91d6166-0167-81c1-896d-8a230eac7b67">
      <Execution id="ce11f9f0-36ba-43dc-9eb3-e8d78a9a94ec" />
      <TestMethod codeBase="D:\workplace\github\GameSaveCenter\.tmp\r19b\bin\GameSaveCenter.Playnite.Tests\Release\net472\GameSaveCenter.Playnite.Tests.dll" adapterTypeName="executor://xunit/VsTestRunner3/netfx/" className="GameSaveCenter.Playnite.Tests.TaskIndexedCollectionTests" name="Merge_UpdatesExistingRowInPlace" />
    </UnitTest>
    <UnitTest name="GameSaveCenter.Playnite.Tests.MediaPageAccumulatorTests.Appending250PagesKeepsBoundedWindowAndSelectedItem" storage="d:\workplace\github\gamesavecenter\.tmp\r19b\bin\gamesavecenter.playnite.tests\release\net472\gamesavecenter.playnite.tests.dll" id="74fc1003-7dda-1a5a-c142-de253ecbdf64">
      <Execution id="594d40eb-b09b-4381-9948-350636921eec" />
      <TestMethod codeBase="D:\workplace\github\GameSaveCenter\.tmp\r19b\bin\GameSaveCenter.Playnite.Tests\Release\net472\GameSaveCenter.Playnite.Tests.dll" adapterTypeName="executor://xunit/VsTestRunner3/netfx/" className="GameSaveCenter.Playnite.Tests.MediaPageAccumulatorTests" name="Appending250PagesKeepsBoundedWindowAndSelectedItem" />
    </UnitTest>
    <UnitTest name="GameSaveCenter.Playnite.Tests.MediaPageAccumulatorTests.AppendingOverlappingPageUpdatesByIdWithoutDuplicating" storage="d:\workplace\github\gamesavecenter\.tmp\r19b\bin\gamesavecenter.playnite.tests\release\net472\gamesavecenter.playnite.tests.dll" id="b2d6f681-716f-24dd-e331-81c1c5777443">
      <Execution id="8820a227-6262-406e-a490-389af0a42197" />
      <TestMethod codeBase="D:\workplace\github\GameSaveCenter\.tmp\r19b\bin\GameSaveCenter.Playnite.Tests\Release\net472\GameSaveCenter.Playnite.Tests.dll" adapterTypeName="executor://xunit/VsTestRunner3/netfx/" className="GameSaveCenter.Playnite.Tests.MediaPageAccumulatorTests" name="AppendingOverlappingPageUpdatesByIdWithoutDuplicating" />
    </UnitTest>
    <UnitTest name="GameSaveCenter.Playnite.Tests.TaskIndexedCollectionTests.Rebuild_RestoresIndexAfterExternalReplacement" storage="d:\workplace\github\gamesavecenter\.tmp\r19b\bin\gamesavecenter.playnite.tests\release\net472\gamesavecenter.playnite.tests.dll" id="f732d226-808e-8675-e89b-9adf89507a67">
      <Execution id="932e9eb7-6f8b-4e72-8be0-0e6a6c7a145d" />
      <TestMethod codeBase="D:\workplace\github\GameSaveCenter\.tmp\r19b\bin\GameSaveCenter.Playnite.Tests\Release\net472\GameSaveCenter.Playnite.Tests.dll" adapterTypeName="executor://xunit/VsTestRunner3/netfx/" className="GameSaveCenter.Playnite.Tests.TaskIndexedCollectionTests" name="Rebuild_RestoresIndexAfterExternalReplacement" />
    </UnitTest>
  </TestDefinitions>
  <TestEntries>
    <TestEntry testId="c1c07fce-6e7b-38a6-1346-4088b7337ae3" executionId="171ec9fb-e29f-421e-84d3-a93ab70d21fd" testListId="8c84fa94-04c1-424b-9868-57a2d4851a1d" />
    <TestEntry testId="b2d6f681-716f-24dd-e331-81c1c5777443" executionId="8820a227-6262-406e-a490-389af0a42197" testListId="8c84fa94-04c1-424b-9868-57a2d4851a1d" />
    <TestEntry testId="2c2f2fde-5d55-f23a-3979-c2576e3ac91a" executionId="54dd2129-3ff9-4caa-8b7d-d4e27e9befc4" testListId="8c84fa94-04c1-424b-9868-57a2d4851a1d" />
    <TestEntry testId="f91d6166-0167-81c1-896d-8a230eac7b67" executionId="ce11f9f0-36ba-43dc-9eb3-e8d78a9a94ec" testListId="8c84fa94-04c1-424b-9868-57a2d4851a1d" />
    <TestEntry testId="3ef7ceba-8058-d148-8f40-e76b3e961792" executionId="ed514eb5-d860-42b7-95de-79095cabfbf2" testListId="8c84fa94-04c1-424b-9868-57a2d4851a1d" />
    <TestEntry testId="f732d226-808e-8675-e89b-9adf89507a67" executionId="932e9eb7-6f8b-4e72-8be0-0e6a6c7a145d" testListId="8c84fa94-04c1-424b-9868-57a2d4851a1d" />
    <TestEntry testId="7b497fa3-fe1d-8341-0691-7414d4ac1080" executionId="100adbe1-0d59-4d40-bd61-7720f1d6f8b2" testListId="8c84fa94-04c1-424b-9868-57a2d4851a1d" />
    <TestEntry testId="74fc1003-7dda-1a5a-c142-de253ecbdf64" executionId="594d40eb-b09b-4381-9948-350636921eec" testListId="8c84fa94-04c1-424b-9868-57a2d4851a1d" />
    <TestEntry testId="9964e212-c27e-8cc7-09fd-814c9d612bda" executionId="509ac56c-c849-4ca4-a7c4-879e0dcd21e3" testListId="8c84fa94-04c1-424b-9868-57a2d4851a1d" />
    <TestEntry testId="1bd0f65b-cc28-b2ba-b9ed-25680fb29c75" executionId="12f4302b-44d2-40e0-9799-0bce39a3c888" testListId="8c84fa94-04c1-424b-9868-57a2d4851a1d" />
  </TestEntries>
  <TestLists>
    <TestList name="列表中未列出的结果" id="8c84fa94-04c1-424b-9868-57a2d4851a1d" />
    <TestList name="所有已加载的结果" id="19431567-8539-422a-85d7-44ee4e166bda" />
  </TestLists>
  <ResultSummary outcome="Completed">
    <Counters total="10" executed="10" passed="10" failed="0" error="0" timeout="0" aborted="0" inconclusive="0" passedButRunAborted="0" notRunnable="0" notExecuted="0" disconnected="0" warning="0" completed="0" inProgress="0" pending="0" />
    <Output>
      <StdOut>[xUnit.net 00:00:00.00] xUnit.net VSTest Adapter v3.1.4+50e68bbb8b (64-bit .NET Framework 4.8.9181.0)&#xD;
[xUnit.net 00:00:00.44]   Discovering: GameSaveCenter.Playnite.Tests&#xD;
[xUnit.net 00:00:02.80]   Discovered:  GameSaveCenter.Playnite.Tests&#xD;
[xUnit.net 00:00:02.87]   Starting:    GameSaveCenter.Playnite.Tests&#xD;
[xUnit.net 00:00:03.14]   Finished:    GameSaveCenter.Playnite.Tests&#xD;
</StdOut>
    </Output>
  </ResultSummary>
</TestRun>