<?xml version="1.0" encoding="utf-8"?>
<TestRun id="e119de40-ad9f-4b0c-8878-8603a1688e2e" name="lopmatu@SULT 2026-09-24 13:01:13" runUser="Sult\lopmatu" xmlns="http://microsoft.com/schemas/VisualStudio/TeamTest/2010">
  <Times creation="2026-09-24T13:01:13.5195217+08:00" queuing="2026-09-24T13:01:13.5195222+08:00" start="2026-09-24T13:01:06.1255557+08:00" finish="2026-09-24T13:01:29.4156730+08:00" />
  <TestSettings name="default" id="e406b319-fb8c-4cdb-b145-06751d4a1cc3">
    <Deployment runDeploymentRoot="lopmatu_SULT_2026-09-24_13_01_13" />
  </TestSettings>
  <Results>
    <UnitTestResult executionId="e92f6d5b-c424-469d-b51d-1d855ead16d6" testId="7bead726-9aab-1f91-4f28-1e98e4698d14" testName="GameSaveCenter.Playnite.Tests.R09ThumbnailPlaceholderBehaviorTests.ExplicitRefreshAfterMediaMovesReplacesOldImageAndCanRecover" computerName="SULT" duration="00:00:02.5570000" startTime="2026-09-24T13:01:10.9458695+08:00" endTime="2026-09-24T13:01:13.4739145+08:00" testType="13cdc9d9-ddb5-4fa4-a97d-d965ccfc6d4b" outcome="Passed" testListId="8c84fa94-04c1-424b-9868-57a2d4851a1d" relativeResultsDirectory="e92f6d5b-c424-469d-b51d-1d855ead16d6" />
    <UnitTestResult executionId="9c5cfe1a-e9bd-48af-b769-79a718a16cd1" testId="4bdb63ec-fecf-e4ff-36b4-574b072bc18b" testName="GameSaveCenter.Playnite.Tests.R09ThumbnailPlaceholderBehaviorTests.FixedPreviewSlotUsesDistinctFallbackTextForEveryMediaState" computerName="SULT" duration="00:00:00.3760000" startTime="2026-09-24T13:01:13.5025383+08:00" endTime="2026-09-24T13:01:13.8506323+08:00" testType="13cdc9d9-ddb5-4fa4-a97d-d965ccfc6d4b" outcome="Passed" testListId="8c84fa94-04c1-424b-9868-57a2d4851a1d" relativeResultsDirectory="9c5cfe1a-e9bd-48af-b769-79a718a16cd1" />
  </Results>
  <TestDefinitions>
    <UnitTest name="GameSaveCenter.Playnite.Tests.R09ThumbnailPlaceholderBehaviorTests.ExplicitRefreshAfterMediaMovesReplacesOldImageAndCanRecover" storage="d:\workplace\github\gamesavecenter\.tmp\r19d\bin\gamesavecenter.playnite.tests\release\net472\gamesavecenter.playnite.tests.dll" id="7bead726-9aab-1f91-4f28-1e98e4698d14">
      <Execution id="e92f6d5b-c424-469d-b51d-1d855ead16d6" />
      <TestMethod codeBase="D:\workplace\github\GameSaveCenter\.tmp\r19d\bin\GameSaveCenter.Playnite.Tests\Release\net472\GameSaveCenter.Playnite.Tests.dll" adapterTypeName="executor://xunit/VsTestRunner3/netfx/" className="GameSaveCenter.Playnite.Tests.R09ThumbnailPlaceholderBehaviorTests" name="ExplicitRefreshAfterMediaMovesReplacesOldImageAndCanRecover" />
    </UnitTest>
    <UnitTest name="GameSaveCenter.Playnite.Tests.R09ThumbnailPlaceholderBehaviorTests.FixedPreviewSlotUsesDistinctFallbackTextForEveryMediaState" storage="d:\workplace\github\gamesavecenter\.tmp\r19d\bin\gamesavecenter.playnite.tests\release\net472\gamesavecenter.playnite.tests.dll" id="4bdb63ec-fecf-e4ff-36b4-574b072bc18b">
      <Execution id="9c5cfe1a-e9bd-48af-b769-79a718a16cd1" />
      <TestMethod codeBase="D:\workplace\github\GameSaveCenter\.tmp\r19d\bin\GameSaveCenter.Playnite.Tests\Release\net472\GameSaveCenter.Playnite.Tests.dll" adapterTypeName="executor://xunit/VsTestRunner3/netfx/" className="GameSaveCenter.Playnite.Tests.R09ThumbnailPlaceholderBehaviorTests" name="FixedPreviewSlotUsesDistinctFallbackTextForEveryMediaState" />
    </UnitTest>
  </TestDefinitions>
  <TestEntries>
    <TestEntry testId="7bead726-9aab-1f91-4f28-1e98e4698d14" executionId="e92f6d5b-c424-469d-b51d-1d855ead16d6" testListId="8c84fa94-04c1-424b-9868-57a2d4851a1d" />
    <TestEntry testId="4bdb63ec-fecf-e4ff-36b4-574b072bc18b" executionId="9c5cfe1a-e9bd-48af-b769-79a718a16cd1" testListId="8c84fa94-04c1-424b-9868-57a2d4851a1d" />
  </TestEntries>
  <TestLists>
    <TestList name="列表中未列出的结果" id="8c84fa94-04c1-424b-9868-57a2d4851a1d" />
    <TestList name="所有已加载的结果" id="19431567-8539-422a-85d7-44ee4e166bda" />
  </TestLists>
  <ResultSummary outcome="Completed">
    <Counters total="2" executed="2" passed="2" failed="0" error="0" timeout="0" aborted="0" inconclusive="0" passedButRunAborted="0" notRunnable="0" notExecuted="0" disconnected="0" warning="0" completed="0" inProgress="0" pending="0" />
    <Output>
      <StdOut>[xUnit.net 00:00:00.00] xUnit.net VSTest Adapter v3.1.4+50e68bbb8b (64-bit .NET Framework 4.8.9181.0)&#xD;
[xUnit.net 00:00:00.60]   Discovering: GameSaveCenter.Playnite.Tests&#xD;
[xUnit.net 00:00:03.05]   Discovered:  GameSaveCenter.Playnite.Tests&#xD;
[xUnit.net 00:00:03.13]   Starting:    GameSaveCenter.Playnite.Tests&#xD;
[xUnit.net 00:00:06.13]   Finished:    GameSaveCenter.Playnite.Tests&#xD;
</StdOut>
    </Output>
  </ResultSummary>
</TestRun>