<?xml version="1.0" encoding="utf-8"?>
<TestRun id="8ce32f3b-9149-4679-840e-01d730529a46" name="lopmatu@SULT 2026-09-24 13:01:07" runUser="Sult\lopmatu" xmlns="http://microsoft.com/schemas/VisualStudio/TeamTest/2010">
  <Times creation="2026-09-24T13:01:07.8255666+08:00" queuing="2026-09-24T13:01:07.8255671+08:00" start="2026-09-24T13:01:06.0798589+08:00" finish="2026-09-24T13:01:08.2700987+08:00" />
  <TestSettings name="default" id="42035484-e30e-4c3c-b661-e1d71793d087">
    <Deployment runDeploymentRoot="lopmatu_SULT_2026-09-24_13_01_07" />
  </TestSettings>
  <Results>
    <UnitTestResult executionId="14040190-d533-4276-a1dd-6c86f4c52151" testId="281b1854-3f50-bdb8-d29b-cf8e8bfca2d8" testName="GameSaveCenter.Worker.Tests.RestoreReadinessTests.SimpleOrMissingArchivePath_IsUnsupported" computerName="SULT" duration="00:00:00.0019345" startTime="2026-09-24T13:01:07.7395314+08:00" endTime="2026-09-24T13:01:07.7413073+08:00" testType="13cdc9d9-ddb5-4fa4-a97d-d965ccfc6d4b" outcome="Passed" testListId="8c84fa94-04c1-424b-9868-57a2d4851a1d" relativeResultsDirectory="14040190-d533-4276-a1dd-6c86f4c52151" />
    <UnitTestResult executionId="44a9bcf9-122f-41b3-acbc-92ba77dab2eb" testId="7cf2e95d-cdcf-94e2-2150-ddfe03aa85fc" testName="GameSaveCenter.Worker.Tests.RestoreReadinessTests.SameSizeArchiveMutation_IsRejectedWhenReadinessIsRevalidated" computerName="SULT" duration="00:00:00.0367211" startTime="2026-09-24T13:01:07.6600555+08:00" endTime="2026-09-24T13:01:07.6886003+08:00" testType="13cdc9d9-ddb5-4fa4-a97d-d965ccfc6d4b" outcome="Passed" testListId="8c84fa94-04c1-424b-9868-57a2d4851a1d" relativeResultsDirectory="44a9bcf9-122f-41b3-acbc-92ba77dab2eb" />
    <UnitTestResult executionId="440c2a52-3c13-46e2-92fe-c10bb9481b8c" testId="eab7ad91-0baa-9fca-e958-39bddcc7e6b8" testName="GameSaveCenter.Worker.Tests.RestoreReadinessTests.MissingManifestEntry_IsCorrupted_EvenWhenCountsMatch" computerName="SULT" duration="00:00:00.0085401" startTime="2026-09-24T13:01:07.7813259+08:00" endTime="2026-09-24T13:01:07.7813857+08:00" testType="13cdc9d9-ddb5-4fa4-a97d-d965ccfc6d4b" outcome="Passed" testListId="8c84fa94-04c1-424b-9868-57a2d4851a1d" relativeResultsDirectory="440c2a52-3c13-46e2-92fe-c10bb9481b8c" />
    <UnitTestResult executionId="290c02f3-d5a9-41c6-8242-69b10f3d8b6c" testId="e83cf1d8-71f6-7adf-5aed-71af6f1345bb" testName="GameSaveCenter.Worker.Tests.RestoreReadinessTests.PartialManifestHashes_AreWarning_AndReportCoverage" computerName="SULT" duration="00:00:00.0108243" startTime="2026-09-24T13:01:07.7282137+08:00" endTime="2026-09-24T13:01:07.7392742+08:00" testType="13cdc9d9-ddb5-4fa4-a97d-d965ccfc6d4b" outcome="Passed" testListId="8c84fa94-04c1-424b-9868-57a2d4851a1d" relativeResultsDirectory="290c02f3-d5a9-41c6-8242-69b10f3d8b6c" />
    <UnitTestResult executionId="434e3094-edc4-4b94-8a0c-f47eeea39132" testId="8eb381de-3db9-7be9-2ee2-fa7d958be747" testName="GameSaveCenter.Worker.Tests.RestoreReadinessTests.LockedArchive_IsFailedWithBackupIdentityAndCleanedStaging" computerName="SULT" duration="00:00:00.0113341" startTime="2026-09-24T13:01:07.6961481+08:00" endTime="2026-09-24T13:01:07.7073907+08:00" testType="13cdc9d9-ddb5-4fa4-a97d-d965ccfc6d4b" outcome="Passed" testListId="8c84fa94-04c1-424b-9868-57a2d4851a1d" relativeResultsDirectory="434e3094-edc4-4b94-8a0c-f47eeea39132" />
    <UnitTestResult executionId="4472482e-02b3-4fb2-a8b9-8152ee96f6b3" testId="c68d5f15-5faa-24e5-3493-df039840de53" testName="GameSaveCenter.Worker.Tests.RestoreReadinessTests.ValidZip_WithoutManifestHashes_IsWarning_AndDoesNotClaimHashSuccess" computerName="SULT" duration="00:00:00.0201200" startTime="2026-09-24T13:01:07.7077556+08:00" endTime="2026-09-24T13:01:07.7279510+08:00" testType="13cdc9d9-ddb5-4fa4-a97d-d965ccfc6d4b" outcome="Passed" testListId="8c84fa94-04c1-424b-9868-57a2d4851a1d" relativeResultsDirectory="4472482e-02b3-4fb2-a8b9-8152ee96f6b3" />
    <UnitTestResult executionId="4f55e3c0-1f25-4c07-a819-e4c18b70b3e4" testId="e1453b16-c25f-be80-7e9c-561d0cb48e68" testName="GameSaveCenter.Worker.Tests.RestoreReadinessTests.CorruptZip_IsReportedWithoutTouchingARealSavePath" computerName="SULT" duration="00:00:00.0100145" startTime="2026-09-24T13:01:08.1765092+08:00" endTime="2026-09-24T13:01:08.1871758+08:00" testType="13cdc9d9-ddb5-4fa4-a97d-d965ccfc6d4b" outcome="Passed" testListId="8c84fa94-04c1-424b-9868-57a2d4851a1d" relativeResultsDirectory="4f55e3c0-1f25-4c07-a819-e4c18b70b3e4" />
    <UnitTestResult executionId="1f8c29b8-a4a8-4ce1-afcf-2e74cc7675ea" testId="dae068eb-a7e2-234a-9254-1e1107e83a5d" testName="GameSaveCenter.Worker.Tests.RestoreReadinessTests.HashMismatch_IsCorrupted" computerName="SULT" duration="00:00:00.0090064" startTime="2026-09-24T13:01:08.1873703+08:00" endTime="2026-09-24T13:01:08.1966205+08:00" testType="13cdc9d9-ddb5-4fa4-a97d-d965ccfc6d4b" outcome="Passed" testListId="8c84fa94-04c1-424b-9868-57a2d4851a1d" relativeResultsDirectory="1f8c29b8-a4a8-4ce1-afcf-2e74cc7675ea" />
    <UnitTestResult executionId="5bbf1f12-c2a8-4463-bfff-9848f7f0efd8" testId="e31a9bbb-d16a-26fe-ff38-654b8cb8c2f4" testName="GameSaveCenter.Worker.Tests.RestoreReadinessTests.Readiness_IsPersistedAcrossStoreRecreation" computerName="SULT" duration="00:00:00.3962580" startTime="2026-09-24T13:01:07.7817808+08:00" endTime="2026-09-24T13:01:08.1762406+08:00" testType="13cdc9d9-ddb5-4fa4-a97d-d965ccfc6d4b" outcome="Passed" testListId="8c84fa94-04c1-424b-9868-57a2d4851a1d" relativeResultsDirectory="5bbf1f12-c2a8-4463-bfff-9848f7f0efd8" />
    <UnitTestResult executionId="307bad56-5af7-4f91-bc81-54cfde811d62" testId="cbf3e682-7393-b9b5-9a30-02e8b15142d1" testName="GameSaveCenter.Worker.Tests.RestoreReadinessTests.Cancellation_IsObserved_AndIsolationIsCleaned" computerName="SULT" duration="00:00:00.0095246" startTime="2026-09-24T13:01:07.7808923+08:00" endTime="2026-09-24T13:01:07.7810532+08:00" testType="13cdc9d9-ddb5-4fa4-a97d-d965ccfc6d4b" outcome="Passed" testListId="8c84fa94-04c1-424b-9868-57a2d4851a1d" relativeResultsDirectory="307bad56-5af7-4f91-bc81-54cfde811d62" />
    <UnitTestResult executionId="b4f4b3fa-6642-4092-934b-caafc6099426" testId="a3f12e41-8848-da28-0c5a-d0aa267992f1" testName="GameSaveCenter.Worker.Tests.RestoreReadinessTests.InvalidManifest_IsFailed_AndDoesNotExtract" computerName="SULT" duration="00:00:00.0049292" startTime="2026-09-24T13:01:07.7441192+08:00" endTime="2026-09-24T13:01:07.7491051+08:00" testType="13cdc9d9-ddb5-4fa4-a97d-d965ccfc6d4b" outcome="Passed" testListId="8c84fa94-04c1-424b-9868-57a2d4851a1d" relativeResultsDirectory="b4f4b3fa-6642-4092-934b-caafc6099426" />
    <UnitTestResult executionId="ac927940-15f8-4a92-9002-76f7ead15b8d" testId="38314495-4497-4f97-b434-8070c582b973" testName="GameSaveCenter.Worker.Tests.RestoreReadinessTests.UnsafeEntry_IsRejectedAndDoesNotEscapeStaging" computerName="SULT" duration="00:00:00.0065567" startTime="2026-09-24T13:01:07.6893069+08:00" endTime="2026-09-24T13:01:07.6958319+08:00" testType="13cdc9d9-ddb5-4fa4-a97d-d965ccfc6d4b" outcome="Passed" testListId="8c84fa94-04c1-424b-9868-57a2d4851a1d" relativeResultsDirectory="ac927940-15f8-4a92-9002-76f7ead15b8d" />
    <UnitTestResult executionId="d1bc3ee6-901b-4257-b5a2-732a5a4a5493" testId="f37ebd27-9cb1-d0ab-c604-65d33d8dd64f" testName="GameSaveCenter.Worker.Tests.RestoreReadinessTests.IndexMismatch_IsWarning_AndZeroLengthEntryIsVisible" computerName="SULT" duration="00:00:00.0111660" startTime="2026-09-24T13:01:07.7815694+08:00" endTime="2026-09-24T13:01:07.7816510+08:00" testType="13cdc9d9-ddb5-4fa4-a97d-d965ccfc6d4b" outcome="Passed" testListId="8c84fa94-04c1-424b-9868-57a2d4851a1d" relativeResultsDirectory="d1bc3ee6-901b-4257-b5a2-732a5a4a5493" />
    <UnitTestResult executionId="cc5c1fe3-3415-4a8a-b8bf-57e7a95cf740" testId="b2e69f63-fff8-ef09-ab16-434e91714253" testName="GameSaveCenter.Worker.Tests.RestoreReadinessTests.UnreadableStagingRoot_IsFailedWithoutTouchingLivePath" computerName="SULT" duration="00:00:00.2608998" startTime="2026-09-24T13:01:07.3727049+08:00" endTime="2026-09-24T13:01:07.6494285+08:00" testType="13cdc9d9-ddb5-4fa4-a97d-d965ccfc6d4b" outcome="Passed" testListId="8c84fa94-04c1-424b-9868-57a2d4851a1d" relativeResultsDirectory="cc5c1fe3-3415-4a8a-b8bf-57e7a95cf740" />
    <UnitTestResult executionId="168d333d-167b-498e-a4c7-9be946a21c63" testId="c6495e02-d503-8ab5-1abb-69145d648391" testName="GameSaveCenter.Worker.Tests.RestoreReadinessTests.MissingArchive_IsReportedAsCorrupted" computerName="SULT" duration="00:00:00.0025062" startTime="2026-09-24T13:01:07.7415753+08:00" endTime="2026-09-24T13:01:07.7439615+08:00" testType="13cdc9d9-ddb5-4fa4-a97d-d965ccfc6d4b" outcome="Passed" testListId="8c84fa94-04c1-424b-9868-57a2d4851a1d" relativeResultsDirectory="168d333d-167b-498e-a4c7-9be946a21c63" />
  </Results>
  <TestDefinitions>
    <UnitTest name="GameSaveCenter.Worker.Tests.RestoreReadinessTests.Cancellation_IsObserved_AndIsolationIsCleaned" storage="d:\workplace\github\gamesavecenter\.tmp\r19d\bin\gamesavecenter.worker.tests\release\net8.0-windows10.0.19041.0\gamesavecenter.worker.tests.dll" id="cbf3e682-7393-b9b5-9a30-02e8b15142d1">
      <Execution id="307bad56-5af7-4f91-bc81-54cfde811d62" />
      <TestMethod codeBase="D:\workplace\github\GameSaveCenter\.tmp\r19d\bin\GameSaveCenter.Worker.Tests\Release\net8.0-windows10.0.19041.0\GameSaveCenter.Worker.Tests.dll" adapterTypeName="executor://xunit/VsTestRunner3/netcore/" className="GameSaveCenter.Worker.Tests.RestoreReadinessTests" name="Cancellation_IsObserved_AndIsolationIsCleaned" />
    </UnitTest>
    <UnitTest name="GameSaveCenter.Worker.Tests.RestoreReadinessTests.PartialManifestHashes_AreWarning_AndReportCoverage" storage="d:\workplace\github\gamesavecenter\.tmp\r19d\bin\gamesavecenter.worker.tests\release\net8.0-windows10.0.19041.0\gamesavecenter.worker.tests.dll" id="e83cf1d8-71f6-7adf-5aed-71af6f1345bb">
      <Execution id="290c02f3-d5a9-41c6-8242-69b10f3d8b6c" />
      <TestMethod codeBase="D:\workplace\github\GameSaveCenter\.tmp\r19d\bin\GameSaveCenter.Worker.Tests\Release\net8.0-windows10.0.19041.0\GameSaveCenter.Worker.Tests.dll" adapterTypeName="executor://xunit/VsTestRunner3/netcore/" className="GameSaveCenter.Worker.Tests.RestoreReadinessTests" name="PartialManifestHashes_AreWarning_AndReportCoverage" />
    </UnitTest>
    <UnitTest name="GameSaveCenter.Worker.Tests.RestoreReadinessTests.CorruptZip_IsReportedWithoutTouchingARealSavePath" storage="d:\workplace\github\gamesavecenter\.tmp\r19d\bin\gamesavecenter.worker.tests\release\net8.0-windows10.0.19041.0\gamesavecenter.worker.tests.dll" id="e1453b16-c25f-be80-7e9c-561d0cb48e68">
      <Execution id="4f55e3c0-1f25-4c07-a819-e4c18b70b3e4" />
      <TestMethod codeBase="D:\workplace\github\GameSaveCenter\.tmp\r19d\bin\GameSaveCenter.Worker.Tests\Release\net8.0-windows10.0.19041.0\GameSaveCenter.Worker.Tests.dll" adapterTypeName="executor://xunit/VsTestRunner3/netcore/" className="GameSaveCenter.Worker.Tests.RestoreReadinessTests" name="CorruptZip_IsReportedWithoutTouchingARealSavePath" />
    </UnitTest>
    <UnitTest name="GameSaveCenter.Worker.Tests.RestoreReadinessTests.UnsafeEntry_IsRejectedAndDoesNotEscapeStaging" storage="d:\workplace\github\gamesavecenter\.tmp\r19d\bin\gamesavecenter.worker.tests\release\net8.0-windows10.0.19041.0\gamesavecenter.worker.tests.dll" id="38314495-4497-4f97-b434-8070c582b973">
      <Execution id="ac927940-15f8-4a92-9002-76f7ead15b8d" />
      <TestMethod codeBase="D:\workplace\github\GameSaveCenter\.tmp\r19d\bin\GameSaveCenter.Worker.Tests\Release\net8.0-windows10.0.19041.0\GameSaveCenter.Worker.Tests.dll" adapterTypeName="executor://xunit/VsTestRunner3/netcore/" className="GameSaveCenter.Worker.Tests.RestoreReadinessTests" name="UnsafeEntry_IsRejectedAndDoesNotEscapeStaging" />
    </UnitTest>
    <UnitTest name="GameSaveCenter.Worker.Tests.RestoreReadinessTests.InvalidManifest_IsFailed_AndDoesNotExtract" storage="d:\workplace\github\gamesavecenter\.tmp\r19d\bin\gamesavecenter.worker.tests\release\net8.0-windows10.0.19041.0\gamesavecenter.worker.tests.dll" id="a3f12e41-8848-da28-0c5a-d0aa267992f1">
      <Execution id="b4f4b3fa-6642-4092-934b-caafc6099426" />
      <TestMethod codeBase="D:\workplace\github\GameSaveCenter\.tmp\r19d\bin\GameSaveCenter.Worker.Tests\Release\net8.0-windows10.0.19041.0\GameSaveCenter.Worker.Tests.dll" adapterTypeName="executor://xunit/VsTestRunner3/netcore/" className="GameSaveCenter.Worker.Tests.RestoreReadinessTests" name="InvalidManifest_IsFailed_AndDoesNotExtract" />
    </UnitTest>
    <UnitTest name="GameSaveCenter.Worker.Tests.RestoreReadinessTests.MissingArchive_IsReportedAsCorrupted" storage="d:\workplace\github\gamesavecenter\.tmp\r19d\bin\gamesavecenter.worker.tests\release\net8.0-windows10.0.19041.0\gamesavecenter.worker.tests.dll" id="c6495e02-d503-8ab5-1abb-69145d648391">
      <Execution id="168d333d-167b-498e-a4c7-9be946a21c63" />
      <TestMethod codeBase="D:\workplace\github\GameSaveCenter\.tmp\r19d\bin\GameSaveCenter.Worker.Tests\Release\net8.0-windows10.0.19041.0\GameSaveCenter.Worker.Tests.dll" adapterTypeName="executor://xunit/VsTestRunner3/netcore/" className="GameSaveCenter.Worker.Tests.RestoreReadinessTests" name="MissingArchive_IsReportedAsCorrupted" />
    </UnitTest>
    <UnitTest name="GameSaveCenter.Worker.Tests.RestoreReadinessTests.UnreadableStagingRoot_IsFailedWithoutTouchingLivePath" storage="d:\workplace\github\gamesavecenter\.tmp\r19d\bin\gamesavecenter.worker.tests\release\net8.0-windows10.0.19041.0\gamesavecenter.worker.tests.dll" id="b2e69f63-fff8-ef09-ab16-434e91714253">
      <Execution id="cc5c1fe3-3415-4a8a-b8bf-57e7a95cf740" />
      <TestMethod codeBase="D:\workplace\github\GameSaveCenter\.tmp\r19d\bin\GameSaveCenter.Worker.Tests\Release\net8.0-windows10.0.19041.0\GameSaveCenter.Worker.Tests.dll" adapterTypeName="executor://xunit/VsTestRunner3/netcore/" className="GameSaveCenter.Worker.Tests.RestoreReadinessTests" name="UnreadableStagingRoot_IsFailedWithoutTouchingLivePath" />
    </UnitTest>
    <UnitTest name="GameSaveCenter.Worker.Tests.RestoreReadinessTests.MissingManifestEntry_IsCorrupted_EvenWhenCountsMatch" storage="d:\workplace\github\gamesavecenter\.tmp\r19d\bin\gamesavecenter.worker.tests\release\net8.0-windows10.0.19041.0\gamesavecenter.worker.tests.dll" id="eab7ad91-0baa-9fca-e958-39bddcc7e6b8">
      <Execution id="440c2a52-3c13-46e2-92fe-c10bb9481b8c" />
      <TestMethod codeBase="D:\workplace\github\GameSaveCenter\.tmp\r19d\bin\GameSaveCenter.Worker.Tests\Release\net8.0-windows10.0.19041.0\GameSaveCenter.Worker.Tests.dll" adapterTypeName="executor://xunit/VsTestRunner3/netcore/" className="GameSaveCenter.Worker.Tests.RestoreReadinessTests" name="MissingManifestEntry_IsCorrupted_EvenWhenCountsMatch" />
    </UnitTest>
    <UnitTest name="GameSaveCenter.Worker.Tests.RestoreReadinessTests.Readiness_IsPersistedAcrossStoreRecreation" storage="d:\workplace\github\gamesavecenter\.tmp\r19d\bin\gamesavecenter.worker.tests\release\net8.0-windows10.0.19041.0\gamesavecenter.worker.tests.dll" id="e31a9bbb-d16a-26fe-ff38-654b8cb8c2f4">
      <Execution id="5bbf1f12-c2a8-4463-bfff-9848f7f0efd8" />
      <TestMethod codeBase="D:\workplace\github\GameSaveCenter\.tmp\r19d\bin\GameSaveCenter.Worker.Tests\Release\net8.0-windows10.0.19041.0\GameSaveCenter.Worker.Tests.dll" adapterTypeName="executor://xunit/VsTestRunner3/netcore/" className="GameSaveCenter.Worker.Tests.RestoreReadinessTests" name="Readiness_IsPersistedAcrossStoreRecreation" />
    </UnitTest>
    <UnitTest name="GameSaveCenter.Worker.Tests.RestoreReadinessTests.IndexMismatch_IsWarning_AndZeroLengthEntryIsVisible" storage="d:\workplace\github\gamesavecenter\.tmp\r19d\bin\gamesavecenter.worker.tests\release\net8.0-windows10.0.19041.0\gamesavecenter.worker.tests.dll" id="f37ebd27-9cb1-d0ab-c604-65d33d8dd64f">
      <Execution id="d1bc3ee6-901b-4257-b5a2-732a5a4a5493" />
      <TestMethod codeBase="D:\workplace\github\GameSaveCenter\.tmp\r19d\bin\GameSaveCenter.Worker.Tests\Release\net8.0-windows10.0.19041.0\GameSaveCenter.Worker.Tests.dll" adapterTypeName="executor://xunit/VsTestRunner3/netcore/" className="GameSaveCenter.Worker.Tests.RestoreReadinessTests" name="IndexMismatch_IsWarning_AndZeroLengthEntryIsVisible" />
    </UnitTest>
    <UnitTest name="GameSaveCenter.Worker.Tests.RestoreReadinessTests.HashMismatch_IsCorrupted" storage="d:\workplace\github\gamesavecenter\.tmp\r19d\bin\gamesavecenter.worker.tests\release\net8.0-windows10.0.19041.0\gamesavecenter.worker.tests.dll" id="dae068eb-a7e2-234a-9254-1e1107e83a5d">
      <Execution id="1f8c29b8-a4a8-4ce1-afcf-2e74cc7675ea" />
      <TestMethod codeBase="D:\workplace\github\GameSaveCenter\.tmp\r19d\bin\GameSaveCenter.Worker.Tests\Release\net8.0-windows10.0.19041.0\GameSaveCenter.Worker.Tests.dll" adapterTypeName="executor://xunit/VsTestRunner3/netcore/" className="GameSaveCenter.Worker.Tests.RestoreReadinessTests" name="HashMismatch_IsCorrupted" />
    </UnitTest>
    <UnitTest name="GameSaveCenter.Worker.Tests.RestoreReadinessTests.ValidZip_WithoutManifestHashes_IsWarning_AndDoesNotClaimHashSuccess" storage="d:\workplace\github\gamesavecenter\.tmp\r19d\bin\gamesavecenter.worker.tests\release\net8.0-windows10.0.19041.0\gamesavecenter.worker.tests.dll" id="c68d5f15-5faa-24e5-3493-df039840de53">
      <Execution id="4472482e-02b3-4fb2-a8b9-8152ee96f6b3" />
      <TestMethod codeBase="D:\workplace\github\GameSaveCenter\.tmp\r19d\bin\GameSaveCenter.Worker.Tests\Release\net8.0-windows10.0.19041.0\GameSaveCenter.Worker.Tests.dll" adapterTypeName="executor://xunit/VsTestRunner3/netcore/" className="GameSaveCenter.Worker.Tests.RestoreReadinessTests" name="ValidZip_WithoutManifestHashes_IsWarning_AndDoesNotClaimHashSuccess" />
    </UnitTest>
    <UnitTest name="GameSaveCenter.Worker.Tests.RestoreReadinessTests.SameSizeArchiveMutation_IsRejectedWhenReadinessIsRevalidated" storage="d:\workplace\github\gamesavecenter\.tmp\r19d\bin\gamesavecenter.worker.tests\release\net8.0-windows10.0.19041.0\gamesavecenter.worker.tests.dll" id="7cf2e95d-cdcf-94e2-2150-ddfe03aa85fc">
      <Execution id="44a9bcf9-122f-41b3-acbc-92ba77dab2eb" />
      <TestMethod codeBase="D:\workplace\github\GameSaveCenter\.tmp\r19d\bin\GameSaveCenter.Worker.Tests\Release\net8.0-windows10.0.19041.0\GameSaveCenter.Worker.Tests.dll" adapterTypeName="executor://xunit/VsTestRunner3/netcore/" className="GameSaveCenter.Worker.Tests.RestoreReadinessTests" name="SameSizeArchiveMutation_IsRejectedWhenReadinessIsRevalidated" />
    </UnitTest>
    <UnitTest name="GameSaveCenter.Worker.Tests.RestoreReadinessTests.SimpleOrMissingArchivePath_IsUnsupported" storage="d:\workplace\github\gamesavecenter\.tmp\r19d\bin\gamesavecenter.worker.tests\release\net8.0-windows10.0.19041.0\gamesavecenter.worker.tests.dll" id="281b1854-3f50-bdb8-d29b-cf8e8bfca2d8">
      <Execution id="14040190-d533-4276-a1dd-6c86f4c52151" />
      <TestMethod codeBase="D:\workplace\github\GameSaveCenter\.tmp\r19d\bin\GameSaveCenter.Worker.Tests\Release\net8.0-windows10.0.19041.0\GameSaveCenter.Worker.Tests.dll" adapterTypeName="executor://xunit/VsTestRunner3/netcore/" className="GameSaveCenter.Worker.Tests.RestoreReadinessTests" name="SimpleOrMissingArchivePath_IsUnsupported" />
    </UnitTest>
    <UnitTest name="GameSaveCenter.Worker.Tests.RestoreReadinessTests.LockedArchive_IsFailedWithBackupIdentityAndCleanedStaging" storage="d:\workplace\github\gamesavecenter\.tmp\r19d\bin\gamesavecenter.worker.tests\release\net8.0-windows10.0.19041.0\gamesavecenter.worker.tests.dll" id="8eb381de-3db9-7be9-2ee2-fa7d958be747">
      <Execution id="434e3094-edc4-4b94-8a0c-f47eeea39132" />
      <TestMethod codeBase="D:\workplace\github\GameSaveCenter\.tmp\r19d\bin\GameSaveCenter.Worker.Tests\Release\net8.0-windows10.0.19041.0\GameSaveCenter.Worker.Tests.dll" adapterTypeName="executor://xunit/VsTestRunner3/netcore/" className="GameSaveCenter.Worker.Tests.RestoreReadinessTests" name="LockedArchive_IsFailedWithBackupIdentityAndCleanedStaging" />
    </UnitTest>
  </TestDefinitions>
  <TestEntries>
    <TestEntry testId="281b1854-3f50-bdb8-d29b-cf8e8bfca2d8" executionId="14040190-d533-4276-a1dd-6c86f4c52151" testListId="8c84fa94-04c1-424b-9868-57a2d4851a1d" />
    <TestEntry testId="7cf2e95d-cdcf-94e2-2150-ddfe03aa85fc" executionId="44a9bcf9-122f-41b3-acbc-92ba77dab2eb" testListId="8c84fa94-04c1-424b-9868-57a2d4851a1d" />
    <TestEntry testId="eab7ad91-0baa-9fca-e958-39bddcc7e6b8" executionId="440c2a52-3c13-46e2-92fe-c10bb9481b8c" testListId="8c84fa94-04c1-424b-9868-57a2d4851a1d" />
    <TestEntry testId="e83cf1d8-71f6-7adf-5aed-71af6f1345bb" executionId="290c02f3-d5a9-41c6-8242-69b10f3d8b6c" testListId="8c84fa94-04c1-424b-9868-57a2d4851a1d" />
    <TestEntry testId="8eb381de-3db9-7be9-2ee2-fa7d958be747" executionId="434e3094-edc4-4b94-8a0c-f47eeea39132" testListId="8c84fa94-04c1-424b-9868-57a2d4851a1d" />
    <TestEntry testId="c68d5f15-5faa-24e5-3493-df039840de53" executionId="4472482e-02b3-4fb2-a8b9-8152ee96f6b3" testListId="8c84fa94-04c1-424b-9868-57a2d4851a1d" />
    <TestEntry testId="e1453b16-c25f-be80-7e9c-561d0cb48e68" executionId="4f55e3c0-1f25-4c07-a819-e4c18b70b3e4" testListId="8c84fa94-04c1-424b-9868-57a2d4851a1d" />
    <TestEntry testId="dae068eb-a7e2-234a-9254-1e1107e83a5d" executionId="1f8c29b8-a4a8-4ce1-afcf-2e74cc7675ea" testListId="8c84fa94-04c1-424b-9868-57a2d4851a1d" />
    <TestEntry testId="e31a9bbb-d16a-26fe-ff38-654b8cb8c2f4" executionId="5bbf1f12-c2a8-4463-bfff-9848f7f0efd8" testListId="8c84fa94-04c1-424b-9868-57a2d4851a1d" />
    <TestEntry testId="cbf3e682-7393-b9b5-9a30-02e8b15142d1" executionId="307bad56-5af7-4f91-bc81-54cfde811d62" testListId="8c84fa94-04c1-424b-9868-57a2d4851a1d" />
    <TestEntry testId="a3f12e41-8848-da28-0c5a-d0aa267992f1" executionId="b4f4b3fa-6642-4092-934b-caafc6099426" testListId="8c84fa94-04c1-424b-9868-57a2d4851a1d" />
    <TestEntry testId="38314495-4497-4f97-b434-8070c582b973" executionId="ac927940-15f8-4a92-9002-76f7ead15b8d" testListId="8c84fa94-04c1-424b-9868-57a2d4851a1d" />
    <TestEntry testId="f37ebd27-9cb1-d0ab-c604-65d33d8dd64f" executionId="d1bc3ee6-901b-4257-b5a2-732a5a4a5493" testListId="8c84fa94-04c1-424b-9868-57a2d4851a1d" />
    <TestEntry testId="b2e69f63-fff8-ef09-ab16-434e91714253" executionId="cc5c1fe3-3415-4a8a-b8bf-57e7a95cf740" testListId="8c84fa94-04c1-424b-9868-57a2d4851a1d" />
    <TestEntry testId="c6495e02-d503-8ab5-1abb-69145d648391" executionId="168d333d-167b-498e-a4c7-9be946a21c63" testListId="8c84fa94-04c1-424b-9868-57a2d4851a1d" />
  </TestEntries>
  <TestLists>
    <TestList name="列表中未列出的结果" id="8c84fa94-04c1-424b-9868-57a2d4851a1d" />
    <TestList name="所有已加载的结果" id="19431567-8539-422a-85d7-44ee4e166bda" />
  </TestLists>
  <ResultSummary outcome="Completed">
    <Counters total="15" executed="15" passed="15" failed="0" error="0" timeout="0" aborted="0" inconclusive="0" passedButRunAborted="0" notRunnable="0" notExecuted="0" disconnected="0" warning="0" completed="0" inProgress="0" pending="0" />
    <Output>
      <StdOut>[xUnit.net 00:00:00.00] xUnit.net VSTest Adapter v3.1.4+50e68bbb8b (64-bit .NET 8.0.18)&#xD;
[xUnit.net 00:00:00.14]   Discovering: GameSaveCenter.Worker.Tests&#xD;
[xUnit.net 00:00:00.33]   Discovered:  GameSaveCenter.Worker.Tests&#xD;
[xUnit.net 00:00:00.36]   Starting:    GameSaveCenter.Worker.Tests&#xD;
[xUnit.net 00:00:01.22]   Finished:    GameSaveCenter.Worker.Tests&#xD;
</StdOut>
    </Output>
  </ResultSummary>
</TestRun>