<?xml version="1.0" encoding="utf-8"?>
<TestRun id="18d4cb9f-3a19-4142-8db3-a5f45648182a" name="lopmatu@SULT 2026-09-24 13:53:49" runUser="Sult\lopmatu" xmlns="http://microsoft.com/schemas/VisualStudio/TeamTest/2010">
  <Times creation="2026-09-24T13:53:49.1666145+08:00" queuing="2026-09-24T13:53:49.1666149+08:00" start="2026-09-24T13:53:45.0914347+08:00" finish="2026-09-24T13:54:04.7762837+08:00" />
  <TestSettings name="default" id="a2ed8a2b-f16c-45c0-bbbc-f2cffccee6d9">
    <Deployment runDeploymentRoot="lopmatu_SULT_2026-09-24_13_53_49" />
  </TestSettings>
  <Results>
    <UnitTestResult executionId="cf109f4f-2015-4228-9150-00a24d59ac44" testId="85fa235a-0298-fe7e-14ea-05a1f235c376" testName="GameSaveCenter.Playnite.Tests.OverviewPriorityResolverTests.EmptyLibraryIsExplicitInsteadOfBeingReportedAsHealthy" computerName="SULT" duration="00:00:00.0010000" startTime="2026-09-24T13:53:49.1646607+08:00" endTime="2026-09-24T13:53:49.1656607+08:00" testType="13cdc9d9-ddb5-4fa4-a97d-d965ccfc6d4b" outcome="Passed" testListId="8c84fa94-04c1-424b-9868-57a2d4851a1d" relativeResultsDirectory="cf109f4f-2015-4228-9150-00a24d59ac44" />
    <UnitTestResult executionId="beefc2dc-529b-4127-9221-0eaba523189e" testId="c129e896-9a88-5a30-8d52-4b17231878c1" testName="GameSaveCenter.Playnite.Tests.OverviewPriorityResolverTests.FailedTasksUseTheTaskCenterRoute" computerName="SULT" duration="00:00:00.0010000" startTime="2026-09-24T13:53:49.1496587+08:00" endTime="2026-09-24T13:53:49.1506694+08:00" testType="13cdc9d9-ddb5-4fa4-a97d-d965ccfc6d4b" outcome="Passed" testListId="8c84fa94-04c1-424b-9868-57a2d4851a1d" relativeResultsDirectory="beefc2dc-529b-4127-9221-0eaba523189e" />
    <UnitTestResult executionId="dda55199-e9ad-4dd0-92d8-62544de19ffd" testId="cd999f8f-01b3-e3c8-6e70-82a9a926851e" testName="GameSaveCenter.Playnite.Tests.OverviewPriorityResolverTests.UnrelatedSnapshotChangesDoNotMakeTheSamePriorityJump" computerName="SULT" duration="00:00:00.0010000" startTime="2026-09-24T13:53:49.1697253+08:00" endTime="2026-09-24T13:53:49.1707252+08:00" testType="13cdc9d9-ddb5-4fa4-a97d-d965ccfc6d4b" outcome="Passed" testListId="8c84fa94-04c1-424b-9868-57a2d4851a1d" relativeResultsDirectory="dda55199-e9ad-4dd0-92d8-62544de19ffd" />
    <UnitTestResult executionId="6546dc70-e51c-4407-aac4-43c24478fbd8" testId="2f202e2b-cafc-a929-8443-93a7c99888a5" testName="GameSaveCenter.Playnite.Tests.OverviewPriorityResolverTests.MatchedGameWithoutBackupUsesPickerInsteadOfLaunchingBulkWrite" computerName="SULT" duration="00:00:00.0010000" startTime="2026-09-24T13:53:49.1616612+08:00" endTime="2026-09-24T13:53:49.1626608+08:00" testType="13cdc9d9-ddb5-4fa4-a97d-d965ccfc6d4b" outcome="Passed" testListId="8c84fa94-04c1-424b-9868-57a2d4851a1d" relativeResultsDirectory="6546dc70-e51c-4407-aac4-43c24478fbd8" />
    <UnitTestResult executionId="0b4e40c6-ca42-4299-8265-f93965c8758b" testId="c947d5c8-bcf1-f190-1590-9d7e890207e7" testName="GameSaveCenter.Playnite.Tests.OverviewPriorityResolverTests.MediaAndAttentionStatesRemainReachableInOrder" computerName="SULT" duration="00:00:00.0010000" startTime="2026-09-24T13:53:49.1526634+08:00" endTime="2026-09-24T13:53:49.1526634+08:00" testType="13cdc9d9-ddb5-4fa4-a97d-d965ccfc6d4b" outcome="Passed" testListId="8c84fa94-04c1-424b-9868-57a2d4851a1d" relativeResultsDirectory="0b4e40c6-ca42-4299-8265-f93965c8758b" />
    <UnitTestResult executionId="75535e13-47a2-432b-b006-9403e24d402d" testId="2f05a3a4-3db5-7448-1017-2cc604fd0d3b" testName="GameSaveCenter.Playnite.Tests.OverviewPriorityResolverTests.HealthyStateUsesRefreshInsteadOfAWarningAction" computerName="SULT" duration="00:00:00.0010000" startTime="2026-09-24T13:53:48.9817392+08:00" endTime="2026-09-24T13:53:48.9827390+08:00" testType="13cdc9d9-ddb5-4fa4-a97d-d965ccfc6d4b" outcome="Passed" testListId="8c84fa94-04c1-424b-9868-57a2d4851a1d" relativeResultsDirectory="75535e13-47a2-432b-b006-9403e24d402d" />
    <UnitTestResult executionId="4000215c-68ea-411e-b472-b4a3235fa2d8" testId="6b8290b8-1e12-4536-abef-54e5ddf99ed9" testName="GameSaveCenter.Playnite.Tests.OverviewPriorityResolverTests.ShellSubtitleFollowsTheCurrentStateInsteadOfClaimingEverythingIsHealthy(workspace: Overview, selectedGameName: null, overviewPriorityTitle: null, expected: &quot;今日工作台 · 正在读取概览状态&quot;)" computerName="SULT" duration="00:00:00.0490000" startTime="2026-09-24T13:53:48.9847422+08:00" endTime="2026-09-24T13:53:49.0067851+08:00" testType="13cdc9d9-ddb5-4fa4-a97d-d965ccfc6d4b" outcome="Passed" testListId="8c84fa94-04c1-424b-9868-57a2d4851a1d" relativeResultsDirectory="4000215c-68ea-411e-b472-b4a3235fa2d8" />
    <UnitTestResult executionId="3f58a213-01fd-4406-ac63-7cddb38c1c98" testId="85094e6c-1abb-2227-c30a-3604e720f015" testName="GameSaveCenter.Playnite.Tests.OverviewPriorityResolverTests.CloudAttentionBecomesTheNextActionAfterOnboarding" computerName="SULT" duration="00:00:00.0010000" startTime="2026-09-24T13:53:49.1667256+08:00" endTime="2026-09-24T13:53:49.1677257+08:00" testType="13cdc9d9-ddb5-4fa4-a97d-d965ccfc6d4b" outcome="Passed" testListId="8c84fa94-04c1-424b-9868-57a2d4851a1d" relativeResultsDirectory="3f58a213-01fd-4406-ac63-7cddb38c1c98" />
    <UnitTestResult executionId="ff52e5f1-74dc-411c-9faf-0f557e49f387" testId="f76b25d6-3bd0-b6e9-20da-b7c948c7aea2" testName="GameSaveCenter.Playnite.Tests.OverviewPriorityResolverTests.OverviewBindsHeroToPriorityStateAndLeavesOneContextualAttentionEntry" computerName="SULT" duration="00:00:00.1250000" startTime="2026-09-24T13:53:49.0148682+08:00" endTime="2026-09-24T13:53:49.1326618+08:00" testType="13cdc9d9-ddb5-4fa4-a97d-d965ccfc6d4b" outcome="Passed" testListId="8c84fa94-04c1-424b-9868-57a2d4851a1d" relativeResultsDirectory="ff52e5f1-74dc-411c-9faf-0f557e49f387" />
    <UnitTestResult executionId="c1e9e7cf-4bd1-4fb7-8bad-4b0fcfa9d538" testId="70a01ec6-5592-4af8-dad6-ba5c6954ccd7" testName="GameSaveCenter.Playnite.Tests.OverviewPriorityResolverTests.PriorityCopyAlwaysExplainsTheStateAndTheNextAction" computerName="SULT" duration="00:00:00.0010000" startTime="2026-09-24T13:53:49.1396608+08:00" endTime="2026-09-24T13:53:49.1406576+08:00" testType="13cdc9d9-ddb5-4fa4-a97d-d965ccfc6d4b" outcome="Passed" testListId="8c84fa94-04c1-424b-9868-57a2d4851a1d" relativeResultsDirectory="c1e9e7cf-4bd1-4fb7-8bad-4b0fcfa9d538" />
    <UnitTestResult executionId="a0670d5c-6bbf-4c4d-bfbf-15bc3aa81ca1" testId="730e78ca-acac-2f66-e97f-a27a90ae824f" testName="GameSaveCenter.Playnite.Tests.OverviewPriorityResolverTests.WorkerFailureWinsOverOtherPendingWork" computerName="SULT" duration="00:00:00.0010000" startTime="2026-09-24T13:53:49.1366615+08:00" endTime="2026-09-24T13:53:49.1376620+08:00" testType="13cdc9d9-ddb5-4fa4-a97d-d965ccfc6d4b" outcome="Passed" testListId="8c84fa94-04c1-424b-9868-57a2d4851a1d" relativeResultsDirectory="a0670d5c-6bbf-4c4d-bfbf-15bc3aa81ca1" />
    <UnitTestResult executionId="7dc7b1c8-3547-4af3-8be2-c8504f1ec936" testId="8c8c7ea5-a94c-8c5f-6cdb-f13586415183" testName="GameSaveCenter.Playnite.Tests.OverviewPriorityResolverTests.CloudFailureIsPromotedWithTheSnapshotAttentionCount" computerName="SULT" duration="00:00:00.0010000" startTime="2026-09-24T13:53:49.1346620+08:00" endTime="2026-09-24T13:53:49.1356618+08:00" testType="13cdc9d9-ddb5-4fa4-a97d-d965ccfc6d4b" outcome="Passed" testListId="8c84fa94-04c1-424b-9868-57a2d4851a1d" relativeResultsDirectory="7dc7b1c8-3547-4af3-8be2-c8504f1ec936" />
    <UnitTestResult executionId="f9cc99f1-ac71-43de-99ba-8a24a0de1d6c" testId="8678a9dd-08ee-9c91-d186-5312e2f556ac" testName="GameSaveCenter.Playnite.Tests.OverviewPriorityResolverTests.ShellSubtitleFollowsTheCurrentStateInsteadOfClaimingEverythingIsHealthy(workspace: Saves, selectedGameName: &quot;合成游戏&quot;, overviewPriorityTitle: &quot;不应显示&quot;, expected: &quot;合成游戏 · 路径与恢复点状态&quot;)" computerName="SULT" duration="00:00:00.0010000" startTime="2026-09-24T13:53:49.0107863+08:00" endTime="2026-09-24T13:53:49.0117850+08:00" testType="13cdc9d9-ddb5-4fa4-a97d-d965ccfc6d4b" outcome="Passed" testListId="8c84fa94-04c1-424b-9868-57a2d4851a1d" relativeResultsDirectory="f9cc99f1-ac71-43de-99ba-8a24a0de1d6c" />
    <UnitTestResult executionId="c936880b-e746-4a07-864b-e52c347fa203" testId="cc2fde98-b8b7-7a24-4ca6-f5872adc00cb" testName="GameSaveCenter.Playnite.Tests.OverviewPriorityResolverTests.ShellSubtitleFollowsTheCurrentStateInsteadOfClaimingEverythingIsHealthy(workspace: Overview, selectedGameName: null, overviewPriorityTitle: &quot;后台服务需要处理&quot;, expected: &quot;今日工作台 · 后台服务需要处理&quot;)" computerName="SULT" duration="00:00:00.0010000" startTime="2026-09-24T13:53:49.0087851+08:00" endTime="2026-09-24T13:53:49.0097849+08:00" testType="13cdc9d9-ddb5-4fa4-a97d-d965ccfc6d4b" outcome="Passed" testListId="8c84fa94-04c1-424b-9868-57a2d4851a1d" relativeResultsDirectory="c936880b-e746-4a07-864b-e52c347fa203" />
    <UnitTestResult executionId="d32a4f49-4cd8-4c1f-9e24-df1187f36470" testId="39a22240-c231-274b-e27e-4f01c91d7055" testName="GameSaveCenter.Playnite.Tests.OverviewPriorityResolverTests.UnmatchedGamesUseTheExistingPickerRouteBeforeBackupableGames" computerName="SULT" duration="00:00:00.0300000" startTime="2026-09-24T13:53:48.9530737+08:00" endTime="2026-09-24T13:53:48.9590718+08:00" testType="13cdc9d9-ddb5-4fa4-a97d-d965ccfc6d4b" outcome="Passed" testListId="8c84fa94-04c1-424b-9868-57a2d4851a1d" relativeResultsDirectory="d32a4f49-4cd8-4c1f-9e24-df1187f36470" />
  </Results>
  <TestDefinitions>
    <UnitTest name="GameSaveCenter.Playnite.Tests.OverviewPriorityResolverTests.CloudFailureIsPromotedWithTheSnapshotAttentionCount" storage="d:\workplace\github\gamesavecenter\.tmp\r20-01-1a43f474\bin\gamesavecenter.playnite.tests\release\net472\gamesavecenter.playnite.tests.dll" id="8c8c7ea5-a94c-8c5f-6cdb-f13586415183">
      <Execution id="7dc7b1c8-3547-4af3-8be2-c8504f1ec936" />
      <TestMethod codeBase="D:\workplace\github\GameSaveCenter\.tmp\r20-01-1a43f474\bin\GameSaveCenter.Playnite.Tests\Release\net472\GameSaveCenter.Playnite.Tests.dll" adapterTypeName="executor://xunit/VsTestRunner3/netfx/" className="GameSaveCenter.Playnite.Tests.OverviewPriorityResolverTests" name="CloudFailureIsPromotedWithTheSnapshotAttentionCount" />
    </UnitTest>
    <UnitTest name="GameSaveCenter.Playnite.Tests.OverviewPriorityResolverTests.ShellSubtitleFollowsTheCurrentStateInsteadOfClaimingEverythingIsHealthy(workspace: Overview, selectedGameName: null, overviewPriorityTitle: &quot;后台服务需要处理&quot;, expected: &quot;今日工作台 · 后台服务需要处理&quot;)" storage="d:\workplace\github\gamesavecenter\.tmp\r20-01-1a43f474\bin\gamesavecenter.playnite.tests\release\net472\gamesavecenter.playnite.tests.dll" id="cc2fde98-b8b7-7a24-4ca6-f5872adc00cb">
      <Execution id="c936880b-e746-4a07-864b-e52c347fa203" />
      <TestMethod codeBase="D:\workplace\github\GameSaveCenter\.tmp\r20-01-1a43f474\bin\GameSaveCenter.Playnite.Tests\Release\net472\GameSaveCenter.Playnite.Tests.dll" adapterTypeName="executor://xunit/VsTestRunner3/netfx/" className="GameSaveCenter.Playnite.Tests.OverviewPriorityResolverTests" name="ShellSubtitleFollowsTheCurrentStateInsteadOfClaimingEverythingIsHealthy" />
    </UnitTest>
    <UnitTest name="GameSaveCenter.Playnite.Tests.OverviewPriorityResolverTests.MatchedGameWithoutBackupUsesPickerInsteadOfLaunchingBulkWrite" storage="d:\workplace\github\gamesavecenter\.tmp\r20-01-1a43f474\bin\gamesavecenter.playnite.tests\release\net472\gamesavecenter.playnite.tests.dll" id="2f202e2b-cafc-a929-8443-93a7c99888a5">
      <Execution id="6546dc70-e51c-4407-aac4-43c24478fbd8" />
      <TestMethod codeBase="D:\workplace\github\GameSaveCenter\.tmp\r20-01-1a43f474\bin\GameSaveCenter.Playnite.Tests\Release\net472\GameSaveCenter.Playnite.Tests.dll" adapterTypeName="executor://xunit/VsTestRunner3/netfx/" className="GameSaveCenter.Playnite.Tests.OverviewPriorityResolverTests" name="MatchedGameWithoutBackupUsesPickerInsteadOfLaunchingBulkWrite" />
    </UnitTest>
    <UnitTest name="GameSaveCenter.Playnite.Tests.OverviewPriorityResolverTests.ShellSubtitleFollowsTheCurrentStateInsteadOfClaimingEverythingIsHealthy(workspace: Overview, selectedGameName: null, overviewPriorityTitle: null, expected: &quot;今日工作台 · 正在读取概览状态&quot;)" storage="d:\workplace\github\gamesavecenter\.tmp\r20-01-1a43f474\bin\gamesavecenter.playnite.tests\release\net472\gamesavecenter.playnite.tests.dll" id="6b8290b8-1e12-4536-abef-54e5ddf99ed9">
      <Execution id="4000215c-68ea-411e-b472-b4a3235fa2d8" />
      <TestMethod codeBase="D:\workplace\github\GameSaveCenter\.tmp\r20-01-1a43f474\bin\GameSaveCenter.Playnite.Tests\Release\net472\GameSaveCenter.Playnite.Tests.dll" adapterTypeName="executor://xunit/VsTestRunner3/netfx/" className="GameSaveCenter.Playnite.Tests.OverviewPriorityResolverTests" name="ShellSubtitleFollowsTheCurrentStateInsteadOfClaimingEverythingIsHealthy" />
    </UnitTest>
    <UnitTest name="GameSaveCenter.Playnite.Tests.OverviewPriorityResolverTests.FailedTasksUseTheTaskCenterRoute" storage="d:\workplace\github\gamesavecenter\.tmp\r20-01-1a43f474\bin\gamesavecenter.playnite.tests\release\net472\gamesavecenter.playnite.tests.dll" id="c129e896-9a88-5a30-8d52-4b17231878c1">
      <Execution id="beefc2dc-529b-4127-9221-0eaba523189e" />
      <TestMethod codeBase="D:\workplace\github\GameSaveCenter\.tmp\r20-01-1a43f474\bin\GameSaveCenter.Playnite.Tests\Release\net472\GameSaveCenter.Playnite.Tests.dll" adapterTypeName="executor://xunit/VsTestRunner3/netfx/" className="GameSaveCenter.Playnite.Tests.OverviewPriorityResolverTests" name="FailedTasksUseTheTaskCenterRoute" />
    </UnitTest>
    <UnitTest name="GameSaveCenter.Playnite.Tests.OverviewPriorityResolverTests.WorkerFailureWinsOverOtherPendingWork" storage="d:\workplace\github\gamesavecenter\.tmp\r20-01-1a43f474\bin\gamesavecenter.playnite.tests\release\net472\gamesavecenter.playnite.tests.dll" id="730e78ca-acac-2f66-e97f-a27a90ae824f">
      <Execution id="a0670d5c-6bbf-4c4d-bfbf-15bc3aa81ca1" />
      <TestMethod codeBase="D:\workplace\github\GameSaveCenter\.tmp\r20-01-1a43f474\bin\GameSaveCenter.Playnite.Tests\Release\net472\GameSaveCenter.Playnite.Tests.dll" adapterTypeName="executor://xunit/VsTestRunner3/netfx/" className="GameSaveCenter.Playnite.Tests.OverviewPriorityResolverTests" name="WorkerFailureWinsOverOtherPendingWork" />
    </UnitTest>
    <UnitTest name="GameSaveCenter.Playnite.Tests.OverviewPriorityResolverTests.MediaAndAttentionStatesRemainReachableInOrder" storage="d:\workplace\github\gamesavecenter\.tmp\r20-01-1a43f474\bin\gamesavecenter.playnite.tests\release\net472\gamesavecenter.playnite.tests.dll" id="c947d5c8-bcf1-f190-1590-9d7e890207e7">
      <Execution id="0b4e40c6-ca42-4299-8265-f93965c8758b" />
      <TestMethod codeBase="D:\workplace\github\GameSaveCenter\.tmp\r20-01-1a43f474\bin\GameSaveCenter.Playnite.Tests\Release\net472\GameSaveCenter.Playnite.Tests.dll" adapterTypeName="executor://xunit/VsTestRunner3/netfx/" className="GameSaveCenter.Playnite.Tests.OverviewPriorityResolverTests" name="MediaAndAttentionStatesRemainReachableInOrder" />
    </UnitTest>
    <UnitTest name="GameSaveCenter.Playnite.Tests.OverviewPriorityResolverTests.ShellSubtitleFollowsTheCurrentStateInsteadOfClaimingEverythingIsHealthy(workspace: Saves, selectedGameName: &quot;合成游戏&quot;, overviewPriorityTitle: &quot;不应显示&quot;, expected: &quot;合成游戏 · 路径与恢复点状态&quot;)" storage="d:\workplace\github\gamesavecenter\.tmp\r20-01-1a43f474\bin\gamesavecenter.playnite.tests\release\net472\gamesavecenter.playnite.tests.dll" id="8678a9dd-08ee-9c91-d186-5312e2f556ac">
      <Execution id="f9cc99f1-ac71-43de-99ba-8a24a0de1d6c" />
      <TestMethod codeBase="D:\workplace\github\GameSaveCenter\.tmp\r20-01-1a43f474\bin\GameSaveCenter.Playnite.Tests\Release\net472\GameSaveCenter.Playnite.Tests.dll" adapterTypeName="executor://xunit/VsTestRunner3/netfx/" className="GameSaveCenter.Playnite.Tests.OverviewPriorityResolverTests" name="ShellSubtitleFollowsTheCurrentStateInsteadOfClaimingEverythingIsHealthy" />
    </UnitTest>
    <UnitTest name="GameSaveCenter.Playnite.Tests.OverviewPriorityResolverTests.OverviewBindsHeroToPriorityStateAndLeavesOneContextualAttentionEntry" storage="d:\workplace\github\gamesavecenter\.tmp\r20-01-1a43f474\bin\gamesavecenter.playnite.tests\release\net472\gamesavecenter.playnite.tests.dll" id="f76b25d6-3bd0-b6e9-20da-b7c948c7aea2">
      <Execution id="ff52e5f1-74dc-411c-9faf-0f557e49f387" />
      <TestMethod codeBase="D:\workplace\github\GameSaveCenter\.tmp\r20-01-1a43f474\bin\GameSaveCenter.Playnite.Tests\Release\net472\GameSaveCenter.Playnite.Tests.dll" adapterTypeName="executor://xunit/VsTestRunner3/netfx/" className="GameSaveCenter.Playnite.Tests.OverviewPriorityResolverTests" name="OverviewBindsHeroToPriorityStateAndLeavesOneContextualAttentionEntry" />
    </UnitTest>
    <UnitTest name="GameSaveCenter.Playnite.Tests.OverviewPriorityResolverTests.UnrelatedSnapshotChangesDoNotMakeTheSamePriorityJump" storage="d:\workplace\github\gamesavecenter\.tmp\r20-01-1a43f474\bin\gamesavecenter.playnite.tests\release\net472\gamesavecenter.playnite.tests.dll" id="cd999f8f-01b3-e3c8-6e70-82a9a926851e">
      <Execution id="dda55199-e9ad-4dd0-92d8-62544de19ffd" />
      <TestMethod codeBase="D:\workplace\github\GameSaveCenter\.tmp\r20-01-1a43f474\bin\GameSaveCenter.Playnite.Tests\Release\net472\GameSaveCenter.Playnite.Tests.dll" adapterTypeName="executor://xunit/VsTestRunner3/netfx/" className="GameSaveCenter.Playnite.Tests.OverviewPriorityResolverTests" name="UnrelatedSnapshotChangesDoNotMakeTheSamePriorityJump" />
    </UnitTest>
    <UnitTest name="GameSaveCenter.Playnite.Tests.OverviewPriorityResolverTests.HealthyStateUsesRefreshInsteadOfAWarningAction" storage="d:\workplace\github\gamesavecenter\.tmp\r20-01-1a43f474\bin\gamesavecenter.playnite.tests\release\net472\gamesavecenter.playnite.tests.dll" id="2f05a3a4-3db5-7448-1017-2cc604fd0d3b">
      <Execution id="75535e13-47a2-432b-b006-9403e24d402d" />
      <TestMethod codeBase="D:\workplace\github\GameSaveCenter\.tmp\r20-01-1a43f474\bin\GameSaveCenter.Playnite.Tests\Release\net472\GameSaveCenter.Playnite.Tests.dll" adapterTypeName="executor://xunit/VsTestRunner3/netfx/" className="GameSaveCenter.Playnite.Tests.OverviewPriorityResolverTests" name="HealthyStateUsesRefreshInsteadOfAWarningAction" />
    </UnitTest>
    <UnitTest name="GameSaveCenter.Playnite.Tests.OverviewPriorityResolverTests.UnmatchedGamesUseTheExistingPickerRouteBeforeBackupableGames" storage="d:\workplace\github\gamesavecenter\.tmp\r20-01-1a43f474\bin\gamesavecenter.playnite.tests\release\net472\gamesavecenter.playnite.tests.dll" id="39a22240-c231-274b-e27e-4f01c91d7055">
      <Execution id="d32a4f49-4cd8-4c1f-9e24-df1187f36470" />
      <TestMethod codeBase="D:\workplace\github\GameSaveCenter\.tmp\r20-01-1a43f474\bin\GameSaveCenter.Playnite.Tests\Release\net472\GameSaveCenter.Playnite.Tests.dll" adapterTypeName="executor://xunit/VsTestRunner3/netfx/" className="GameSaveCenter.Playnite.Tests.OverviewPriorityResolverTests" name="UnmatchedGamesUseTheExistingPickerRouteBeforeBackupableGames" />
    </UnitTest>
    <UnitTest name="GameSaveCenter.Playnite.Tests.OverviewPriorityResolverTests.EmptyLibraryIsExplicitInsteadOfBeingReportedAsHealthy" storage="d:\workplace\github\gamesavecenter\.tmp\r20-01-1a43f474\bin\gamesavecenter.playnite.tests\release\net472\gamesavecenter.playnite.tests.dll" id="85fa235a-0298-fe7e-14ea-05a1f235c376">
      <Execution id="cf109f4f-2015-4228-9150-00a24d59ac44" />
      <TestMethod codeBase="D:\workplace\github\GameSaveCenter\.tmp\r20-01-1a43f474\bin\GameSaveCenter.Playnite.Tests\Release\net472\GameSaveCenter.Playnite.Tests.dll" adapterTypeName="executor://xunit/VsTestRunner3/netfx/" className="GameSaveCenter.Playnite.Tests.OverviewPriorityResolverTests" name="EmptyLibraryIsExplicitInsteadOfBeingReportedAsHealthy" />
    </UnitTest>
    <UnitTest name="GameSaveCenter.Playnite.Tests.OverviewPriorityResolverTests.CloudAttentionBecomesTheNextActionAfterOnboarding" storage="d:\workplace\github\gamesavecenter\.tmp\r20-01-1a43f474\bin\gamesavecenter.playnite.tests\release\net472\gamesavecenter.playnite.tests.dll" id="85094e6c-1abb-2227-c30a-3604e720f015">
      <Execution id="3f58a213-01fd-4406-ac63-7cddb38c1c98" />
      <TestMethod codeBase="D:\workplace\github\GameSaveCenter\.tmp\r20-01-1a43f474\bin\GameSaveCenter.Playnite.Tests\Release\net472\GameSaveCenter.Playnite.Tests.dll" adapterTypeName="executor://xunit/VsTestRunner3/netfx/" className="GameSaveCenter.Playnite.Tests.OverviewPriorityResolverTests" name="CloudAttentionBecomesTheNextActionAfterOnboarding" />
    </UnitTest>
    <UnitTest name="GameSaveCenter.Playnite.Tests.OverviewPriorityResolverTests.PriorityCopyAlwaysExplainsTheStateAndTheNextAction" storage="d:\workplace\github\gamesavecenter\.tmp\r20-01-1a43f474\bin\gamesavecenter.playnite.tests\release\net472\gamesavecenter.playnite.tests.dll" id="70a01ec6-5592-4af8-dad6-ba5c6954ccd7">
      <Execution id="c1e9e7cf-4bd1-4fb7-8bad-4b0fcfa9d538" />
      <TestMethod codeBase="D:\workplace\github\GameSaveCenter\.tmp\r20-01-1a43f474\bin\GameSaveCenter.Playnite.Tests\Release\net472\GameSaveCenter.Playnite.Tests.dll" adapterTypeName="executor://xunit/VsTestRunner3/netfx/" className="GameSaveCenter.Playnite.Tests.OverviewPriorityResolverTests" name="PriorityCopyAlwaysExplainsTheStateAndTheNextAction" />
    </UnitTest>
  </TestDefinitions>
  <TestEntries>
    <TestEntry testId="85fa235a-0298-fe7e-14ea-05a1f235c376" executionId="cf109f4f-2015-4228-9150-00a24d59ac44" testListId="8c84fa94-04c1-424b-9868-57a2d4851a1d" />
    <TestEntry testId="c129e896-9a88-5a30-8d52-4b17231878c1" executionId="beefc2dc-529b-4127-9221-0eaba523189e" testListId="8c84fa94-04c1-424b-9868-57a2d4851a1d" />
    <TestEntry testId="cd999f8f-01b3-e3c8-6e70-82a9a926851e" executionId="dda55199-e9ad-4dd0-92d8-62544de19ffd" testListId="8c84fa94-04c1-424b-9868-57a2d4851a1d" />
    <TestEntry testId="2f202e2b-cafc-a929-8443-93a7c99888a5" executionId="6546dc70-e51c-4407-aac4-43c24478fbd8" testListId="8c84fa94-04c1-424b-9868-57a2d4851a1d" />
    <TestEntry testId="c947d5c8-bcf1-f190-1590-9d7e890207e7" executionId="0b4e40c6-ca42-4299-8265-f93965c8758b" testListId="8c84fa94-04c1-424b-9868-57a2d4851a1d" />
    <TestEntry testId="2f05a3a4-3db5-7448-1017-2cc604fd0d3b" executionId="75535e13-47a2-432b-b006-9403e24d402d" testListId="8c84fa94-04c1-424b-9868-57a2d4851a1d" />
    <TestEntry testId="6b8290b8-1e12-4536-abef-54e5ddf99ed9" executionId="4000215c-68ea-411e-b472-b4a3235fa2d8" testListId="8c84fa94-04c1-424b-9868-57a2d4851a1d" />
    <TestEntry testId="85094e6c-1abb-2227-c30a-3604e720f015" executionId="3f58a213-01fd-4406-ac63-7cddb38c1c98" testListId="8c84fa94-04c1-424b-9868-57a2d4851a1d" />
    <TestEntry testId="f76b25d6-3bd0-b6e9-20da-b7c948c7aea2" executionId="ff52e5f1-74dc-411c-9faf-0f557e49f387" testListId="8c84fa94-04c1-424b-9868-57a2d4851a1d" />
    <TestEntry testId="70a01ec6-5592-4af8-dad6-ba5c6954ccd7" executionId="c1e9e7cf-4bd1-4fb7-8bad-4b0fcfa9d538" testListId="8c84fa94-04c1-424b-9868-57a2d4851a1d" />
    <TestEntry testId="730e78ca-acac-2f66-e97f-a27a90ae824f" executionId="a0670d5c-6bbf-4c4d-bfbf-15bc3aa81ca1" testListId="8c84fa94-04c1-424b-9868-57a2d4851a1d" />
    <TestEntry testId="8c8c7ea5-a94c-8c5f-6cdb-f13586415183" executionId="7dc7b1c8-3547-4af3-8be2-c8504f1ec936" testListId="8c84fa94-04c1-424b-9868-57a2d4851a1d" />
    <TestEntry testId="8678a9dd-08ee-9c91-d186-5312e2f556ac" executionId="f9cc99f1-ac71-43de-99ba-8a24a0de1d6c" testListId="8c84fa94-04c1-424b-9868-57a2d4851a1d" />
    <TestEntry testId="cc2fde98-b8b7-7a24-4ca6-f5872adc00cb" executionId="c936880b-e746-4a07-864b-e52c347fa203" testListId="8c84fa94-04c1-424b-9868-57a2d4851a1d" />
    <TestEntry testId="39a22240-c231-274b-e27e-4f01c91d7055" executionId="d32a4f49-4cd8-4c1f-9e24-df1187f36470" testListId="8c84fa94-04c1-424b-9868-57a2d4851a1d" />
  </TestEntries>
  <TestLists>
    <TestList name="列表中未列出的结果" id="8c84fa94-04c1-424b-9868-57a2d4851a1d" />
    <TestList name="所有已加载的结果" id="19431567-8539-422a-85d7-44ee4e166bda" />
  </TestLists>
  <ResultSummary outcome="Completed">
    <Counters total="15" executed="15" passed="15" failed="0" error="0" timeout="0" aborted="0" inconclusive="0" passedButRunAborted="0" notRunnable="0" notExecuted="0" disconnected="0" warning="0" completed="0" inProgress="0" pending="0" />
    <Output>
      <StdOut>[xUnit.net 00:00:00.00] xUnit.net VSTest Adapter v3.1.4+50e68bbb8b (64-bit .NET Framework 4.8.9181.0)&#xD;
[xUnit.net 00:00:00.39]   Discovering: GameSaveCenter.Playnite.Tests&#xD;
[xUnit.net 00:00:02.73]   Discovered:  GameSaveCenter.Playnite.Tests&#xD;
[xUnit.net 00:00:02.79]   Starting:    GameSaveCenter.Playnite.Tests&#xD;
[xUnit.net 00:00:03.09]   Finished:    GameSaveCenter.Playnite.Tests&#xD;
</StdOut>
    </Output>
  </ResultSummary>
</TestRun>