<?xml version="1.0" encoding="utf-8"?>
<TestRun id="367fe848-4e20-4110-8a24-2a08a0fb58df" name="lopmatu@SULT 2026-09-24 13:54:32" runUser="Sult\lopmatu" xmlns="http://microsoft.com/schemas/VisualStudio/TeamTest/2010">
  <Times creation="2026-09-24T13:54:32.9898889+08:00" queuing="2026-09-24T13:54:32.9898896+08:00" start="2026-09-24T13:54:26.9566605+08:00" finish="2026-09-24T13:54:50.1591808+08:00" />
  <TestSettings name="default" id="bc2beffe-96c1-48a9-af95-104f8b506520">
    <Deployment runDeploymentRoot="lopmatu_SULT_2026-09-24_13_54_32" />
  </TestSettings>
  <Results>
    <UnitTestResult executionId="5e850a94-895e-4bd8-8027-8d9c95ac6ea7" testId="9e86ad0a-0cd5-af76-3bc2-eba306b5eccc" testName="GameSaveCenter.Playnite.Tests.OverviewInteractionTests.PriorityHeroClickOpensTheResolvedGamePickerWithoutStartingBulkBackup(matched: False, expectedKind: &quot;Unmatched&quot;, expectedFilter: &quot;未匹配&quot;)" computerName="SULT" duration="00:00:00.1070000" startTime="2026-09-24T13:54:32.9748284+08:00" endTime="2026-09-24T13:54:33.0454594+08:00" testType="13cdc9d9-ddb5-4fa4-a97d-d965ccfc6d4b" outcome="Passed" testListId="8c84fa94-04c1-424b-9868-57a2d4851a1d" relativeResultsDirectory="5e850a94-895e-4bd8-8027-8d9c95ac6ea7" />
    <UnitTestResult executionId="bb84d35f-79ab-4a52-bfe2-d89cd0cacb4a" testId="6d88e4b5-553e-a29a-d667-4f87d20ce7e8" testName="GameSaveCenter.Playnite.Tests.OverviewInteractionTests.PriorityHeroClickOpensTheResolvedGamePickerWithoutStartingBulkBackup(matched: True, expectedKind: &quot;Backupable&quot;, expectedFilter: &quot;可备份&quot;)" computerName="SULT" duration="00:00:02.0140000" startTime="2026-09-24T13:54:30.9467672+08:00" endTime="2026-09-24T13:54:32.9387083+08:00" testType="13cdc9d9-ddb5-4fa4-a97d-d965ccfc6d4b" outcome="Passed" testListId="8c84fa94-04c1-424b-9868-57a2d4851a1d" relativeResultsDirectory="bb84d35f-79ab-4a52-bfe2-d89cd0cacb4a" />
    <UnitTestResult executionId="c623dcba-cca0-4cd2-8d41-c6e0b270d662" testId="ed25dde3-c808-d242-afc0-d404b3591215" testName="GameSaveCenter.Playnite.Tests.OverviewInteractionTests.OverviewLatestBackupRendersRelativeTextAndFullAutomationEvidence" computerName="SULT" duration="00:00:00.1310000" startTime="2026-09-24T13:54:33.1862131+08:00" endTime="2026-09-24T13:54:33.3155869+08:00" testType="13cdc9d9-ddb5-4fa4-a97d-d965ccfc6d4b" outcome="Passed" testListId="8c84fa94-04c1-424b-9868-57a2d4851a1d" relativeResultsDirectory="c623dcba-cca0-4cd2-8d41-c6e0b270d662" />
    <UnitTestResult executionId="40a0b0a8-f5cc-4764-8b97-92b811320c18" testId="e98301dd-3d71-2e01-dbfe-83cfb48a43cf" testName="GameSaveCenter.Playnite.Tests.OverviewInteractionTests.OverviewActivityRowsKeepTheirVisualTreeAndCloudQueueCardExecutesOneClickCommand" computerName="SULT" duration="00:00:00.1380000" startTime="2026-09-24T13:54:33.0494653+08:00" endTime="2026-09-24T13:54:33.1842134+08:00" testType="13cdc9d9-ddb5-4fa4-a97d-d965ccfc6d4b" outcome="Passed" testListId="8c84fa94-04c1-424b-9868-57a2d4851a1d" relativeResultsDirectory="40a0b0a8-f5cc-4764-8b97-92b811320c18" />
  </Results>
  <TestDefinitions>
    <UnitTest name="GameSaveCenter.Playnite.Tests.OverviewInteractionTests.PriorityHeroClickOpensTheResolvedGamePickerWithoutStartingBulkBackup(matched: False, expectedKind: &quot;Unmatched&quot;, expectedFilter: &quot;未匹配&quot;)" storage="d:\workplace\github\gamesavecenter\.tmp\r20-01-1a43f474\bin\gamesavecenter.playnite.tests\release\net472\gamesavecenter.playnite.tests.dll" id="9e86ad0a-0cd5-af76-3bc2-eba306b5eccc">
      <Execution id="5e850a94-895e-4bd8-8027-8d9c95ac6ea7" />
      <TestMethod codeBase="D:\workplace\github\GameSaveCenter\.tmp\r20-01-1a43f474\bin\GameSaveCenter.Playnite.Tests\Release\net472\GameSaveCenter.Playnite.Tests.dll" adapterTypeName="executor://xunit/VsTestRunner3/netfx/" className="GameSaveCenter.Playnite.Tests.OverviewInteractionTests" name="PriorityHeroClickOpensTheResolvedGamePickerWithoutStartingBulkBackup" />
    </UnitTest>
    <UnitTest name="GameSaveCenter.Playnite.Tests.OverviewInteractionTests.OverviewActivityRowsKeepTheirVisualTreeAndCloudQueueCardExecutesOneClickCommand" storage="d:\workplace\github\gamesavecenter\.tmp\r20-01-1a43f474\bin\gamesavecenter.playnite.tests\release\net472\gamesavecenter.playnite.tests.dll" id="e98301dd-3d71-2e01-dbfe-83cfb48a43cf">
      <Execution id="40a0b0a8-f5cc-4764-8b97-92b811320c18" />
      <TestMethod codeBase="D:\workplace\github\GameSaveCenter\.tmp\r20-01-1a43f474\bin\GameSaveCenter.Playnite.Tests\Release\net472\GameSaveCenter.Playnite.Tests.dll" adapterTypeName="executor://xunit/VsTestRunner3/netfx/" className="GameSaveCenter.Playnite.Tests.OverviewInteractionTests" name="OverviewActivityRowsKeepTheirVisualTreeAndCloudQueueCardExecutesOneClickCommand" />
    </UnitTest>
    <UnitTest name="GameSaveCenter.Playnite.Tests.OverviewInteractionTests.PriorityHeroClickOpensTheResolvedGamePickerWithoutStartingBulkBackup(matched: True, expectedKind: &quot;Backupable&quot;, expectedFilter: &quot;可备份&quot;)" storage="d:\workplace\github\gamesavecenter\.tmp\r20-01-1a43f474\bin\gamesavecenter.playnite.tests\release\net472\gamesavecenter.playnite.tests.dll" id="6d88e4b5-553e-a29a-d667-4f87d20ce7e8">
      <Execution id="bb84d35f-79ab-4a52-bfe2-d89cd0cacb4a" />
      <TestMethod codeBase="D:\workplace\github\GameSaveCenter\.tmp\r20-01-1a43f474\bin\GameSaveCenter.Playnite.Tests\Release\net472\GameSaveCenter.Playnite.Tests.dll" adapterTypeName="executor://xunit/VsTestRunner3/netfx/" className="GameSaveCenter.Playnite.Tests.OverviewInteractionTests" name="PriorityHeroClickOpensTheResolvedGamePickerWithoutStartingBulkBackup" />
    </UnitTest>
    <UnitTest name="GameSaveCenter.Playnite.Tests.OverviewInteractionTests.OverviewLatestBackupRendersRelativeTextAndFullAutomationEvidence" storage="d:\workplace\github\gamesavecenter\.tmp\r20-01-1a43f474\bin\gamesavecenter.playnite.tests\release\net472\gamesavecenter.playnite.tests.dll" id="ed25dde3-c808-d242-afc0-d404b3591215">
      <Execution id="c623dcba-cca0-4cd2-8d41-c6e0b270d662" />
      <TestMethod codeBase="D:\workplace\github\GameSaveCenter\.tmp\r20-01-1a43f474\bin\GameSaveCenter.Playnite.Tests\Release\net472\GameSaveCenter.Playnite.Tests.dll" adapterTypeName="executor://xunit/VsTestRunner3/netfx/" className="GameSaveCenter.Playnite.Tests.OverviewInteractionTests" name="OverviewLatestBackupRendersRelativeTextAndFullAutomationEvidence" />
    </UnitTest>
  </TestDefinitions>
  <TestEntries>
    <TestEntry testId="9e86ad0a-0cd5-af76-3bc2-eba306b5eccc" executionId="5e850a94-895e-4bd8-8027-8d9c95ac6ea7" testListId="8c84fa94-04c1-424b-9868-57a2d4851a1d" />
    <TestEntry testId="6d88e4b5-553e-a29a-d667-4f87d20ce7e8" executionId="bb84d35f-79ab-4a52-bfe2-d89cd0cacb4a" testListId="8c84fa94-04c1-424b-9868-57a2d4851a1d" />
    <TestEntry testId="ed25dde3-c808-d242-afc0-d404b3591215" executionId="c623dcba-cca0-4cd2-8d41-c6e0b270d662" testListId="8c84fa94-04c1-424b-9868-57a2d4851a1d" />
    <TestEntry testId="e98301dd-3d71-2e01-dbfe-83cfb48a43cf" executionId="40a0b0a8-f5cc-4764-8b97-92b811320c18" testListId="8c84fa94-04c1-424b-9868-57a2d4851a1d" />
  </TestEntries>
  <TestLists>
    <TestList name="列表中未列出的结果" id="8c84fa94-04c1-424b-9868-57a2d4851a1d" />
    <TestList name="所有已加载的结果" id="19431567-8539-422a-85d7-44ee4e166bda" />
  </TestLists>
  <ResultSummary outcome="Completed">
    <Counters total="4" executed="4" passed="4" failed="0" error="0" timeout="0" aborted="0" inconclusive="0" passedButRunAborted="0" notRunnable="0" notExecuted="0" disconnected="0" warning="0" completed="0" inProgress="0" pending="0" />
    <Output>
      <StdOut>[xUnit.net 00:00:00.00] xUnit.net VSTest Adapter v3.1.4+50e68bbb8b (64-bit .NET Framework 4.8.9181.0)&#xD;
[xUnit.net 00:00:00.41]   Discovering: GameSaveCenter.Playnite.Tests&#xD;
[xUnit.net 00:00:02.78]   Discovered:  GameSaveCenter.Playnite.Tests&#xD;
[xUnit.net 00:00:02.84]   Starting:    GameSaveCenter.Playnite.Tests&#xD;
[xUnit.net 00:00:05.29]   Finished:    GameSaveCenter.Playnite.Tests&#xD;
</StdOut>
    </Output>
  </ResultSummary>
</TestRun>