<?xml version="1.0" encoding="utf-8"?>
<TestRun id="f053817a-8821-4e76-99c5-a489612f4dc3" name="lopmatu@SULT 2026-09-24 13:54:56" runUser="Sult\lopmatu" xmlns="http://microsoft.com/schemas/VisualStudio/TeamTest/2010">
  <Times creation="2026-09-24T13:54:56.5198478+08:00" queuing="2026-09-24T13:54:56.5198483+08:00" start="2026-09-24T13:54:50.9864906+08:00" finish="2026-09-24T13:55:10.7720086+08:00" />
  <TestSettings name="default" id="7f1253bd-c6b6-46ff-b251-91a8e8f14b34">
    <Deployment runDeploymentRoot="lopmatu_SULT_2026-09-24_13_54_56" />
  </TestSettings>
  <Results>
    <UnitTestResult executionId="bb57f75b-0287-4886-b229-f31b5f68043d" testId="633181c0-0a73-e7d6-26b6-0b183ad8465e" testName="GameSaveCenter.Playnite.Tests.GamePickerShellSourceTests.GamePickerStatusAndSortSelectionsComeFromSharedViewModel" computerName="SULT" duration="00:00:00.0280000" startTime="2026-09-24T13:54:55.1698650+08:00" endTime="2026-09-24T13:54:55.1880443+08:00" testType="13cdc9d9-ddb5-4fa4-a97d-d965ccfc6d4b" outcome="Passed" testListId="8c84fa94-04c1-424b-9868-57a2d4851a1d" relativeResultsDirectory="bb57f75b-0287-4886-b229-f31b5f68043d" />
    <UnitTestResult executionId="e9207f5f-0d8d-45f9-b279-8f40c58d1681" testId="567b5f7d-c541-6861-9d21-6d25f46a980c" testName="GameSaveCenter.Playnite.Tests.GamePickerShellSourceTests.RefreshAndResizePathsCoalesceExpensiveVisualWork" computerName="SULT" duration="00:00:00.0140000" startTime="2026-09-24T13:54:55.1638661+08:00" endTime="2026-09-24T13:54:55.1648641+08:00" testType="13cdc9d9-ddb5-4fa4-a97d-d965ccfc6d4b" outcome="Passed" testListId="8c84fa94-04c1-424b-9868-57a2d4851a1d" relativeResultsDirectory="e9207f5f-0d8d-45f9-b279-8f40c58d1681" />
    <UnitTestResult executionId="a51516ae-7715-4777-b46d-649089ac4c6c" testId="e2870464-f93f-2c1f-0287-240e5a8a01cb" testName="GameSaveCenter.Playnite.Tests.GamePickerShellSourceTests.DashboardPickerClipsItsRoundedSelectionSurface" computerName="SULT" duration="00:00:00.0030000" startTime="2026-09-24T13:54:55.1668662+08:00" endTime="2026-09-24T13:54:55.1678674+08:00" testType="13cdc9d9-ddb5-4fa4-a97d-d965ccfc6d4b" outcome="Passed" testListId="8c84fa94-04c1-424b-9868-57a2d4851a1d" relativeResultsDirectory="a51516ae-7715-4777-b46d-649089ac4c6c" />
    <UnitTestResult executionId="693cea4f-720a-4251-ac38-fb2a22d961aa" testId="febdbb98-ce77-7cf2-f47d-4be1678b4227" testName="GameSaveCenter.Playnite.Tests.GamePickerShellSourceTests.ProductionPickerUsesRoundedSharedItemChromeAndRestoresFilterDefaults" computerName="SULT" duration="00:00:00.1650000" startTime="2026-09-24T13:54:54.9958935+08:00" endTime="2026-09-24T13:54:55.1428695+08:00" testType="13cdc9d9-ddb5-4fa4-a97d-d965ccfc6d4b" outcome="Passed" testListId="8c84fa94-04c1-424b-9868-57a2d4851a1d" relativeResultsDirectory="693cea4f-720a-4251-ac38-fb2a22d961aa" />
  </Results>
  <TestDefinitions>
    <UnitTest name="GameSaveCenter.Playnite.Tests.GamePickerShellSourceTests.ProductionPickerUsesRoundedSharedItemChromeAndRestoresFilterDefaults" storage="d:\workplace\github\gamesavecenter\.tmp\r20-01-1a43f474\bin\gamesavecenter.playnite.tests\release\net472\gamesavecenter.playnite.tests.dll" id="febdbb98-ce77-7cf2-f47d-4be1678b4227">
      <Execution id="693cea4f-720a-4251-ac38-fb2a22d961aa" />
      <TestMethod codeBase="D:\workplace\github\GameSaveCenter\.tmp\r20-01-1a43f474\bin\GameSaveCenter.Playnite.Tests\Release\net472\GameSaveCenter.Playnite.Tests.dll" adapterTypeName="executor://xunit/VsTestRunner3/netfx/" className="GameSaveCenter.Playnite.Tests.GamePickerShellSourceTests" name="ProductionPickerUsesRoundedSharedItemChromeAndRestoresFilterDefaults" />
    </UnitTest>
    <UnitTest name="GameSaveCenter.Playnite.Tests.GamePickerShellSourceTests.DashboardPickerClipsItsRoundedSelectionSurface" storage="d:\workplace\github\gamesavecenter\.tmp\r20-01-1a43f474\bin\gamesavecenter.playnite.tests\release\net472\gamesavecenter.playnite.tests.dll" id="e2870464-f93f-2c1f-0287-240e5a8a01cb">
      <Execution id="a51516ae-7715-4777-b46d-649089ac4c6c" />
      <TestMethod codeBase="D:\workplace\github\GameSaveCenter\.tmp\r20-01-1a43f474\bin\GameSaveCenter.Playnite.Tests\Release\net472\GameSaveCenter.Playnite.Tests.dll" adapterTypeName="executor://xunit/VsTestRunner3/netfx/" className="GameSaveCenter.Playnite.Tests.GamePickerShellSourceTests" name="DashboardPickerClipsItsRoundedSelectionSurface" />
    </UnitTest>
    <UnitTest name="GameSaveCenter.Playnite.Tests.GamePickerShellSourceTests.RefreshAndResizePathsCoalesceExpensiveVisualWork" storage="d:\workplace\github\gamesavecenter\.tmp\r20-01-1a43f474\bin\gamesavecenter.playnite.tests\release\net472\gamesavecenter.playnite.tests.dll" id="567b5f7d-c541-6861-9d21-6d25f46a980c">
      <Execution id="e9207f5f-0d8d-45f9-b279-8f40c58d1681" />
      <TestMethod codeBase="D:\workplace\github\GameSaveCenter\.tmp\r20-01-1a43f474\bin\GameSaveCenter.Playnite.Tests\Release\net472\GameSaveCenter.Playnite.Tests.dll" adapterTypeName="executor://xunit/VsTestRunner3/netfx/" className="GameSaveCenter.Playnite.Tests.GamePickerShellSourceTests" name="RefreshAndResizePathsCoalesceExpensiveVisualWork" />
    </UnitTest>
    <UnitTest name="GameSaveCenter.Playnite.Tests.GamePickerShellSourceTests.GamePickerStatusAndSortSelectionsComeFromSharedViewModel" storage="d:\workplace\github\gamesavecenter\.tmp\r20-01-1a43f474\bin\gamesavecenter.playnite.tests\release\net472\gamesavecenter.playnite.tests.dll" id="633181c0-0a73-e7d6-26b6-0b183ad8465e">
      <Execution id="bb57f75b-0287-4886-b229-f31b5f68043d" />
      <TestMethod codeBase="D:\workplace\github\GameSaveCenter\.tmp\r20-01-1a43f474\bin\GameSaveCenter.Playnite.Tests\Release\net472\GameSaveCenter.Playnite.Tests.dll" adapterTypeName="executor://xunit/VsTestRunner3/netfx/" className="GameSaveCenter.Playnite.Tests.GamePickerShellSourceTests" name="GamePickerStatusAndSortSelectionsComeFromSharedViewModel" />
    </UnitTest>
  </TestDefinitions>
  <TestEntries>
    <TestEntry testId="633181c0-0a73-e7d6-26b6-0b183ad8465e" executionId="bb57f75b-0287-4886-b229-f31b5f68043d" testListId="8c84fa94-04c1-424b-9868-57a2d4851a1d" />
    <TestEntry testId="567b5f7d-c541-6861-9d21-6d25f46a980c" executionId="e9207f5f-0d8d-45f9-b279-8f40c58d1681" testListId="8c84fa94-04c1-424b-9868-57a2d4851a1d" />
    <TestEntry testId="e2870464-f93f-2c1f-0287-240e5a8a01cb" executionId="a51516ae-7715-4777-b46d-649089ac4c6c" testListId="8c84fa94-04c1-424b-9868-57a2d4851a1d" />
    <TestEntry testId="febdbb98-ce77-7cf2-f47d-4be1678b4227" executionId="693cea4f-720a-4251-ac38-fb2a22d961aa" testListId="8c84fa94-04c1-424b-9868-57a2d4851a1d" />
  </TestEntries>
  <TestLists>
    <TestList name="列表中未列出的结果" id="8c84fa94-04c1-424b-9868-57a2d4851a1d" />
    <TestList name="所有已加载的结果" id="19431567-8539-422a-85d7-44ee4e166bda" />
  </TestLists>
  <ResultSummary outcome="Completed">
    <Counters total="4" executed="4" passed="4" failed="0" error="0" timeout="0" aborted="0" inconclusive="0" passedButRunAborted="0" notRunnable="0" notExecuted="0" disconnected="0" warning="0" completed="0" inProgress="0" pending="0" />
    <Output>
      <StdOut>[xUnit.net 00:00:00.00] xUnit.net VSTest Adapter v3.1.4+50e68bbb8b (64-bit .NET Framework 4.8.9181.0)&#xD;
[xUnit.net 00:00:00.42]   Discovering: GameSaveCenter.Playnite.Tests&#xD;
[xUnit.net 00:00:02.80]   Discovered:  GameSaveCenter.Playnite.Tests&#xD;
[xUnit.net 00:00:02.87]   Starting:    GameSaveCenter.Playnite.Tests&#xD;
[xUnit.net 00:00:03.15]   Finished:    GameSaveCenter.Playnite.Tests&#xD;
</StdOut>
    </Output>
  </ResultSummary>
</TestRun>