<?xml version="1.0" encoding="utf-8"?>
<TestRun id="769bd87d-b94b-40d4-981a-c90cc9726668" name="lopmatu@SULT 2026-09-24 10:53:50" runUser="Sult\lopmatu" xmlns="http://microsoft.com/schemas/VisualStudio/TeamTest/2010">
  <Times creation="2026-09-24T10:53:50.5752675+08:00" queuing="2026-09-24T10:53:50.5752679+08:00" start="2026-09-24T10:53:44.4977466+08:00" finish="2026-09-24T10:54:04.7916265+08:00" />
  <TestSettings name="default" id="4860b98b-2844-4508-b85c-6595ee49fd27">
    <Deployment runDeploymentRoot="lopmatu_SULT_2026-09-24_10_53_50" />
  </TestSettings>
  <Results>
    <UnitTestResult executionId="e511b7e3-ea0a-4354-8719-dbc041ddd6e2" testId="17d94007-d697-5f98-6953-ae61aac28e9f" testName="GameSaveCenter.Playnite.Tests.DiagnosticsEvidenceSourceTests.IsolatedHostBootstrapClosesGracefullyAndFindsInstalledDesktopThemes" computerName="SULT" duration="00:00:00.0030000" startTime="2026-09-24T10:53:49.2653692+08:00" endTime="2026-09-24T10:53:49.2673676+08:00" testType="13cdc9d9-ddb5-4fa4-a97d-d965ccfc6d4b" outcome="Passed" testListId="8c84fa94-04c1-424b-9868-57a2d4851a1d" relativeResultsDirectory="e511b7e3-ea0a-4354-8719-dbc041ddd6e2" />
    <UnitTestResult executionId="e6691b6c-170e-41b8-a540-b273fd6055bb" testId="7f6eeb7d-e06c-8628-3214-7378ef5cdcfd" testName="GameSaveCenter.Playnite.Tests.DiagnosticsEvidenceSourceTests.SyntheticHostAuditCatalogRejectsUnboundedRequests" computerName="SULT" duration="00:00:00.0010000" startTime="2026-09-24T10:53:49.2589108+08:00" endTime="2026-09-24T10:53:49.2604934+08:00" testType="13cdc9d9-ddb5-4fa4-a97d-d965ccfc6d4b" outcome="Passed" testListId="8c84fa94-04c1-424b-9868-57a2d4851a1d" relativeResultsDirectory="e6691b6c-170e-41b8-a540-b273fd6055bb" />
    <UnitTestResult executionId="4ca2d4ae-1e7b-452f-90fa-7a83a1a18fd5" testId="296d941a-58f3-f7ba-3cd6-af42d899252f" testName="GameSaveCenter.Playnite.Tests.DiagnosticsEvidenceSourceTests.Legacy52ReviewTableKeepsEveryOriginalStateReasonAndNewMapping" computerName="SULT" duration="00:00:00.1480000" startTime="2026-09-24T10:53:49.1397799+08:00" endTime="2026-09-24T10:53:49.2569084+08:00" testType="13cdc9d9-ddb5-4fa4-a97d-d965ccfc6d4b" outcome="Passed" testListId="8c84fa94-04c1-424b-9868-57a2d4851a1d" relativeResultsDirectory="4ca2d4ae-1e7b-452f-90fa-7a83a1a18fd5" />
    <UnitTestResult executionId="4fdb5614-023a-485d-864d-f7cdd253282a" testId="ebd76b9b-7394-3174-9d96-603164150982" testName="GameSaveCenter.Playnite.Tests.DiagnosticsEvidenceSourceTests.SyntheticHostAuditCatalogIsBoundedStableAndHasNoInstallTargets(count: 1)" computerName="SULT" duration="00:00:00.0010000" startTime="2026-09-24T10:53:49.1315692+08:00" endTime="2026-09-24T10:53:49.1339648+08:00" testType="13cdc9d9-ddb5-4fa4-a97d-d965ccfc6d4b" outcome="Passed" testListId="8c84fa94-04c1-424b-9868-57a2d4851a1d" relativeResultsDirectory="4fdb5614-023a-485d-864d-f7cdd253282a" />
    <UnitTestResult executionId="542d0ffc-900a-4cf7-95ca-18534b76c333" testId="addc913c-a8a5-f264-f95a-8f5ad7d7bb4e" testName="GameSaveCenter.Playnite.Tests.DiagnosticsEvidenceSourceTests.SyntheticHostAuditCatalogIsBoundedStableAndHasNoInstallTargets(count: 512)" computerName="SULT" duration="00:00:00.0950000" startTime="2026-09-24T10:53:49.0443460+08:00" endTime="2026-09-24T10:53:49.1089100+08:00" testType="13cdc9d9-ddb5-4fa4-a97d-d965ccfc6d4b" outcome="Passed" testListId="8c84fa94-04c1-424b-9868-57a2d4851a1d" relativeResultsDirectory="542d0ffc-900a-4cf7-95ca-18534b76c333" />
    <UnitTestResult executionId="c18fa276-5a0c-4b13-863e-17c198ac7406" testId="5c1df42e-dceb-8322-7372-5ae9469b7398" testName="GameSaveCenter.Playnite.Tests.DiagnosticsEvidenceSourceTests.SyntheticHostAuditCatalogIsBoundedStableAndHasNoInstallTargets(count: 64)" computerName="SULT" duration="00:00:00.0010000" startTime="2026-09-24T10:53:49.1349624+08:00" endTime="2026-09-24T10:53:49.1369715+08:00" testType="13cdc9d9-ddb5-4fa4-a97d-d965ccfc6d4b" outcome="Passed" testListId="8c84fa94-04c1-424b-9868-57a2d4851a1d" relativeResultsDirectory="c18fa276-5a0c-4b13-863e-17c198ac7406" />
    <UnitTestResult executionId="122c97d0-cb6d-4a48-9349-93aedb8b5cb7" testId="a35fe6f7-fb5c-8dc8-68a9-86e5165b622f" testName="GameSaveCenter.Playnite.Tests.DiagnosticsEvidenceSourceTests.RenderAndHostAuditEntriesDeclareEvidenceBoundariesAndTimingFields" computerName="SULT" duration="00:00:00.0520000" startTime="2026-09-24T10:53:49.2702244+08:00" endTime="2026-09-24T10:53:49.3120458+08:00" testType="13cdc9d9-ddb5-4fa4-a97d-d965ccfc6d4b" outcome="Passed" testListId="8c84fa94-04c1-424b-9868-57a2d4851a1d" relativeResultsDirectory="122c97d0-cb6d-4a48-9349-93aedb8b5cb7" />
  </Results>
  <TestDefinitions>
    <UnitTest name="GameSaveCenter.Playnite.Tests.DiagnosticsEvidenceSourceTests.SyntheticHostAuditCatalogIsBoundedStableAndHasNoInstallTargets(count: 64)" storage="d:\workplace\github\gamesavecenter\.tmp\r3b24\bin\gamesavecenter.playnite.tests\release\net472\gamesavecenter.playnite.tests.dll" id="5c1df42e-dceb-8322-7372-5ae9469b7398">
      <Execution id="c18fa276-5a0c-4b13-863e-17c198ac7406" />
      <TestMethod codeBase="D:\workplace\github\GameSaveCenter\.tmp\r3b24\bin\GameSaveCenter.Playnite.Tests\Release\net472\GameSaveCenter.Playnite.Tests.dll" adapterTypeName="executor://xunit/VsTestRunner3/netfx/" className="GameSaveCenter.Playnite.Tests.DiagnosticsEvidenceSourceTests" name="SyntheticHostAuditCatalogIsBoundedStableAndHasNoInstallTargets" />
    </UnitTest>
    <UnitTest name="GameSaveCenter.Playnite.Tests.DiagnosticsEvidenceSourceTests.SyntheticHostAuditCatalogRejectsUnboundedRequests" storage="d:\workplace\github\gamesavecenter\.tmp\r3b24\bin\gamesavecenter.playnite.tests\release\net472\gamesavecenter.playnite.tests.dll" id="7f6eeb7d-e06c-8628-3214-7378ef5cdcfd">
      <Execution id="e6691b6c-170e-41b8-a540-b273fd6055bb" />
      <TestMethod codeBase="D:\workplace\github\GameSaveCenter\.tmp\r3b24\bin\GameSaveCenter.Playnite.Tests\Release\net472\GameSaveCenter.Playnite.Tests.dll" adapterTypeName="executor://xunit/VsTestRunner3/netfx/" className="GameSaveCenter.Playnite.Tests.DiagnosticsEvidenceSourceTests" name="SyntheticHostAuditCatalogRejectsUnboundedRequests" />
    </UnitTest>
    <UnitTest name="GameSaveCenter.Playnite.Tests.DiagnosticsEvidenceSourceTests.IsolatedHostBootstrapClosesGracefullyAndFindsInstalledDesktopThemes" storage="d:\workplace\github\gamesavecenter\.tmp\r3b24\bin\gamesavecenter.playnite.tests\release\net472\gamesavecenter.playnite.tests.dll" id="17d94007-d697-5f98-6953-ae61aac28e9f">
      <Execution id="e511b7e3-ea0a-4354-8719-dbc041ddd6e2" />
      <TestMethod codeBase="D:\workplace\github\GameSaveCenter\.tmp\r3b24\bin\GameSaveCenter.Playnite.Tests\Release\net472\GameSaveCenter.Playnite.Tests.dll" adapterTypeName="executor://xunit/VsTestRunner3/netfx/" className="GameSaveCenter.Playnite.Tests.DiagnosticsEvidenceSourceTests" name="IsolatedHostBootstrapClosesGracefullyAndFindsInstalledDesktopThemes" />
    </UnitTest>
    <UnitTest name="GameSaveCenter.Playnite.Tests.DiagnosticsEvidenceSourceTests.SyntheticHostAuditCatalogIsBoundedStableAndHasNoInstallTargets(count: 1)" storage="d:\workplace\github\gamesavecenter\.tmp\r3b24\bin\gamesavecenter.playnite.tests\release\net472\gamesavecenter.playnite.tests.dll" id="ebd76b9b-7394-3174-9d96-603164150982">
      <Execution id="4fdb5614-023a-485d-864d-f7cdd253282a" />
      <TestMethod codeBase="D:\workplace\github\GameSaveCenter\.tmp\r3b24\bin\GameSaveCenter.Playnite.Tests\Release\net472\GameSaveCenter.Playnite.Tests.dll" adapterTypeName="executor://xunit/VsTestRunner3/netfx/" className="GameSaveCenter.Playnite.Tests.DiagnosticsEvidenceSourceTests" name="SyntheticHostAuditCatalogIsBoundedStableAndHasNoInstallTargets" />
    </UnitTest>
    <UnitTest name="GameSaveCenter.Playnite.Tests.DiagnosticsEvidenceSourceTests.SyntheticHostAuditCatalogIsBoundedStableAndHasNoInstallTargets(count: 512)" storage="d:\workplace\github\gamesavecenter\.tmp\r3b24\bin\gamesavecenter.playnite.tests\release\net472\gamesavecenter.playnite.tests.dll" id="addc913c-a8a5-f264-f95a-8f5ad7d7bb4e">
      <Execution id="542d0ffc-900a-4cf7-95ca-18534b76c333" />
      <TestMethod codeBase="D:\workplace\github\GameSaveCenter\.tmp\r3b24\bin\GameSaveCenter.Playnite.Tests\Release\net472\GameSaveCenter.Playnite.Tests.dll" adapterTypeName="executor://xunit/VsTestRunner3/netfx/" className="GameSaveCenter.Playnite.Tests.DiagnosticsEvidenceSourceTests" name="SyntheticHostAuditCatalogIsBoundedStableAndHasNoInstallTargets" />
    </UnitTest>
    <UnitTest name="GameSaveCenter.Playnite.Tests.DiagnosticsEvidenceSourceTests.Legacy52ReviewTableKeepsEveryOriginalStateReasonAndNewMapping" storage="d:\workplace\github\gamesavecenter\.tmp\r3b24\bin\gamesavecenter.playnite.tests\release\net472\gamesavecenter.playnite.tests.dll" id="296d941a-58f3-f7ba-3cd6-af42d899252f">
      <Execution id="4ca2d4ae-1e7b-452f-90fa-7a83a1a18fd5" />
      <TestMethod codeBase="D:\workplace\github\GameSaveCenter\.tmp\r3b24\bin\GameSaveCenter.Playnite.Tests\Release\net472\GameSaveCenter.Playnite.Tests.dll" adapterTypeName="executor://xunit/VsTestRunner3/netfx/" className="GameSaveCenter.Playnite.Tests.DiagnosticsEvidenceSourceTests" name="Legacy52ReviewTableKeepsEveryOriginalStateReasonAndNewMapping" />
    </UnitTest>
    <UnitTest name="GameSaveCenter.Playnite.Tests.DiagnosticsEvidenceSourceTests.RenderAndHostAuditEntriesDeclareEvidenceBoundariesAndTimingFields" storage="d:\workplace\github\gamesavecenter\.tmp\r3b24\bin\gamesavecenter.playnite.tests\release\net472\gamesavecenter.playnite.tests.dll" id="a35fe6f7-fb5c-8dc8-68a9-86e5165b622f">
      <Execution id="122c97d0-cb6d-4a48-9349-93aedb8b5cb7" />
      <TestMethod codeBase="D:\workplace\github\GameSaveCenter\.tmp\r3b24\bin\GameSaveCenter.Playnite.Tests\Release\net472\GameSaveCenter.Playnite.Tests.dll" adapterTypeName="executor://xunit/VsTestRunner3/netfx/" className="GameSaveCenter.Playnite.Tests.DiagnosticsEvidenceSourceTests" name="RenderAndHostAuditEntriesDeclareEvidenceBoundariesAndTimingFields" />
    </UnitTest>
  </TestDefinitions>
  <TestEntries>
    <TestEntry testId="17d94007-d697-5f98-6953-ae61aac28e9f" executionId="e511b7e3-ea0a-4354-8719-dbc041ddd6e2" testListId="8c84fa94-04c1-424b-9868-57a2d4851a1d" />
    <TestEntry testId="7f6eeb7d-e06c-8628-3214-7378ef5cdcfd" executionId="e6691b6c-170e-41b8-a540-b273fd6055bb" testListId="8c84fa94-04c1-424b-9868-57a2d4851a1d" />
    <TestEntry testId="296d941a-58f3-f7ba-3cd6-af42d899252f" executionId="4ca2d4ae-1e7b-452f-90fa-7a83a1a18fd5" testListId="8c84fa94-04c1-424b-9868-57a2d4851a1d" />
    <TestEntry testId="ebd76b9b-7394-3174-9d96-603164150982" executionId="4fdb5614-023a-485d-864d-f7cdd253282a" testListId="8c84fa94-04c1-424b-9868-57a2d4851a1d" />
    <TestEntry testId="addc913c-a8a5-f264-f95a-8f5ad7d7bb4e" executionId="542d0ffc-900a-4cf7-95ca-18534b76c333" testListId="8c84fa94-04c1-424b-9868-57a2d4851a1d" />
    <TestEntry testId="5c1df42e-dceb-8322-7372-5ae9469b7398" executionId="c18fa276-5a0c-4b13-863e-17c198ac7406" testListId="8c84fa94-04c1-424b-9868-57a2d4851a1d" />
    <TestEntry testId="a35fe6f7-fb5c-8dc8-68a9-86e5165b622f" executionId="122c97d0-cb6d-4a48-9349-93aedb8b5cb7" testListId="8c84fa94-04c1-424b-9868-57a2d4851a1d" />
  </TestEntries>
  <TestLists>
    <TestList name="列表中未列出的结果" id="8c84fa94-04c1-424b-9868-57a2d4851a1d" />
    <TestList name="所有已加载的结果" id="19431567-8539-422a-85d7-44ee4e166bda" />
  </TestLists>
  <ResultSummary outcome="Completed">
    <Counters total="7" executed="7" passed="7" failed="0" error="0" timeout="0" aborted="0" inconclusive="0" passedButRunAborted="0" notRunnable="0" notExecuted="0" disconnected="0" warning="0" completed="0" inProgress="0" pending="0" />
    <Output>
      <StdOut>[xUnit.net 00:00:00.00] xUnit.net VSTest Adapter v3.1.4+50e68bbb8b (64-bit .NET Framework 4.8.9181.0)&#xD;
[xUnit.net 00:00:00.54]   Discovering: GameSaveCenter.Playnite.Tests&#xD;
[xUnit.net 00:00:02.95]   Discovered:  GameSaveCenter.Playnite.Tests&#xD;
[xUnit.net 00:00:03.03]   Starting:    GameSaveCenter.Playnite.Tests&#xD;
[xUnit.net 00:00:03.39]   Finished:    GameSaveCenter.Playnite.Tests&#xD;
</StdOut>
    </Output>
  </ResultSummary>
</TestRun>