<?xml version="1.0" encoding="utf-8"?>
<TestRun id="73d57dbf-d08f-4e7a-9918-d7b979420fd9" name="lopmatu@SULT 2026-09-24 01:00:45" runUser="Sult\lopmatu" xmlns="http://microsoft.com/schemas/VisualStudio/TeamTest/2010">
  <Times creation="2026-09-24T01:00:45.9681391+08:00" queuing="2026-09-24T01:00:45.9681395+08:00" start="2026-09-24T01:00:40.6421072+08:00" finish="2026-09-24T01:01:05.2860620+08:00" />
  <TestSettings name="default" id="36c3a410-3c11-4212-b605-de5f8d7203a5">
    <Deployment runDeploymentRoot="lopmatu_SULT_2026-09-24_01_00_45" />
  </TestSettings>
  <Results>
    <UnitTestResult executionId="f0e7332e-441b-40b8-b069-f4b5c47448b1" testId="04469233-089c-a3c3-23fb-16b1f629bf90" testName="GameSaveCenter.Playnite.Tests.ProductionShellChromeSourceTests.ReducedMotionNormalizesSidebarToItsFinalStateInAnActualWpfWindow" computerName="SULT" duration="00:00:00.1740000" startTime="2026-09-24T01:00:49.1993387+08:00" endTime="2026-09-24T01:00:49.3706657+08:00" testType="13cdc9d9-ddb5-4fa4-a97d-d965ccfc6d4b" outcome="Passed" testListId="8c84fa94-04c1-424b-9868-57a2d4851a1d" relativeResultsDirectory="f0e7332e-441b-40b8-b069-f4b5c47448b1" />
    <UnitTestResult executionId="e3662663-bb5c-4cb1-829e-a6a78535c0d2" testId="5b92d484-f6f0-286a-f232-9ef2ecc57b98" testName="GameSaveCenter.Playnite.Tests.ReportedWorkspaceLayoutBehaviorTests.SettingsHeaderAndPathActionsStayAnchoredToTheirLabelsAndEachOther(theme: Dark)" computerName="SULT" duration="00:00:01.7900000" startTime="2026-09-24T01:00:49.6418380+08:00" endTime="2026-09-24T01:00:51.4314858+08:00" testType="13cdc9d9-ddb5-4fa4-a97d-d965ccfc6d4b" outcome="Passed" testListId="8c84fa94-04c1-424b-9868-57a2d4851a1d" relativeResultsDirectory="e3662663-bb5c-4cb1-829e-a6a78535c0d2">
      <Output>
        <StdOut>Dark Settings: icon/title topΔ=11.33 DIP, horizontal gap=12 DIP, search/title leftΔ=0 DIP, centered-negative Δ=287.33 DIP, wide shell/search=1360/0 DIP, search size=520×36 DIP, reset/title leftΔ=0 DIP, reset/search gap=14 DIP, reset controls center/height spread=0/0 DIP (Button=90.67×36 DIP @ 71.33, Button=102.67×36 DIP @ 71.33, ComboBox=260×36 DIP @ 71.33), compact search width/overflow/leftΔ=392/0/0 DIP, save-hint row=1-&gt;0, hint/title topΔ=19.33 DIP, path control center spread=0 DIP, height spread=0 DIP (Button/浏览: 36, Button/校验: 36, Button/打开: 36, Button/复制: 36, ComboBox/combo: 36)</StdOut>
      </Output>
    </UnitTestResult>
    <UnitTestResult executionId="7626254d-1ae6-49d2-a6d4-b4446314ff89" testId="76a54e3b-07fb-d7ce-3cc2-a4e3ece5c98a" testName="GameSaveCenter.Playnite.Tests.UiFinesseFoundationTests.EntranceMotionTakesOverFromTheCurrentEffectiveValue" computerName="SULT" duration="00:00:00.0030000" startTime="2026-09-24T01:00:46.7032725+08:00" endTime="2026-09-24T01:00:46.7032725+08:00" testType="13cdc9d9-ddb5-4fa4-a97d-d965ccfc6d4b" outcome="Passed" testListId="8c84fa94-04c1-424b-9868-57a2d4851a1d" relativeResultsDirectory="7626254d-1ae6-49d2-a6d4-b4446314ff89" />
    <UnitTestResult executionId="baec6de8-a5fc-45c1-9fcd-513add3f6b01" testId="6506c46a-d5a7-f95e-aca6-837d6a017fd1" testName="GameSaveCenter.Playnite.Tests.UiFinesseFoundationTests.MotionAnimationsReleaseClocksAtTheirFinalValues" computerName="SULT" duration="00:00:00.3400000" startTime="2026-09-24T01:00:45.9242358+08:00" endTime="2026-09-24T01:00:46.2523742+08:00" testType="13cdc9d9-ddb5-4fa4-a97d-d965ccfc6d4b" outcome="Passed" testListId="8c84fa94-04c1-424b-9868-57a2d4851a1d" relativeResultsDirectory="baec6de8-a5fc-45c1-9fcd-513add3f6b01" />
    <UnitTestResult executionId="8ad08afc-97b2-4a9e-b508-c7d71a7abcad" testId="c90e4bce-3003-f281-0ef5-5b8a4fd1825b" testName="GameSaveCenter.Playnite.Tests.ProductionShellChromeSourceTests.CollapsedSidebarPreservesSelectedWorkspaceAndAccessibleNavigation" computerName="SULT" duration="00:00:00.1720000" startTime="2026-09-24T01:00:49.4032610+08:00" endTime="2026-09-24T01:00:49.5678891+08:00" testType="13cdc9d9-ddb5-4fa4-a97d-d965ccfc6d4b" outcome="Passed" testListId="8c84fa94-04c1-424b-9868-57a2d4851a1d" relativeResultsDirectory="8ad08afc-97b2-4a9e-b508-c7d71a7abcad" />
    <UnitTestResult executionId="ae89b4ac-2664-44a0-b240-1e502b97f256" testId="a29641ed-19c5-0b5e-db3f-6660fe37cca2" testName="GameSaveCenter.Playnite.Tests.ProductionShellChromeSourceTests.SettingsViewRequestsAUsableDefaultWindowSize" computerName="SULT" duration="00:00:00.0040000" startTime="2026-09-24T01:00:46.7252691+08:00" endTime="2026-09-24T01:00:46.7272699+08:00" testType="13cdc9d9-ddb5-4fa4-a97d-d965ccfc6d4b" outcome="Passed" testListId="8c84fa94-04c1-424b-9868-57a2d4851a1d" relativeResultsDirectory="ae89b4ac-2664-44a0-b240-1e502b97f256" />
    <UnitTestResult executionId="f11a3232-4acb-4d3e-ac43-367b33cab66c" testId="f19e3d79-ae6e-4cfd-71e1-148e8783319f" testName="GameSaveCenter.Playnite.Tests.UiFinesseFoundationTests.ExternalMutableTransformsAreOwnedPerElement" computerName="SULT" duration="00:00:00.0340000" startTime="2026-09-24T01:00:45.0954033+08:00" endTime="2026-09-24T01:00:45.1274054+08:00" testType="13cdc9d9-ddb5-4fa4-a97d-d965ccfc6d4b" outcome="Passed" testListId="8c84fa94-04c1-424b-9868-57a2d4851a1d" relativeResultsDirectory="f11a3232-4acb-4d3e-ac43-367b33cab66c" />
    <UnitTestResult executionId="af2c54ce-35d8-4caf-91e7-1ee3f141f30d" testId="5fb50c9a-0c45-c659-aa66-4340219aa4f1" testName="GameSaveCenter.Playnite.Tests.UiFinesseFoundationTests.ProductionMotionCallsResolveDurationsFromTheirVisualHost" computerName="SULT" duration="00:00:00.1310000" startTime="2026-09-24T01:00:44.4394330+08:00" endTime="2026-09-24T01:00:44.5537856+08:00" testType="13cdc9d9-ddb5-4fa4-a97d-d965ccfc6d4b" outcome="Passed" testListId="8c84fa94-04c1-424b-9868-57a2d4851a1d" relativeResultsDirectory="af2c54ce-35d8-4caf-91e7-1ee3f141f30d" />
    <UnitTestResult executionId="8de31a09-3dbe-4511-af4d-bc50d74dc4cf" testId="75ca79db-b027-08a2-e25a-688b648df12f" testName="GameSaveCenter.Playnite.Tests.ProductionShellChromeSourceTests.SidebarTransitionReleasesClocksOnCompletionAndUnloadInAnActualWpfWindow" computerName="SULT" duration="00:00:00.3540000" startTime="2026-09-24T01:00:48.8459249+08:00" endTime="2026-09-24T01:00:49.1973387+08:00" testType="13cdc9d9-ddb5-4fa4-a97d-d965ccfc6d4b" outcome="Passed" testListId="8c84fa94-04c1-424b-9868-57a2d4851a1d" relativeResultsDirectory="8de31a09-3dbe-4511-af4d-bc50d74dc4cf" />
    <UnitTestResult executionId="c35837e1-cfff-4ba5-8962-c82302e565d4" testId="9aa82e10-fd74-87f8-ec6a-647d043d929d" testName="GameSaveCenter.Playnite.Tests.ProductionShellChromeSourceTests.ProductionHeaderUsesRoundedSharedChrome" computerName="SULT" duration="00:00:00.0020000" startTime="2026-09-24T01:00:46.7362699+08:00" endTime="2026-09-24T01:00:46.7372735+08:00" testType="13cdc9d9-ddb5-4fa4-a97d-d965ccfc6d4b" outcome="Passed" testListId="8c84fa94-04c1-424b-9868-57a2d4851a1d" relativeResultsDirectory="c35837e1-cfff-4ba5-8962-c82302e565d4" />
    <UnitTestResult executionId="5a5a0715-ae69-41be-8bfb-88fc9fd3efb9" testId="de8d20cc-5b9b-688c-4470-a244f313ea63" testName="GameSaveCenter.Playnite.Tests.ProductionShellChromeSourceTests.ProductionSidebarCollapseIsAnIntegratedBoundaryAffordance" computerName="SULT" duration="00:00:00.0150000" startTime="2026-09-24T01:00:49.3786666+08:00" endTime="2026-09-24T01:00:49.3916655+08:00" testType="13cdc9d9-ddb5-4fa4-a97d-d965ccfc6d4b" outcome="Passed" testListId="8c84fa94-04c1-424b-9868-57a2d4851a1d" relativeResultsDirectory="5a5a0715-ae69-41be-8bfb-88fc9fd3efb9" />
    <UnitTestResult executionId="eeb372fe-4a13-4fb7-ac91-bd35dc9ea5fc" testId="3e867d51-35ab-df84-be15-7cde1b106a2b" testName="GameSaveCenter.Playnite.Tests.ReportedWorkspaceLayoutBehaviorTests.SettingsHeaderAndPathActionsStayAnchoredToTheirLabelsAndEachOther(theme: Light)" computerName="SULT" duration="00:00:01.7190000" startTime="2026-09-24T01:00:51.4334878+08:00" endTime="2026-09-24T01:00:53.1491234+08:00" testType="13cdc9d9-ddb5-4fa4-a97d-d965ccfc6d4b" outcome="Passed" testListId="8c84fa94-04c1-424b-9868-57a2d4851a1d" relativeResultsDirectory="eeb372fe-4a13-4fb7-ac91-bd35dc9ea5fc">
      <Output>
        <StdOut>Light Settings: icon/title topΔ=11.33 DIP, horizontal gap=12 DIP, search/title leftΔ=0 DIP, centered-negative Δ=287.33 DIP, wide shell/search=1360/0 DIP, search size=520×36 DIP, reset/title leftΔ=0 DIP, reset/search gap=14 DIP, reset controls center/height spread=0/0 DIP (Button=90.67×36 DIP @ 71.33, Button=102.67×36 DIP @ 71.33, ComboBox=260×36 DIP @ 71.33), compact search width/overflow/leftΔ=392/0/0 DIP, save-hint row=1-&gt;0, hint/title topΔ=19.33 DIP, path control center spread=0 DIP, height spread=0 DIP (Button/浏览: 36, Button/校验: 36, Button/打开: 36, Button/复制: 36, ComboBox/combo: 36)</StdOut>
      </Output>
    </UnitTestResult>
    <UnitTestResult executionId="8cceef8a-953c-44d5-b90e-56359a352e5b" testId="f309897d-c6b0-d19b-520c-32b89a8f6a8d" testName="GameSaveCenter.Playnite.Tests.ProductionShellChromeSourceTests.ProductionFooterOwnsWorkerStatusAndSpansTheShell" computerName="SULT" duration="00:00:00.0060000" startTime="2026-09-24T01:00:49.3726656+08:00" endTime="2026-09-24T01:00:49.3766659+08:00" testType="13cdc9d9-ddb5-4fa4-a97d-d965ccfc6d4b" outcome="Passed" testListId="8c84fa94-04c1-424b-9868-57a2d4851a1d" relativeResultsDirectory="8cceef8a-953c-44d5-b90e-56359a352e5b" />
    <UnitTestResult executionId="15137575-c179-4db0-83bb-a016aeb7c386" testId="1548ba8d-3ea9-9056-1665-39188fe2b76c" testName="GameSaveCenter.Playnite.Tests.ProductionShellChromeSourceTests.SidebarTransitionUsesTheCurrentWidthAndKeepsTheLatestTarget" computerName="SULT" duration="00:00:00.0040000" startTime="2026-09-24T01:00:49.3936655+08:00" endTime="2026-09-24T01:00:49.4012602+08:00" testType="13cdc9d9-ddb5-4fa4-a97d-d965ccfc6d4b" outcome="Passed" testListId="8c84fa94-04c1-424b-9868-57a2d4851a1d" relativeResultsDirectory="15137575-c179-4db0-83bb-a016aeb7c386" />
    <UnitTestResult executionId="65d26c65-b65d-40fb-997b-99334e03ada8" testId="338c63d3-be00-f9e3-afea-10d6594aa40d" testName="GameSaveCenter.Playnite.Tests.ProductionShellChromeSourceTests.GameBackgroundCoversTheWholeShellWithoutAColumnGutter" computerName="SULT" duration="00:00:00.0030000" startTime="2026-09-24T01:00:46.7392700+08:00" endTime="2026-09-24T01:00:46.7402709+08:00" testType="13cdc9d9-ddb5-4fa4-a97d-d965ccfc6d4b" outcome="Passed" testListId="8c84fa94-04c1-424b-9868-57a2d4851a1d" relativeResultsDirectory="65d26c65-b65d-40fb-997b-99334e03ada8" />
    <UnitTestResult executionId="3aaa49d2-2a2e-4d28-9bcc-8025196155b7" testId="62374cfa-eb7b-48c7-3231-ac7dbc0ffb9b" testName="GameSaveCenter.Playnite.Tests.UiFinesseFoundationTests.MotionHostResourceOverridesTheCanonicalTokenWithoutChangingFallbacks" computerName="SULT" duration="00:00:00.5390000" startTime="2026-09-24T01:00:44.5761813+08:00" endTime="2026-09-24T01:00:45.0934034+08:00" testType="13cdc9d9-ddb5-4fa4-a97d-d965ccfc6d4b" outcome="Passed" testListId="8c84fa94-04c1-424b-9868-57a2d4851a1d" relativeResultsDirectory="3aaa49d2-2a2e-4d28-9bcc-8025196155b7" />
    <UnitTestResult executionId="c15926f6-4dee-4ab3-a010-c8d2c15a8001" testId="7975ce04-429f-8c84-53b1-78cb375d2db8" testName="GameSaveCenter.Playnite.Tests.UiFinesseFoundationTests.CSharpMotionMatchesTheMotionTokenContract" computerName="SULT" duration="00:00:00.0020000" startTime="2026-09-24T01:00:45.9122297+08:00" endTime="2026-09-24T01:00:45.9132336+08:00" testType="13cdc9d9-ddb5-4fa4-a97d-d965ccfc6d4b" outcome="Passed" testListId="8c84fa94-04c1-424b-9868-57a2d4851a1d" relativeResultsDirectory="c15926f6-4dee-4ab3-a010-c8d2c15a8001" />
    <UnitTestResult executionId="9448a9e6-f726-4240-8cab-98acc4a95d33" testId="47f26013-d370-ef0b-022f-0dc58975f2ee" testName="GameSaveCenter.Playnite.Tests.UiFinesseFoundationTests.EntranceMotionReentryKeepsTheCurrentDispatcherValue" computerName="SULT" duration="00:00:00.4490000" startTime="2026-09-24T01:00:46.2543717+08:00" endTime="2026-09-24T01:00:46.7012727+08:00" testType="13cdc9d9-ddb5-4fa4-a97d-d965ccfc6d4b" outcome="Passed" testListId="8c84fa94-04c1-424b-9868-57a2d4851a1d" relativeResultsDirectory="9448a9e6-f726-4240-8cab-98acc4a95d33" />
    <UnitTestResult executionId="651a3d9a-afe7-4308-bec2-fe5d7873e740" testId="6c5adfd2-85e8-3109-d95d-c3e4eb24dc53" testName="GameSaveCenter.Playnite.Tests.UiFinesseFoundationTests.ScaleTransformIsReusedInAStableCompositeTree" computerName="SULT" duration="00:00:00.0130000" startTime="2026-09-24T01:00:46.7052703+08:00" endTime="2026-09-24T01:00:46.7162712+08:00" testType="13cdc9d9-ddb5-4fa4-a97d-d965ccfc6d4b" outcome="Passed" testListId="8c84fa94-04c1-424b-9868-57a2d4851a1d" relativeResultsDirectory="651a3d9a-afe7-4308-bec2-fe5d7873e740" />
    <UnitTestResult executionId="f59e17f2-89ef-443f-aecb-1fcd1be2a53d" testId="a90a20b7-ccc0-4b27-a33f-41cf90f667ba" testName="GameSaveCenter.Playnite.Tests.UiFinesseFoundationTests.EntranceMotionReentryKeepsTheRenderedBaseWhenLatestClockIsCancelled" computerName="SULT" duration="00:00:00.7830000" startTime="2026-09-24T01:00:45.1284027+08:00" endTime="2026-09-24T01:00:45.9102278+08:00" testType="13cdc9d9-ddb5-4fa4-a97d-d965ccfc6d4b" outcome="Passed" testListId="8c84fa94-04c1-424b-9868-57a2d4851a1d" relativeResultsDirectory="f59e17f2-89ef-443f-aecb-1fcd1be2a53d" />
    <UnitTestResult executionId="739a3698-f97f-42fc-9795-4cb240462f0c" testId="db8f5900-7a9f-01fc-ca1c-4d5845918f01" testName="GameSaveCenter.Playnite.Tests.ProductionShellChromeSourceTests.ExpandedSidebarKeepsBrandBadgeClearAndLeavesMainAreaAvailableForLongLabels" computerName="SULT" duration="00:00:00.0710000" startTime="2026-09-24T01:00:49.5688692+08:00" endTime="2026-09-24T01:00:49.6388377+08:00" testType="13cdc9d9-ddb5-4fa4-a97d-d965ccfc6d4b" outcome="Passed" testListId="8c84fa94-04c1-424b-9868-57a2d4851a1d" relativeResultsDirectory="739a3698-f97f-42fc-9795-4cb240462f0c" />
    <UnitTestResult executionId="0f931649-dbee-41b0-803a-29771b9be653" testId="c77d0e65-f1bc-c915-e051-97cc0bd7064d" testName="GameSaveCenter.Playnite.Tests.ProductionShellChromeSourceTests.GameBackgroundPreferenceControlsDecodeAndMaterialFallback" computerName="SULT" duration="00:00:00.0080000" startTime="2026-09-24T01:00:46.7282701+08:00" endTime="2026-09-24T01:00:46.7352699+08:00" testType="13cdc9d9-ddb5-4fa4-a97d-d965ccfc6d4b" outcome="Passed" testListId="8c84fa94-04c1-424b-9868-57a2d4851a1d" relativeResultsDirectory="0f931649-dbee-41b0-803a-29771b9be653" />
    <UnitTestResult executionId="dc37ca4b-4942-49ec-ae44-373816c18dde" testId="f7e8f72a-1113-e6b8-9ef2-56831f711338" testName="GameSaveCenter.Playnite.Tests.ProductionShellChromeSourceTests.ReducedMotionCancelsAnActiveSidebarTransitionWithoutLateClockWrites" computerName="SULT" duration="00:00:02.1030000" startTime="2026-09-24T01:00:46.7432705+08:00" endTime="2026-09-24T01:00:48.8429449+08:00" testType="13cdc9d9-ddb5-4fa4-a97d-d965ccfc6d4b" outcome="Passed" testListId="8c84fa94-04c1-424b-9868-57a2d4851a1d" relativeResultsDirectory="dc37ca4b-4942-49ec-ae44-373816c18dde" />
  </Results>
  <TestDefinitions>
    <UnitTest name="GameSaveCenter.Playnite.Tests.ProductionShellChromeSourceTests.SidebarTransitionUsesTheCurrentWidthAndKeepsTheLatestTarget" storage="d:\workplace\github\gamesavecenter\.tmp\build-main-4b7f0a34\bin\gamesavecenter.playnite.tests\release\net472\gamesavecenter.playnite.tests.dll" id="1548ba8d-3ea9-9056-1665-39188fe2b76c">
      <Execution id="15137575-c179-4db0-83bb-a016aeb7c386" />
      <TestMethod codeBase="D:\workplace\github\GameSaveCenter\.tmp\build-main-4b7f0a34\bin\GameSaveCenter.Playnite.Tests\Release\net472\GameSaveCenter.Playnite.Tests.dll" adapterTypeName="executor://xunit/VsTestRunner3/netfx/" className="GameSaveCenter.Playnite.Tests.ProductionShellChromeSourceTests" name="SidebarTransitionUsesTheCurrentWidthAndKeepsTheLatestTarget" />
    </UnitTest>
    <UnitTest name="GameSaveCenter.Playnite.Tests.UiFinesseFoundationTests.EntranceMotionTakesOverFromTheCurrentEffectiveValue" storage="d:\workplace\github\gamesavecenter\.tmp\build-main-4b7f0a34\bin\gamesavecenter.playnite.tests\release\net472\gamesavecenter.playnite.tests.dll" id="76a54e3b-07fb-d7ce-3cc2-a4e3ece5c98a">
      <Execution id="7626254d-1ae6-49d2-a6d4-b4446314ff89" />
      <TestMethod codeBase="D:\workplace\github\GameSaveCenter\.tmp\build-main-4b7f0a34\bin\GameSaveCenter.Playnite.Tests\Release\net472\GameSaveCenter.Playnite.Tests.dll" adapterTypeName="executor://xunit/VsTestRunner3/netfx/" className="GameSaveCenter.Playnite.Tests.UiFinesseFoundationTests" name="EntranceMotionTakesOverFromTheCurrentEffectiveValue" />
    </UnitTest>
    <UnitTest name="GameSaveCenter.Playnite.Tests.ProductionShellChromeSourceTests.ProductionSidebarCollapseIsAnIntegratedBoundaryAffordance" storage="d:\workplace\github\gamesavecenter\.tmp\build-main-4b7f0a34\bin\gamesavecenter.playnite.tests\release\net472\gamesavecenter.playnite.tests.dll" id="de8d20cc-5b9b-688c-4470-a244f313ea63">
      <Execution id="5a5a0715-ae69-41be-8bfb-88fc9fd3efb9" />
      <TestMethod codeBase="D:\workplace\github\GameSaveCenter\.tmp\build-main-4b7f0a34\bin\GameSaveCenter.Playnite.Tests\Release\net472\GameSaveCenter.Playnite.Tests.dll" adapterTypeName="executor://xunit/VsTestRunner3/netfx/" className="GameSaveCenter.Playnite.Tests.ProductionShellChromeSourceTests" name="ProductionSidebarCollapseIsAnIntegratedBoundaryAffordance" />
    </UnitTest>
    <UnitTest name="GameSaveCenter.Playnite.Tests.UiFinesseFoundationTests.ExternalMutableTransformsAreOwnedPerElement" storage="d:\workplace\github\gamesavecenter\.tmp\build-main-4b7f0a34\bin\gamesavecenter.playnite.tests\release\net472\gamesavecenter.playnite.tests.dll" id="f19e3d79-ae6e-4cfd-71e1-148e8783319f">
      <Execution id="f11a3232-4acb-4d3e-ac43-367b33cab66c" />
      <TestMethod codeBase="D:\workplace\github\GameSaveCenter\.tmp\build-main-4b7f0a34\bin\GameSaveCenter.Playnite.Tests\Release\net472\GameSaveCenter.Playnite.Tests.dll" adapterTypeName="executor://xunit/VsTestRunner3/netfx/" className="GameSaveCenter.Playnite.Tests.UiFinesseFoundationTests" name="ExternalMutableTransformsAreOwnedPerElement" />
    </UnitTest>
    <UnitTest name="GameSaveCenter.Playnite.Tests.UiFinesseFoundationTests.ScaleTransformIsReusedInAStableCompositeTree" storage="d:\workplace\github\gamesavecenter\.tmp\build-main-4b7f0a34\bin\gamesavecenter.playnite.tests\release\net472\gamesavecenter.playnite.tests.dll" id="6c5adfd2-85e8-3109-d95d-c3e4eb24dc53">
      <Execution id="651a3d9a-afe7-4308-bec2-fe5d7873e740" />
      <TestMethod codeBase="D:\workplace\github\GameSaveCenter\.tmp\build-main-4b7f0a34\bin\GameSaveCenter.Playnite.Tests\Release\net472\GameSaveCenter.Playnite.Tests.dll" adapterTypeName="executor://xunit/VsTestRunner3/netfx/" className="GameSaveCenter.Playnite.Tests.UiFinesseFoundationTests" name="ScaleTransformIsReusedInAStableCompositeTree" />
    </UnitTest>
    <UnitTest name="GameSaveCenter.Playnite.Tests.ProductionShellChromeSourceTests.SidebarTransitionReleasesClocksOnCompletionAndUnloadInAnActualWpfWindow" storage="d:\workplace\github\gamesavecenter\.tmp\build-main-4b7f0a34\bin\gamesavecenter.playnite.tests\release\net472\gamesavecenter.playnite.tests.dll" id="75ca79db-b027-08a2-e25a-688b648df12f">
      <Execution id="8de31a09-3dbe-4511-af4d-bc50d74dc4cf" />
      <TestMethod codeBase="D:\workplace\github\GameSaveCenter\.tmp\build-main-4b7f0a34\bin\GameSaveCenter.Playnite.Tests\Release\net472\GameSaveCenter.Playnite.Tests.dll" adapterTypeName="executor://xunit/VsTestRunner3/netfx/" className="GameSaveCenter.Playnite.Tests.ProductionShellChromeSourceTests" name="SidebarTransitionReleasesClocksOnCompletionAndUnloadInAnActualWpfWindow" />
    </UnitTest>
    <UnitTest name="GameSaveCenter.Playnite.Tests.UiFinesseFoundationTests.CSharpMotionMatchesTheMotionTokenContract" storage="d:\workplace\github\gamesavecenter\.tmp\build-main-4b7f0a34\bin\gamesavecenter.playnite.tests\release\net472\gamesavecenter.playnite.tests.dll" id="7975ce04-429f-8c84-53b1-78cb375d2db8">
      <Execution id="c15926f6-4dee-4ab3-a010-c8d2c15a8001" />
      <TestMethod codeBase="D:\workplace\github\GameSaveCenter\.tmp\build-main-4b7f0a34\bin\GameSaveCenter.Playnite.Tests\Release\net472\GameSaveCenter.Playnite.Tests.dll" adapterTypeName="executor://xunit/VsTestRunner3/netfx/" className="GameSaveCenter.Playnite.Tests.UiFinesseFoundationTests" name="CSharpMotionMatchesTheMotionTokenContract" />
    </UnitTest>
    <UnitTest name="GameSaveCenter.Playnite.Tests.ProductionShellChromeSourceTests.CollapsedSidebarPreservesSelectedWorkspaceAndAccessibleNavigation" storage="d:\workplace\github\gamesavecenter\.tmp\build-main-4b7f0a34\bin\gamesavecenter.playnite.tests\release\net472\gamesavecenter.playnite.tests.dll" id="c90e4bce-3003-f281-0ef5-5b8a4fd1825b">
      <Execution id="8ad08afc-97b2-4a9e-b508-c7d71a7abcad" />
      <TestMethod codeBase="D:\workplace\github\GameSaveCenter\.tmp\build-main-4b7f0a34\bin\GameSaveCenter.Playnite.Tests\Release\net472\GameSaveCenter.Playnite.Tests.dll" adapterTypeName="executor://xunit/VsTestRunner3/netfx/" className="GameSaveCenter.Playnite.Tests.ProductionShellChromeSourceTests" name="CollapsedSidebarPreservesSelectedWorkspaceAndAccessibleNavigation" />
    </UnitTest>
    <UnitTest name="GameSaveCenter.Playnite.Tests.UiFinesseFoundationTests.EntranceMotionReentryKeepsTheCurrentDispatcherValue" storage="d:\workplace\github\gamesavecenter\.tmp\build-main-4b7f0a34\bin\gamesavecenter.playnite.tests\release\net472\gamesavecenter.playnite.tests.dll" id="47f26013-d370-ef0b-022f-0dc58975f2ee">
      <Execution id="9448a9e6-f726-4240-8cab-98acc4a95d33" />
      <TestMethod codeBase="D:\workplace\github\GameSaveCenter\.tmp\build-main-4b7f0a34\bin\GameSaveCenter.Playnite.Tests\Release\net472\GameSaveCenter.Playnite.Tests.dll" adapterTypeName="executor://xunit/VsTestRunner3/netfx/" className="GameSaveCenter.Playnite.Tests.UiFinesseFoundationTests" name="EntranceMotionReentryKeepsTheCurrentDispatcherValue" />
    </UnitTest>
    <UnitTest name="GameSaveCenter.Playnite.Tests.UiFinesseFoundationTests.EntranceMotionReentryKeepsTheRenderedBaseWhenLatestClockIsCancelled" storage="d:\workplace\github\gamesavecenter\.tmp\build-main-4b7f0a34\bin\gamesavecenter.playnite.tests\release\net472\gamesavecenter.playnite.tests.dll" id="a90a20b7-ccc0-4b27-a33f-41cf90f667ba">
      <Execution id="f59e17f2-89ef-443f-aecb-1fcd1be2a53d" />
      <TestMethod codeBase="D:\workplace\github\GameSaveCenter\.tmp\build-main-4b7f0a34\bin\GameSaveCenter.Playnite.Tests\Release\net472\GameSaveCenter.Playnite.Tests.dll" adapterTypeName="executor://xunit/VsTestRunner3/netfx/" className="GameSaveCenter.Playnite.Tests.UiFinesseFoundationTests" name="EntranceMotionReentryKeepsTheRenderedBaseWhenLatestClockIsCancelled" />
    </UnitTest>
    <UnitTest name="GameSaveCenter.Playnite.Tests.UiFinesseFoundationTests.ProductionMotionCallsResolveDurationsFromTheirVisualHost" storage="d:\workplace\github\gamesavecenter\.tmp\build-main-4b7f0a34\bin\gamesavecenter.playnite.tests\release\net472\gamesavecenter.playnite.tests.dll" id="5fb50c9a-0c45-c659-aa66-4340219aa4f1">
      <Execution id="af2c54ce-35d8-4caf-91e7-1ee3f141f30d" />
      <TestMethod codeBase="D:\workplace\github\GameSaveCenter\.tmp\build-main-4b7f0a34\bin\GameSaveCenter.Playnite.Tests\Release\net472\GameSaveCenter.Playnite.Tests.dll" adapterTypeName="executor://xunit/VsTestRunner3/netfx/" className="GameSaveCenter.Playnite.Tests.UiFinesseFoundationTests" name="ProductionMotionCallsResolveDurationsFromTheirVisualHost" />
    </UnitTest>
    <UnitTest name="GameSaveCenter.Playnite.Tests.ProductionShellChromeSourceTests.ReducedMotionNormalizesSidebarToItsFinalStateInAnActualWpfWindow" storage="d:\workplace\github\gamesavecenter\.tmp\build-main-4b7f0a34\bin\gamesavecenter.playnite.tests\release\net472\gamesavecenter.playnite.tests.dll" id="04469233-089c-a3c3-23fb-16b1f629bf90">
      <Execution id="f0e7332e-441b-40b8-b069-f4b5c47448b1" />
      <TestMethod codeBase="D:\workplace\github\GameSaveCenter\.tmp\build-main-4b7f0a34\bin\GameSaveCenter.Playnite.Tests\Release\net472\GameSaveCenter.Playnite.Tests.dll" adapterTypeName="executor://xunit/VsTestRunner3/netfx/" className="GameSaveCenter.Playnite.Tests.ProductionShellChromeSourceTests" name="ReducedMotionNormalizesSidebarToItsFinalStateInAnActualWpfWindow" />
    </UnitTest>
    <UnitTest name="GameSaveCenter.Playnite.Tests.ReportedWorkspaceLayoutBehaviorTests.SettingsHeaderAndPathActionsStayAnchoredToTheirLabelsAndEachOther(theme: Dark)" storage="d:\workplace\github\gamesavecenter\.tmp\build-main-4b7f0a34\bin\gamesavecenter.playnite.tests\release\net472\gamesavecenter.playnite.tests.dll" id="5b92d484-f6f0-286a-f232-9ef2ecc57b98">
      <Execution id="e3662663-bb5c-4cb1-829e-a6a78535c0d2" />
      <TestMethod codeBase="D:\workplace\github\GameSaveCenter\.tmp\build-main-4b7f0a34\bin\GameSaveCenter.Playnite.Tests\Release\net472\GameSaveCenter.Playnite.Tests.dll" adapterTypeName="executor://xunit/VsTestRunner3/netfx/" className="GameSaveCenter.Playnite.Tests.ReportedWorkspaceLayoutBehaviorTests" name="SettingsHeaderAndPathActionsStayAnchoredToTheirLabelsAndEachOther" />
    </UnitTest>
    <UnitTest name="GameSaveCenter.Playnite.Tests.UiFinesseFoundationTests.MotionAnimationsReleaseClocksAtTheirFinalValues" storage="d:\workplace\github\gamesavecenter\.tmp\build-main-4b7f0a34\bin\gamesavecenter.playnite.tests\release\net472\gamesavecenter.playnite.tests.dll" id="6506c46a-d5a7-f95e-aca6-837d6a017fd1">
      <Execution id="baec6de8-a5fc-45c1-9fcd-513add3f6b01" />
      <TestMethod codeBase="D:\workplace\github\GameSaveCenter\.tmp\build-main-4b7f0a34\bin\GameSaveCenter.Playnite.Tests\Release\net472\GameSaveCenter.Playnite.Tests.dll" adapterTypeName="executor://xunit/VsTestRunner3/netfx/" className="GameSaveCenter.Playnite.Tests.UiFinesseFoundationTests" name="MotionAnimationsReleaseClocksAtTheirFinalValues" />
    </UnitTest>
    <UnitTest name="GameSaveCenter.Playnite.Tests.ReportedWorkspaceLayoutBehaviorTests.SettingsHeaderAndPathActionsStayAnchoredToTheirLabelsAndEachOther(theme: Light)" storage="d:\workplace\github\gamesavecenter\.tmp\build-main-4b7f0a34\bin\gamesavecenter.playnite.tests\release\net472\gamesavecenter.playnite.tests.dll" id="3e867d51-35ab-df84-be15-7cde1b106a2b">
      <Execution id="eeb372fe-4a13-4fb7-ac91-bd35dc9ea5fc" />
      <TestMethod codeBase="D:\workplace\github\GameSaveCenter\.tmp\build-main-4b7f0a34\bin\GameSaveCenter.Playnite.Tests\Release\net472\GameSaveCenter.Playnite.Tests.dll" adapterTypeName="executor://xunit/VsTestRunner3/netfx/" className="GameSaveCenter.Playnite.Tests.ReportedWorkspaceLayoutBehaviorTests" name="SettingsHeaderAndPathActionsStayAnchoredToTheirLabelsAndEachOther" />
    </UnitTest>
    <UnitTest name="GameSaveCenter.Playnite.Tests.ProductionShellChromeSourceTests.SettingsViewRequestsAUsableDefaultWindowSize" storage="d:\workplace\github\gamesavecenter\.tmp\build-main-4b7f0a34\bin\gamesavecenter.playnite.tests\release\net472\gamesavecenter.playnite.tests.dll" id="a29641ed-19c5-0b5e-db3f-6660fe37cca2">
      <Execution id="ae89b4ac-2664-44a0-b240-1e502b97f256" />
      <TestMethod codeBase="D:\workplace\github\GameSaveCenter\.tmp\build-main-4b7f0a34\bin\GameSaveCenter.Playnite.Tests\Release\net472\GameSaveCenter.Playnite.Tests.dll" adapterTypeName="executor://xunit/VsTestRunner3/netfx/" className="GameSaveCenter.Playnite.Tests.ProductionShellChromeSourceTests" name="SettingsViewRequestsAUsableDefaultWindowSize" />
    </UnitTest>
    <UnitTest name="GameSaveCenter.Playnite.Tests.ProductionShellChromeSourceTests.GameBackgroundCoversTheWholeShellWithoutAColumnGutter" storage="d:\workplace\github\gamesavecenter\.tmp\build-main-4b7f0a34\bin\gamesavecenter.playnite.tests\release\net472\gamesavecenter.playnite.tests.dll" id="338c63d3-be00-f9e3-afea-10d6594aa40d">
      <Execution id="65d26c65-b65d-40fb-997b-99334e03ada8" />
      <TestMethod codeBase="D:\workplace\github\GameSaveCenter\.tmp\build-main-4b7f0a34\bin\GameSaveCenter.Playnite.Tests\Release\net472\GameSaveCenter.Playnite.Tests.dll" adapterTypeName="executor://xunit/VsTestRunner3/netfx/" className="GameSaveCenter.Playnite.Tests.ProductionShellChromeSourceTests" name="GameBackgroundCoversTheWholeShellWithoutAColumnGutter" />
    </UnitTest>
    <UnitTest name="GameSaveCenter.Playnite.Tests.ProductionShellChromeSourceTests.GameBackgroundPreferenceControlsDecodeAndMaterialFallback" storage="d:\workplace\github\gamesavecenter\.tmp\build-main-4b7f0a34\bin\gamesavecenter.playnite.tests\release\net472\gamesavecenter.playnite.tests.dll" id="c77d0e65-f1bc-c915-e051-97cc0bd7064d">
      <Execution id="0f931649-dbee-41b0-803a-29771b9be653" />
      <TestMethod codeBase="D:\workplace\github\GameSaveCenter\.tmp\build-main-4b7f0a34\bin\GameSaveCenter.Playnite.Tests\Release\net472\GameSaveCenter.Playnite.Tests.dll" adapterTypeName="executor://xunit/VsTestRunner3/netfx/" className="GameSaveCenter.Playnite.Tests.ProductionShellChromeSourceTests" name="GameBackgroundPreferenceControlsDecodeAndMaterialFallback" />
    </UnitTest>
    <UnitTest name="GameSaveCenter.Playnite.Tests.UiFinesseFoundationTests.MotionHostResourceOverridesTheCanonicalTokenWithoutChangingFallbacks" storage="d:\workplace\github\gamesavecenter\.tmp\build-main-4b7f0a34\bin\gamesavecenter.playnite.tests\release\net472\gamesavecenter.playnite.tests.dll" id="62374cfa-eb7b-48c7-3231-ac7dbc0ffb9b">
      <Execution id="3aaa49d2-2a2e-4d28-9bcc-8025196155b7" />
      <TestMethod codeBase="D:\workplace\github\GameSaveCenter\.tmp\build-main-4b7f0a34\bin\GameSaveCenter.Playnite.Tests\Release\net472\GameSaveCenter.Playnite.Tests.dll" adapterTypeName="executor://xunit/VsTestRunner3/netfx/" className="GameSaveCenter.Playnite.Tests.UiFinesseFoundationTests" name="MotionHostResourceOverridesTheCanonicalTokenWithoutChangingFallbacks" />
    </UnitTest>
    <UnitTest name="GameSaveCenter.Playnite.Tests.ProductionShellChromeSourceTests.ExpandedSidebarKeepsBrandBadgeClearAndLeavesMainAreaAvailableForLongLabels" storage="d:\workplace\github\gamesavecenter\.tmp\build-main-4b7f0a34\bin\gamesavecenter.playnite.tests\release\net472\gamesavecenter.playnite.tests.dll" id="db8f5900-7a9f-01fc-ca1c-4d5845918f01">
      <Execution id="739a3698-f97f-42fc-9795-4cb240462f0c" />
      <TestMethod codeBase="D:\workplace\github\GameSaveCenter\.tmp\build-main-4b7f0a34\bin\GameSaveCenter.Playnite.Tests\Release\net472\GameSaveCenter.Playnite.Tests.dll" adapterTypeName="executor://xunit/VsTestRunner3/netfx/" className="GameSaveCenter.Playnite.Tests.ProductionShellChromeSourceTests" name="ExpandedSidebarKeepsBrandBadgeClearAndLeavesMainAreaAvailableForLongLabels" />
    </UnitTest>
    <UnitTest name="GameSaveCenter.Playnite.Tests.ProductionShellChromeSourceTests.ReducedMotionCancelsAnActiveSidebarTransitionWithoutLateClockWrites" storage="d:\workplace\github\gamesavecenter\.tmp\build-main-4b7f0a34\bin\gamesavecenter.playnite.tests\release\net472\gamesavecenter.playnite.tests.dll" id="f7e8f72a-1113-e6b8-9ef2-56831f711338">
      <Execution id="dc37ca4b-4942-49ec-ae44-373816c18dde" />
      <TestMethod codeBase="D:\workplace\github\GameSaveCenter\.tmp\build-main-4b7f0a34\bin\GameSaveCenter.Playnite.Tests\Release\net472\GameSaveCenter.Playnite.Tests.dll" adapterTypeName="executor://xunit/VsTestRunner3/netfx/" className="GameSaveCenter.Playnite.Tests.ProductionShellChromeSourceTests" name="ReducedMotionCancelsAnActiveSidebarTransitionWithoutLateClockWrites" />
    </UnitTest>
    <UnitTest name="GameSaveCenter.Playnite.Tests.ProductionShellChromeSourceTests.ProductionHeaderUsesRoundedSharedChrome" storage="d:\workplace\github\gamesavecenter\.tmp\build-main-4b7f0a34\bin\gamesavecenter.playnite.tests\release\net472\gamesavecenter.playnite.tests.dll" id="9aa82e10-fd74-87f8-ec6a-647d043d929d">
      <Execution id="c35837e1-cfff-4ba5-8962-c82302e565d4" />
      <TestMethod codeBase="D:\workplace\github\GameSaveCenter\.tmp\build-main-4b7f0a34\bin\GameSaveCenter.Playnite.Tests\Release\net472\GameSaveCenter.Playnite.Tests.dll" adapterTypeName="executor://xunit/VsTestRunner3/netfx/" className="GameSaveCenter.Playnite.Tests.ProductionShellChromeSourceTests" name="ProductionHeaderUsesRoundedSharedChrome" />
    </UnitTest>
    <UnitTest name="GameSaveCenter.Playnite.Tests.ProductionShellChromeSourceTests.ProductionFooterOwnsWorkerStatusAndSpansTheShell" storage="d:\workplace\github\gamesavecenter\.tmp\build-main-4b7f0a34\bin\gamesavecenter.playnite.tests\release\net472\gamesavecenter.playnite.tests.dll" id="f309897d-c6b0-d19b-520c-32b89a8f6a8d">
      <Execution id="8cceef8a-953c-44d5-b90e-56359a352e5b" />
      <TestMethod codeBase="D:\workplace\github\GameSaveCenter\.tmp\build-main-4b7f0a34\bin\GameSaveCenter.Playnite.Tests\Release\net472\GameSaveCenter.Playnite.Tests.dll" adapterTypeName="executor://xunit/VsTestRunner3/netfx/" className="GameSaveCenter.Playnite.Tests.ProductionShellChromeSourceTests" name="ProductionFooterOwnsWorkerStatusAndSpansTheShell" />
    </UnitTest>
  </TestDefinitions>
  <TestEntries>
    <TestEntry testId="04469233-089c-a3c3-23fb-16b1f629bf90" executionId="f0e7332e-441b-40b8-b069-f4b5c47448b1" testListId="8c84fa94-04c1-424b-9868-57a2d4851a1d" />
    <TestEntry testId="5b92d484-f6f0-286a-f232-9ef2ecc57b98" executionId="e3662663-bb5c-4cb1-829e-a6a78535c0d2" testListId="8c84fa94-04c1-424b-9868-57a2d4851a1d" />
    <TestEntry testId="76a54e3b-07fb-d7ce-3cc2-a4e3ece5c98a" executionId="7626254d-1ae6-49d2-a6d4-b4446314ff89" testListId="8c84fa94-04c1-424b-9868-57a2d4851a1d" />
    <TestEntry testId="6506c46a-d5a7-f95e-aca6-837d6a017fd1" executionId="baec6de8-a5fc-45c1-9fcd-513add3f6b01" testListId="8c84fa94-04c1-424b-9868-57a2d4851a1d" />
    <TestEntry testId="c90e4bce-3003-f281-0ef5-5b8a4fd1825b" executionId="8ad08afc-97b2-4a9e-b508-c7d71a7abcad" testListId="8c84fa94-04c1-424b-9868-57a2d4851a1d" />
    <TestEntry testId="a29641ed-19c5-0b5e-db3f-6660fe37cca2" executionId="ae89b4ac-2664-44a0-b240-1e502b97f256" testListId="8c84fa94-04c1-424b-9868-57a2d4851a1d" />
    <TestEntry testId="f19e3d79-ae6e-4cfd-71e1-148e8783319f" executionId="f11a3232-4acb-4d3e-ac43-367b33cab66c" testListId="8c84fa94-04c1-424b-9868-57a2d4851a1d" />
    <TestEntry testId="5fb50c9a-0c45-c659-aa66-4340219aa4f1" executionId="af2c54ce-35d8-4caf-91e7-1ee3f141f30d" testListId="8c84fa94-04c1-424b-9868-57a2d4851a1d" />
    <TestEntry testId="75ca79db-b027-08a2-e25a-688b648df12f" executionId="8de31a09-3dbe-4511-af4d-bc50d74dc4cf" testListId="8c84fa94-04c1-424b-9868-57a2d4851a1d" />
    <TestEntry testId="9aa82e10-fd74-87f8-ec6a-647d043d929d" executionId="c35837e1-cfff-4ba5-8962-c82302e565d4" testListId="8c84fa94-04c1-424b-9868-57a2d4851a1d" />
    <TestEntry testId="de8d20cc-5b9b-688c-4470-a244f313ea63" executionId="5a5a0715-ae69-41be-8bfb-88fc9fd3efb9" testListId="8c84fa94-04c1-424b-9868-57a2d4851a1d" />
    <TestEntry testId="3e867d51-35ab-df84-be15-7cde1b106a2b" executionId="eeb372fe-4a13-4fb7-ac91-bd35dc9ea5fc" testListId="8c84fa94-04c1-424b-9868-57a2d4851a1d" />
    <TestEntry testId="f309897d-c6b0-d19b-520c-32b89a8f6a8d" executionId="8cceef8a-953c-44d5-b90e-56359a352e5b" testListId="8c84fa94-04c1-424b-9868-57a2d4851a1d" />
    <TestEntry testId="1548ba8d-3ea9-9056-1665-39188fe2b76c" executionId="15137575-c179-4db0-83bb-a016aeb7c386" testListId="8c84fa94-04c1-424b-9868-57a2d4851a1d" />
    <TestEntry testId="338c63d3-be00-f9e3-afea-10d6594aa40d" executionId="65d26c65-b65d-40fb-997b-99334e03ada8" testListId="8c84fa94-04c1-424b-9868-57a2d4851a1d" />
    <TestEntry testId="62374cfa-eb7b-48c7-3231-ac7dbc0ffb9b" executionId="3aaa49d2-2a2e-4d28-9bcc-8025196155b7" testListId="8c84fa94-04c1-424b-9868-57a2d4851a1d" />
    <TestEntry testId="7975ce04-429f-8c84-53b1-78cb375d2db8" executionId="c15926f6-4dee-4ab3-a010-c8d2c15a8001" testListId="8c84fa94-04c1-424b-9868-57a2d4851a1d" />
    <TestEntry testId="47f26013-d370-ef0b-022f-0dc58975f2ee" executionId="9448a9e6-f726-4240-8cab-98acc4a95d33" testListId="8c84fa94-04c1-424b-9868-57a2d4851a1d" />
    <TestEntry testId="6c5adfd2-85e8-3109-d95d-c3e4eb24dc53" executionId="651a3d9a-afe7-4308-bec2-fe5d7873e740" testListId="8c84fa94-04c1-424b-9868-57a2d4851a1d" />
    <TestEntry testId="a90a20b7-ccc0-4b27-a33f-41cf90f667ba" executionId="f59e17f2-89ef-443f-aecb-1fcd1be2a53d" testListId="8c84fa94-04c1-424b-9868-57a2d4851a1d" />
    <TestEntry testId="db8f5900-7a9f-01fc-ca1c-4d5845918f01" executionId="739a3698-f97f-42fc-9795-4cb240462f0c" testListId="8c84fa94-04c1-424b-9868-57a2d4851a1d" />
    <TestEntry testId="c77d0e65-f1bc-c915-e051-97cc0bd7064d" executionId="0f931649-dbee-41b0-803a-29771b9be653" testListId="8c84fa94-04c1-424b-9868-57a2d4851a1d" />
    <TestEntry testId="f7e8f72a-1113-e6b8-9ef2-56831f711338" executionId="dc37ca4b-4942-49ec-ae44-373816c18dde" testListId="8c84fa94-04c1-424b-9868-57a2d4851a1d" />
  </TestEntries>
  <TestLists>
    <TestList name="列表中未列出的结果" id="8c84fa94-04c1-424b-9868-57a2d4851a1d" />
    <TestList name="所有已加载的结果" id="19431567-8539-422a-85d7-44ee4e166bda" />
  </TestLists>
  <ResultSummary outcome="Completed">
    <Counters total="23" executed="23" passed="23" failed="0" error="0" timeout="0" aborted="0" inconclusive="0" passedButRunAborted="0" notRunnable="0" notExecuted="0" disconnected="0" warning="0" completed="0" inProgress="0" pending="0" />
    <Output>
      <StdOut>[xUnit.net 00:00:00.00] xUnit.net VSTest Adapter v3.1.4+50e68bbb8b (64-bit .NET Framework 4.8.9181.0)&#xD;
[xUnit.net 00:00:00.37]   Discovering: GameSaveCenter.Playnite.Tests&#xD;
[xUnit.net 00:00:02.70]   Discovered:  GameSaveCenter.Playnite.Tests&#xD;
[xUnit.net 00:00:02.76]   Starting:    GameSaveCenter.Playnite.Tests&#xD;
[xUnit.net 00:00:11.54]   Finished:    GameSaveCenter.Playnite.Tests&#xD;
δ���������쳣:  System.Runtime.InteropServices.InvalidComObjectException: COM ����������� RCW �ֿ���Ͳ�����ʹ�á�&#xD;
   �� System.Windows.Documents.TextServicesHost.OnUnregisterTextStore(Object arg)&#xD;
   �� System.Windows.Documents.TextStore.OnDetach(Boolean finalizer)&#xD;
   �� System.Windows.Documents.TextEditor.DetachTextStore(Boolean finalizer)&#xD;
   �� MS.Internal.ShutDownListener.HandleShutDown(Object sender, EventArgs e)&#xD;
</StdOut>
    </Output>
  </ResultSummary>
</TestRun>