<?xml version="1.0" encoding="utf-8"?>
<TestRun id="a0790022-bcf5-4258-a6cc-522e21990f6d" name="lopmatu@SULT 2026-09-24 13:55:18" runUser="Sult\lopmatu" xmlns="http://microsoft.com/schemas/VisualStudio/TeamTest/2010">
  <Times creation="2026-09-24T13:55:18.7025052+08:00" queuing="2026-09-24T13:55:18.7025057+08:00" start="2026-09-24T13:55:11.5215696+08:00" finish="2026-09-24T13:55:41.5866257+08:00" />
  <TestSettings name="default" id="fd61b36d-0cb6-49b7-b851-93fc6e64f45f">
    <Deployment runDeploymentRoot="lopmatu_SULT_2026-09-24_13_55_18" />
  </TestSettings>
  <Results>
    <UnitTestResult executionId="aa58bce5-4f46-4de8-aa7c-2d1432e57da4" testId="f14d8609-0abd-c6e4-e4de-0cbe507aab27" testName="GameSaveCenter.Playnite.Tests.ReportedWorkspaceLayoutBehaviorTests.WindowedSaveHistoryDoesNotExpandTheSummaryCardAroundItsActions(theme: Light)" computerName="SULT" duration="00:00:00.9070000" startTime="2026-09-24T13:55:20.2878935+08:00" endTime="2026-09-24T13:55:21.1937224+08:00" testType="13cdc9d9-ddb5-4fa4-a97d-d965ccfc6d4b" outcome="Passed" testListId="8c84fa94-04c1-424b-9868-57a2d4851a1d" relativeResultsDirectory="aa58bce5-4f46-4de8-aa7c-2d1432e57da4">
      <Output>
        <StdOut>Light Save history: summary=1010×442, content=987.33×377.33, actions=987.33×36@row1, selected=True, inspector=Visible/360×836; wideRow=0, windowedAgainRow=1, action/content gap=10 DIP, trailing whitespace=9.33 DIP</StdOut>
      </Output>
    </UnitTestResult>
    <UnitTestResult executionId="2c36d765-6ff2-44cf-baef-7f3c98e52bd3" testId="fbe44cf9-75c2-f417-0c33-fc05b6e170df" testName="GameSaveCenter.Playnite.Tests.ReportedWorkspaceLayoutBehaviorTests.FailedTaskStatusStaysInItsCellAcrossRecyclingWithoutAFullRowFrame(theme: Dark)" computerName="SULT" duration="00:00:00.4300000" startTime="2026-09-24T13:55:25.0503704+08:00" endTime="2026-09-24T13:55:25.4774982+08:00" testType="13cdc9d9-ddb5-4fa4-a97d-d965ccfc6d4b" outcome="Passed" testListId="8c84fa94-04c1-424b-9868-57a2d4851a1d" relativeResultsDirectory="2c36d765-6ff2-44cf-baef-7f3c98e52bd3">
      <Output>
        <StdOut>Dark Task grid: initial/recycled rows=13/14, far row reached=True, failed rows checked=7, error-presentation mismatches=0, row chrome position error=0 DIP, row-height spread=0 DIP, theme=Dark, grid=1693.33×644.67, visible=True, loaded=True, visibility=Visible, items=2400, virtualized=True</StdOut>
      </Output>
    </UnitTestResult>
    <UnitTestResult executionId="25506ae9-92c0-461f-8e10-8fe1484e7151" testId="518e3f14-882c-6541-6ec8-46c20a796276" testName="GameSaveCenter.Playnite.Tests.ReportedWorkspaceLayoutBehaviorTests.WindowedSaveHistoryDoesNotExpandTheSummaryCardAroundItsActions(theme: Dark)" computerName="SULT" duration="00:00:01.0420000" startTime="2026-09-24T13:55:19.2469650+08:00" endTime="2026-09-24T13:55:20.2858910+08:00" testType="13cdc9d9-ddb5-4fa4-a97d-d965ccfc6d4b" outcome="Passed" testListId="8c84fa94-04c1-424b-9868-57a2d4851a1d" relativeResultsDirectory="25506ae9-92c0-461f-8e10-8fe1484e7151">
      <Output>
        <StdOut>Dark Save history: summary=1010×442, content=987.33×377.33, actions=987.33×36@row1, selected=True, inspector=Visible/360×836; wideRow=0, windowedAgainRow=1, action/content gap=10 DIP, trailing whitespace=9.33 DIP</StdOut>
      </Output>
    </UnitTestResult>
    <UnitTestResult executionId="036af433-abda-4faa-a88d-bab74f5fe987" testId="92dca8d8-017c-0ca1-5bd7-bf82b0104435" testName="GameSaveCenter.Playnite.Tests.ReportedWorkspaceLayoutBehaviorTests.FailedTaskStatusStaysInItsCellAcrossRecyclingWithoutAFullRowFrame(theme: Light)" computerName="SULT" duration="00:00:00.4170000" startTime="2026-09-24T13:55:25.4794993+08:00" endTime="2026-09-24T13:55:25.8944078+08:00" testType="13cdc9d9-ddb5-4fa4-a97d-d965ccfc6d4b" outcome="Passed" testListId="8c84fa94-04c1-424b-9868-57a2d4851a1d" relativeResultsDirectory="036af433-abda-4faa-a88d-bab74f5fe987">
      <Output>
        <StdOut>Light Task grid: initial/recycled rows=13/14, far row reached=True, failed rows checked=7, error-presentation mismatches=0, row chrome position error=0 DIP, row-height spread=0 DIP, theme=Light, grid=1693.33×644.67, visible=True, loaded=True, visibility=Visible, items=2400, virtualized=True</StdOut>
      </Output>
    </UnitTestResult>
    <UnitTestResult executionId="32bcdb33-8054-4761-9e27-421d6776c9a3" testId="9e3c6f8b-30ab-fe18-71eb-8de17a35559e" testName="GameSaveCenter.Playnite.Tests.ReportedWorkspaceLayoutBehaviorTests.CompactInboxKeepsBatchButtonsCompactAndTheGridInsideItsFrameRow(theme: Light)" computerName="SULT" duration="00:00:00.5890000" startTime="2026-09-24T13:55:18.6870874+08:00" endTime="2026-09-24T13:55:19.2429658+08:00" testType="13cdc9d9-ddb5-4fa4-a97d-d965ccfc6d4b" outcome="Passed" testListId="8c84fa94-04c1-424b-9868-57a2d4851a1d" relativeResultsDirectory="32bcdb33-8054-4761-9e27-421d6776c9a3">
      <Output>
        <StdOut>Light Media Inbox: clear/reset/assign=36/36/36 DIP, mode=36 DIP, centersΔ=0.33/0.33/0.33 DIP, max button=36 DIP, spread=0 DIP, target=71.33 DIP, max centerΔ=0.33 DIP, clear visible=True, grid=360 DIP, grid/footer overlap=0 DIP, internal scrollbar contained=True (bar=140.67..458.67, grid=98.67..458.67, footerTop=468.67, internalOffset=74/74), offset=107.33, extent=672.67, viewport=565.33, footer=373.33..552; loaded=True, visible=True, enabled=True, mode=Auto/Visible, contentScroll=False, bar=74/74, afterScroll=107.33/107.33, barAfter=74</StdOut>
      </Output>
    </UnitTestResult>
    <UnitTestResult executionId="cd41abf3-3b6a-49fe-8bb7-31a5cf2a5f38" testId="5b92d484-f6f0-286a-f232-9ef2ecc57b98" testName="GameSaveCenter.Playnite.Tests.ReportedWorkspaceLayoutBehaviorTests.SettingsHeaderAndPathActionsStayAnchoredToTheirLabelsAndEachOther(theme: Dark)" computerName="SULT" duration="00:00:01.9680000" startTime="2026-09-24T13:55:21.1997383+08:00" endTime="2026-09-24T13:55:23.1606540+08:00" testType="13cdc9d9-ddb5-4fa4-a97d-d965ccfc6d4b" outcome="Passed" testListId="8c84fa94-04c1-424b-9868-57a2d4851a1d" relativeResultsDirectory="cd41abf3-3b6a-49fe-8bb7-31a5cf2a5f38">
      <Output>
        <StdOut>Dark Settings: icon/title topΔ=11.33 DIP, horizontal gap=12 DIP, search/title leftΔ=0 DIP, centered-negative Δ=287.33 DIP, wide shell/search=1360/0 DIP, windowed 1254×800 icon/title topΔ=11.33 DIP, search/title leftΔ=0 DIP, search/icon top gap=72.67 DIP, reset center/height spread=0/0 DIP, search size=520×36 DIP, reset/title leftΔ=0 DIP, reset/search gap=14 DIP, reset controls center/height spread=0/0 DIP (Button=90.67×36 DIP @ 71.33, Button=102.67×36 DIP @ 71.33, ComboBox=260×36 DIP @ 71.33), compact search width/overflow/leftΔ=392/0/0 DIP, save-hint row=1-&gt;0, hint/title topΔ=19.33 DIP, path control center spread=0 DIP, height spread=0 DIP (Button/浏览: 36, Button/校验: 36, Button/打开: 36, Button/复制: 36, ComboBox/combo: 36)</StdOut>
      </Output>
    </UnitTestResult>
    <UnitTestResult executionId="59bb9f83-bc45-43b9-8973-b82b20dc0561" testId="173f2a21-7e05-9824-5b3c-9c9b97a322d4" testName="GameSaveCenter.Playnite.Tests.ReportedWorkspaceLayoutBehaviorTests.CompactInboxKeepsBatchButtonsCompactAndTheGridInsideItsFrameRow(theme: Dark)" computerName="SULT" duration="00:00:03.2250000" startTime="2026-09-24T13:55:15.4457237+08:00" endTime="2026-09-24T13:55:18.6541399+08:00" testType="13cdc9d9-ddb5-4fa4-a97d-d965ccfc6d4b" outcome="Passed" testListId="8c84fa94-04c1-424b-9868-57a2d4851a1d" relativeResultsDirectory="59bb9f83-bc45-43b9-8973-b82b20dc0561">
      <Output>
        <StdOut>Dark Media Inbox: clear/reset/assign=36/36/36 DIP, mode=36 DIP, centersΔ=0.33/0.33/0.33 DIP, max button=36 DIP, spread=0 DIP, target=71.33 DIP, max centerΔ=0.33 DIP, clear visible=True, grid=360 DIP, grid/footer overlap=0 DIP, internal scrollbar contained=True (bar=140.67..458.67, grid=98.67..458.67, footerTop=468.67, internalOffset=74/74), offset=107.33, extent=672.67, viewport=565.33, footer=373.33..552; loaded=True, visible=True, enabled=True, mode=Auto/Visible, contentScroll=False, bar=74/74, afterScroll=107.33/107.33, barAfter=74</StdOut>
      </Output>
    </UnitTestResult>
    <UnitTestResult executionId="ed383032-1c1a-491a-a5ef-882b27739ef9" testId="3e867d51-35ab-df84-be15-7cde1b106a2b" testName="GameSaveCenter.Playnite.Tests.ReportedWorkspaceLayoutBehaviorTests.SettingsHeaderAndPathActionsStayAnchoredToTheirLabelsAndEachOther(theme: Light)" computerName="SULT" duration="00:00:01.8870000" startTime="2026-09-24T13:55:23.1626538+08:00" endTime="2026-09-24T13:55:25.0473708+08:00" testType="13cdc9d9-ddb5-4fa4-a97d-d965ccfc6d4b" outcome="Passed" testListId="8c84fa94-04c1-424b-9868-57a2d4851a1d" relativeResultsDirectory="ed383032-1c1a-491a-a5ef-882b27739ef9">
      <Output>
        <StdOut>Light Settings: icon/title topΔ=11.33 DIP, horizontal gap=12 DIP, search/title leftΔ=0 DIP, centered-negative Δ=287.33 DIP, wide shell/search=1360/0 DIP, windowed 1254×800 icon/title topΔ=11.33 DIP, search/title leftΔ=0 DIP, search/icon top gap=72.67 DIP, reset center/height spread=0/0 DIP, search size=520×36 DIP, reset/title leftΔ=0 DIP, reset/search gap=14 DIP, reset controls center/height spread=0/0 DIP (Button=90.67×36 DIP @ 71.33, Button=102.67×36 DIP @ 71.33, ComboBox=260×36 DIP @ 71.33), compact search width/overflow/leftΔ=392/0/0 DIP, save-hint row=1-&gt;0, hint/title topΔ=19.33 DIP, path control center spread=0 DIP, height spread=0 DIP (Button/浏览: 36, Button/校验: 36, Button/打开: 36, Button/复制: 36, ComboBox/combo: 36)</StdOut>
      </Output>
    </UnitTestResult>
  </Results>
  <TestDefinitions>
    <UnitTest name="GameSaveCenter.Playnite.Tests.ReportedWorkspaceLayoutBehaviorTests.WindowedSaveHistoryDoesNotExpandTheSummaryCardAroundItsActions(theme: Light)" storage="d:\workplace\github\gamesavecenter\.tmp\r20-01-1a43f474\bin\gamesavecenter.playnite.tests\release\net472\gamesavecenter.playnite.tests.dll" id="f14d8609-0abd-c6e4-e4de-0cbe507aab27">
      <Execution id="aa58bce5-4f46-4de8-aa7c-2d1432e57da4" />
      <TestMethod codeBase="D:\workplace\github\GameSaveCenter\.tmp\r20-01-1a43f474\bin\GameSaveCenter.Playnite.Tests\Release\net472\GameSaveCenter.Playnite.Tests.dll" adapterTypeName="executor://xunit/VsTestRunner3/netfx/" className="GameSaveCenter.Playnite.Tests.ReportedWorkspaceLayoutBehaviorTests" name="WindowedSaveHistoryDoesNotExpandTheSummaryCardAroundItsActions" />
    </UnitTest>
    <UnitTest name="GameSaveCenter.Playnite.Tests.ReportedWorkspaceLayoutBehaviorTests.CompactInboxKeepsBatchButtonsCompactAndTheGridInsideItsFrameRow(theme: Light)" storage="d:\workplace\github\gamesavecenter\.tmp\r20-01-1a43f474\bin\gamesavecenter.playnite.tests\release\net472\gamesavecenter.playnite.tests.dll" id="9e3c6f8b-30ab-fe18-71eb-8de17a35559e">
      <Execution id="32bcdb33-8054-4761-9e27-421d6776c9a3" />
      <TestMethod codeBase="D:\workplace\github\GameSaveCenter\.tmp\r20-01-1a43f474\bin\GameSaveCenter.Playnite.Tests\Release\net472\GameSaveCenter.Playnite.Tests.dll" adapterTypeName="executor://xunit/VsTestRunner3/netfx/" className="GameSaveCenter.Playnite.Tests.ReportedWorkspaceLayoutBehaviorTests" name="CompactInboxKeepsBatchButtonsCompactAndTheGridInsideItsFrameRow" />
    </UnitTest>
    <UnitTest name="GameSaveCenter.Playnite.Tests.ReportedWorkspaceLayoutBehaviorTests.SettingsHeaderAndPathActionsStayAnchoredToTheirLabelsAndEachOther(theme: Dark)" storage="d:\workplace\github\gamesavecenter\.tmp\r20-01-1a43f474\bin\gamesavecenter.playnite.tests\release\net472\gamesavecenter.playnite.tests.dll" id="5b92d484-f6f0-286a-f232-9ef2ecc57b98">
      <Execution id="cd41abf3-3b6a-49fe-8bb7-31a5cf2a5f38" />
      <TestMethod codeBase="D:\workplace\github\GameSaveCenter\.tmp\r20-01-1a43f474\bin\GameSaveCenter.Playnite.Tests\Release\net472\GameSaveCenter.Playnite.Tests.dll" adapterTypeName="executor://xunit/VsTestRunner3/netfx/" className="GameSaveCenter.Playnite.Tests.ReportedWorkspaceLayoutBehaviorTests" name="SettingsHeaderAndPathActionsStayAnchoredToTheirLabelsAndEachOther" />
    </UnitTest>
    <UnitTest name="GameSaveCenter.Playnite.Tests.ReportedWorkspaceLayoutBehaviorTests.SettingsHeaderAndPathActionsStayAnchoredToTheirLabelsAndEachOther(theme: Light)" storage="d:\workplace\github\gamesavecenter\.tmp\r20-01-1a43f474\bin\gamesavecenter.playnite.tests\release\net472\gamesavecenter.playnite.tests.dll" id="3e867d51-35ab-df84-be15-7cde1b106a2b">
      <Execution id="ed383032-1c1a-491a-a5ef-882b27739ef9" />
      <TestMethod codeBase="D:\workplace\github\GameSaveCenter\.tmp\r20-01-1a43f474\bin\GameSaveCenter.Playnite.Tests\Release\net472\GameSaveCenter.Playnite.Tests.dll" adapterTypeName="executor://xunit/VsTestRunner3/netfx/" className="GameSaveCenter.Playnite.Tests.ReportedWorkspaceLayoutBehaviorTests" name="SettingsHeaderAndPathActionsStayAnchoredToTheirLabelsAndEachOther" />
    </UnitTest>
    <UnitTest name="GameSaveCenter.Playnite.Tests.ReportedWorkspaceLayoutBehaviorTests.WindowedSaveHistoryDoesNotExpandTheSummaryCardAroundItsActions(theme: Dark)" storage="d:\workplace\github\gamesavecenter\.tmp\r20-01-1a43f474\bin\gamesavecenter.playnite.tests\release\net472\gamesavecenter.playnite.tests.dll" id="518e3f14-882c-6541-6ec8-46c20a796276">
      <Execution id="25506ae9-92c0-461f-8e10-8fe1484e7151" />
      <TestMethod codeBase="D:\workplace\github\GameSaveCenter\.tmp\r20-01-1a43f474\bin\GameSaveCenter.Playnite.Tests\Release\net472\GameSaveCenter.Playnite.Tests.dll" adapterTypeName="executor://xunit/VsTestRunner3/netfx/" className="GameSaveCenter.Playnite.Tests.ReportedWorkspaceLayoutBehaviorTests" name="WindowedSaveHistoryDoesNotExpandTheSummaryCardAroundItsActions" />
    </UnitTest>
    <UnitTest name="GameSaveCenter.Playnite.Tests.ReportedWorkspaceLayoutBehaviorTests.CompactInboxKeepsBatchButtonsCompactAndTheGridInsideItsFrameRow(theme: Dark)" storage="d:\workplace\github\gamesavecenter\.tmp\r20-01-1a43f474\bin\gamesavecenter.playnite.tests\release\net472\gamesavecenter.playnite.tests.dll" id="173f2a21-7e05-9824-5b3c-9c9b97a322d4">
      <Execution id="59bb9f83-bc45-43b9-8973-b82b20dc0561" />
      <TestMethod codeBase="D:\workplace\github\GameSaveCenter\.tmp\r20-01-1a43f474\bin\GameSaveCenter.Playnite.Tests\Release\net472\GameSaveCenter.Playnite.Tests.dll" adapterTypeName="executor://xunit/VsTestRunner3/netfx/" className="GameSaveCenter.Playnite.Tests.ReportedWorkspaceLayoutBehaviorTests" name="CompactInboxKeepsBatchButtonsCompactAndTheGridInsideItsFrameRow" />
    </UnitTest>
    <UnitTest name="GameSaveCenter.Playnite.Tests.ReportedWorkspaceLayoutBehaviorTests.FailedTaskStatusStaysInItsCellAcrossRecyclingWithoutAFullRowFrame(theme: Light)" storage="d:\workplace\github\gamesavecenter\.tmp\r20-01-1a43f474\bin\gamesavecenter.playnite.tests\release\net472\gamesavecenter.playnite.tests.dll" id="92dca8d8-017c-0ca1-5bd7-bf82b0104435">
      <Execution id="036af433-abda-4faa-a88d-bab74f5fe987" />
      <TestMethod codeBase="D:\workplace\github\GameSaveCenter\.tmp\r20-01-1a43f474\bin\GameSaveCenter.Playnite.Tests\Release\net472\GameSaveCenter.Playnite.Tests.dll" adapterTypeName="executor://xunit/VsTestRunner3/netfx/" className="GameSaveCenter.Playnite.Tests.ReportedWorkspaceLayoutBehaviorTests" name="FailedTaskStatusStaysInItsCellAcrossRecyclingWithoutAFullRowFrame" />
    </UnitTest>
    <UnitTest name="GameSaveCenter.Playnite.Tests.ReportedWorkspaceLayoutBehaviorTests.FailedTaskStatusStaysInItsCellAcrossRecyclingWithoutAFullRowFrame(theme: Dark)" storage="d:\workplace\github\gamesavecenter\.tmp\r20-01-1a43f474\bin\gamesavecenter.playnite.tests\release\net472\gamesavecenter.playnite.tests.dll" id="fbe44cf9-75c2-f417-0c33-fc05b6e170df">
      <Execution id="2c36d765-6ff2-44cf-baef-7f3c98e52bd3" />
      <TestMethod codeBase="D:\workplace\github\GameSaveCenter\.tmp\r20-01-1a43f474\bin\GameSaveCenter.Playnite.Tests\Release\net472\GameSaveCenter.Playnite.Tests.dll" adapterTypeName="executor://xunit/VsTestRunner3/netfx/" className="GameSaveCenter.Playnite.Tests.ReportedWorkspaceLayoutBehaviorTests" name="FailedTaskStatusStaysInItsCellAcrossRecyclingWithoutAFullRowFrame" />
    </UnitTest>
  </TestDefinitions>
  <TestEntries>
    <TestEntry testId="f14d8609-0abd-c6e4-e4de-0cbe507aab27" executionId="aa58bce5-4f46-4de8-aa7c-2d1432e57da4" testListId="8c84fa94-04c1-424b-9868-57a2d4851a1d" />
    <TestEntry testId="fbe44cf9-75c2-f417-0c33-fc05b6e170df" executionId="2c36d765-6ff2-44cf-baef-7f3c98e52bd3" testListId="8c84fa94-04c1-424b-9868-57a2d4851a1d" />
    <TestEntry testId="518e3f14-882c-6541-6ec8-46c20a796276" executionId="25506ae9-92c0-461f-8e10-8fe1484e7151" testListId="8c84fa94-04c1-424b-9868-57a2d4851a1d" />
    <TestEntry testId="92dca8d8-017c-0ca1-5bd7-bf82b0104435" executionId="036af433-abda-4faa-a88d-bab74f5fe987" testListId="8c84fa94-04c1-424b-9868-57a2d4851a1d" />
    <TestEntry testId="9e3c6f8b-30ab-fe18-71eb-8de17a35559e" executionId="32bcdb33-8054-4761-9e27-421d6776c9a3" testListId="8c84fa94-04c1-424b-9868-57a2d4851a1d" />
    <TestEntry testId="5b92d484-f6f0-286a-f232-9ef2ecc57b98" executionId="cd41abf3-3b6a-49fe-8bb7-31a5cf2a5f38" testListId="8c84fa94-04c1-424b-9868-57a2d4851a1d" />
    <TestEntry testId="173f2a21-7e05-9824-5b3c-9c9b97a322d4" executionId="59bb9f83-bc45-43b9-8973-b82b20dc0561" testListId="8c84fa94-04c1-424b-9868-57a2d4851a1d" />
    <TestEntry testId="3e867d51-35ab-df84-be15-7cde1b106a2b" executionId="ed383032-1c1a-491a-a5ef-882b27739ef9" testListId="8c84fa94-04c1-424b-9868-57a2d4851a1d" />
  </TestEntries>
  <TestLists>
    <TestList name="列表中未列出的结果" id="8c84fa94-04c1-424b-9868-57a2d4851a1d" />
    <TestList name="所有已加载的结果" id="19431567-8539-422a-85d7-44ee4e166bda" />
  </TestLists>
  <ResultSummary outcome="Completed">
    <Counters total="8" executed="8" passed="8" failed="0" error="0" timeout="0" aborted="0" inconclusive="0" passedButRunAborted="0" notRunnable="0" notExecuted="0" disconnected="0" warning="0" completed="0" inProgress="0" pending="0" />
    <Output>
      <StdOut>[xUnit.net 00:00:00.00] xUnit.net VSTest Adapter v3.1.4+50e68bbb8b (64-bit .NET Framework 4.8.9181.0)&#xD;
[xUnit.net 00:00:00.41]   Discovering: GameSaveCenter.Playnite.Tests&#xD;
[xUnit.net 00:00:02.77]   Discovered:  GameSaveCenter.Playnite.Tests&#xD;
[xUnit.net 00:00:02.84]   Starting:    GameSaveCenter.Playnite.Tests&#xD;
[xUnit.net 00:00:13.36]   Finished:    GameSaveCenter.Playnite.Tests&#xD;
</StdOut>
    </Output>
  </ResultSummary>
</TestRun>