<?xml version="1.0" encoding="utf-8"?>
<TestRun id="02dc7250-a172-44cc-8c56-770a6bf836a5" name="lopmatu@SULT 2026-09-24 14:14:28" runUser="Sult\lopmatu" xmlns="http://microsoft.com/schemas/VisualStudio/TeamTest/2010">
  <Times creation="2026-09-24T14:14:28.2982979+08:00" queuing="2026-09-24T14:14:28.2982984+08:00" start="2026-09-24T14:14:22.7484087+08:00" finish="2026-09-24T14:14:46.6530877+08:00" />
  <TestSettings name="default" id="e19275d7-6c1c-4de3-86f8-28a5d8c5f88f">
    <Deployment runDeploymentRoot="lopmatu_SULT_2026-09-24_14_14_28" />
  </TestSettings>
  <Results>
    <UnitTestResult executionId="d287011c-3fba-4826-92e0-6da309429978" testId="8e1548b6-6f8a-36c3-a8de-21a320659678" testName="GameSaveCenter.Playnite.Tests.MediaWindowAnchorContractTests.AnchorUsesTheRowsPresenterScrollViewerWhenTemplatesExposeMultipleViewers" computerName="SULT" duration="00:00:00.0070000" startTime="2026-09-24T14:14:29.8552543+08:00" endTime="2026-09-24T14:14:29.8562558+08:00" testType="13cdc9d9-ddb5-4fa4-a97d-d965ccfc6d4b" outcome="Passed" testListId="8c84fa94-04c1-424b-9868-57a2d4851a1d" relativeResultsDirectory="d287011c-3fba-4826-92e0-6da309429978" />
    <UnitTestResult executionId="204e6e26-5610-42d9-b295-a4056d78efa0" testId="ca158d76-9725-5d18-77ff-ba98013c6ea2" testName="GameSaveCenter.Playnite.Tests.MediaWindowAnchorContractTests.AnchorDiagnosticsRecordExecutionAndSkipReasonsWithoutChangingScrollSemantics" computerName="SULT" duration="00:00:00.0060000" startTime="2026-09-24T14:14:29.8280952+08:00" endTime="2026-09-24T14:14:29.8320955+08:00" testType="13cdc9d9-ddb5-4fa4-a97d-d965ccfc6d4b" outcome="Passed" testListId="8c84fa94-04c1-424b-9868-57a2d4851a1d" relativeResultsDirectory="204e6e26-5610-42d9-b295-a4056d78efa0" />
    <UnitTestResult executionId="1d85b923-d331-48e7-9499-0e0d61d4df7c" testId="9b0fe7df-cf65-153e-d804-22f770c905d6" testName="GameSaveCenter.Playnite.Tests.MediaWindowAnchorContractTests.AnchorViewerSelectionPrefersRowsPresenterOverALargerOuterViewer" computerName="SULT" duration="00:00:00.1650000" startTime="2026-09-24T14:14:29.6621673+08:00" endTime="2026-09-24T14:14:29.8260948+08:00" testType="13cdc9d9-ddb5-4fa4-a97d-d965ccfc6d4b" outcome="Passed" testListId="8c84fa94-04c1-424b-9868-57a2d4851a1d" relativeResultsDirectory="1d85b923-d331-48e7-9499-0e0d61d4df7c" />
    <UnitTestResult executionId="576dd080-fd47-4c4b-8cf3-d4b2b385580b" testId="7440e790-166c-8138-daab-33bed0420b15" testName="GameSaveCenter.Playnite.Tests.MediaWindowAnchorContractTests.PurposeNavigationUsesDedicatedMediaAndSaveTabState" computerName="SULT" duration="00:00:00.0140000" startTime="2026-09-24T14:14:29.8381004+08:00" endTime="2026-09-24T14:14:29.8491005+08:00" testType="13cdc9d9-ddb5-4fa4-a97d-d965ccfc6d4b" outcome="Passed" testListId="8c84fa94-04c1-424b-9868-57a2d4851a1d" relativeResultsDirectory="576dd080-fd47-4c4b-8cf3-d4b2b385580b" />
    <UnitTestResult executionId="9db3b2b7-7231-4a30-9c9a-87120d80a3d3" testId="9f95f3fb-ccdd-c519-a388-e693315d8a53" testName="GameSaveCenter.Playnite.Tests.MediaWindowAnchorContractTests.EvictedWindowHasAnExplicitReloadRouteAndVisibleSelectionSemantics" computerName="SULT" duration="00:00:00.0050000" startTime="2026-09-24T14:14:29.6571703+08:00" endTime="2026-09-24T14:14:29.6601704+08:00" testType="13cdc9d9-ddb5-4fa4-a97d-d965ccfc6d4b" outcome="Passed" testListId="8c84fa94-04c1-424b-9868-57a2d4851a1d" relativeResultsDirectory="9db3b2b7-7231-4a30-9c9a-87120d80a3d3" />
    <UnitTestResult executionId="c34679e0-34b9-4401-8ab1-55272dcd40e9" testId="29969a10-50f8-768b-f1d8-8c46e705bb1b" testName="GameSaveCenter.Playnite.Tests.MediaWindowAnchorContractTests.CurrentMediaCardsUseTheBoundedVirtualizingPanel" computerName="SULT" duration="00:00:00.0100000" startTime="2026-09-24T14:14:29.6357518+08:00" endTime="2026-09-24T14:14:29.6421091+08:00" testType="13cdc9d9-ddb5-4fa4-a97d-d965ccfc6d4b" outcome="Passed" testListId="8c84fa94-04c1-424b-9868-57a2d4851a1d" relativeResultsDirectory="c34679e0-34b9-4401-8ab1-55272dcd40e9" />
    <UnitTestResult executionId="8f590efc-150b-4ecf-882c-69c34712f894" testId="671c7582-f24e-a8ab-df60-15bcd7064511" testName="GameSaveCenter.Playnite.Tests.MediaWindowAnchorContractTests.GridScrollTemplateReservesTheRealContentViewport" computerName="SULT" duration="00:00:00.1330000" startTime="2026-09-24T14:14:26.7652945+08:00" endTime="2026-09-24T14:14:26.8821750+08:00" testType="13cdc9d9-ddb5-4fa4-a97d-d965ccfc6d4b" outcome="Passed" testListId="8c84fa94-04c1-424b-9868-57a2d4851a1d" relativeResultsDirectory="8f590efc-150b-4ecf-882c-69c34712f894" />
    <UnitTestResult executionId="20391404-d4a6-4015-b29c-535de027453c" testId="a5536210-0de2-3a4e-5e99-f7987d2114ee" testName="GameSaveCenter.Playnite.Tests.MediaWindowAnchorContractTests.EvictedAnchorNoticeReleasesSelectionRestoreGuard" computerName="SULT" duration="00:00:00.2670000" startTime="2026-09-24T14:14:29.8582551+08:00" endTime="2026-09-24T14:14:30.1201107+08:00" testType="13cdc9d9-ddb5-4fa4-a97d-d965ccfc6d4b" outcome="Passed" testListId="8c84fa94-04c1-424b-9868-57a2d4851a1d" relativeResultsDirectory="20391404-d4a6-4015-b29c-535de027453c" />
    <UnitTestResult executionId="98a4515d-16fe-428f-a682-52ecef222f29" testId="b5f26fce-fe51-4706-ca59-31156fdc3098" testName="GameSaveCenter.Playnite.Tests.MediaWindowAnchorContractTests.LoadMoreSurfacesCaptureAndRestoreTheMediaAnchor" computerName="SULT" duration="00:00:00.0130000" startTime="2026-09-24T14:14:29.6441063+08:00" endTime="2026-09-24T14:14:29.6551715+08:00" testType="13cdc9d9-ddb5-4fa4-a97d-d965ccfc6d4b" outcome="Passed" testListId="8c84fa94-04c1-424b-9868-57a2d4851a1d" relativeResultsDirectory="98a4515d-16fe-428f-a682-52ecef222f29" />
    <UnitTestResult executionId="c6e73a97-55c0-40ae-be0b-07bdc1d19e17" testId="0e7bbd94-7b93-72de-8c0f-5ea0dcee19be" testName="GameSaveCenter.Playnite.Tests.MediaWindowAnchorContractTests.StaleRestoreCallbackCannotSurfaceEvictedAnchorAfterContextInvalidation" computerName="SULT" duration="00:00:02.7500000" startTime="2026-09-24T14:14:26.9041768+08:00" endTime="2026-09-24T14:14:29.6327562+08:00" testType="13cdc9d9-ddb5-4fa4-a97d-d965ccfc6d4b" outcome="Passed" testListId="8c84fa94-04c1-424b-9868-57a2d4851a1d" relativeResultsDirectory="c6e73a97-55c0-40ae-be0b-07bdc1d19e17" />
  </Results>
  <TestDefinitions>
    <UnitTest name="GameSaveCenter.Playnite.Tests.MediaWindowAnchorContractTests.EvictedWindowHasAnExplicitReloadRouteAndVisibleSelectionSemantics" storage="d:\workplace\github\gamesavecenter\.tmp\r20-02-cdd28fd2\bin\gamesavecenter.playnite.tests\release\net472\gamesavecenter.playnite.tests.dll" id="9f95f3fb-ccdd-c519-a388-e693315d8a53">
      <Execution id="9db3b2b7-7231-4a30-9c9a-87120d80a3d3" />
      <TestMethod codeBase="D:\workplace\github\GameSaveCenter\.tmp\r20-02-cdd28fd2\bin\GameSaveCenter.Playnite.Tests\Release\net472\GameSaveCenter.Playnite.Tests.dll" adapterTypeName="executor://xunit/VsTestRunner3/netfx/" className="GameSaveCenter.Playnite.Tests.MediaWindowAnchorContractTests" name="EvictedWindowHasAnExplicitReloadRouteAndVisibleSelectionSemantics" />
    </UnitTest>
    <UnitTest name="GameSaveCenter.Playnite.Tests.MediaWindowAnchorContractTests.AnchorUsesTheRowsPresenterScrollViewerWhenTemplatesExposeMultipleViewers" storage="d:\workplace\github\gamesavecenter\.tmp\r20-02-cdd28fd2\bin\gamesavecenter.playnite.tests\release\net472\gamesavecenter.playnite.tests.dll" id="8e1548b6-6f8a-36c3-a8de-21a320659678">
      <Execution id="d287011c-3fba-4826-92e0-6da309429978" />
      <TestMethod codeBase="D:\workplace\github\GameSaveCenter\.tmp\r20-02-cdd28fd2\bin\GameSaveCenter.Playnite.Tests\Release\net472\GameSaveCenter.Playnite.Tests.dll" adapterTypeName="executor://xunit/VsTestRunner3/netfx/" className="GameSaveCenter.Playnite.Tests.MediaWindowAnchorContractTests" name="AnchorUsesTheRowsPresenterScrollViewerWhenTemplatesExposeMultipleViewers" />
    </UnitTest>
    <UnitTest name="GameSaveCenter.Playnite.Tests.MediaWindowAnchorContractTests.AnchorViewerSelectionPrefersRowsPresenterOverALargerOuterViewer" storage="d:\workplace\github\gamesavecenter\.tmp\r20-02-cdd28fd2\bin\gamesavecenter.playnite.tests\release\net472\gamesavecenter.playnite.tests.dll" id="9b0fe7df-cf65-153e-d804-22f770c905d6">
      <Execution id="1d85b923-d331-48e7-9499-0e0d61d4df7c" />
      <TestMethod codeBase="D:\workplace\github\GameSaveCenter\.tmp\r20-02-cdd28fd2\bin\GameSaveCenter.Playnite.Tests\Release\net472\GameSaveCenter.Playnite.Tests.dll" adapterTypeName="executor://xunit/VsTestRunner3/netfx/" className="GameSaveCenter.Playnite.Tests.MediaWindowAnchorContractTests" name="AnchorViewerSelectionPrefersRowsPresenterOverALargerOuterViewer" />
    </UnitTest>
    <UnitTest name="GameSaveCenter.Playnite.Tests.MediaWindowAnchorContractTests.StaleRestoreCallbackCannotSurfaceEvictedAnchorAfterContextInvalidation" storage="d:\workplace\github\gamesavecenter\.tmp\r20-02-cdd28fd2\bin\gamesavecenter.playnite.tests\release\net472\gamesavecenter.playnite.tests.dll" id="0e7bbd94-7b93-72de-8c0f-5ea0dcee19be">
      <Execution id="c6e73a97-55c0-40ae-be0b-07bdc1d19e17" />
      <TestMethod codeBase="D:\workplace\github\GameSaveCenter\.tmp\r20-02-cdd28fd2\bin\GameSaveCenter.Playnite.Tests\Release\net472\GameSaveCenter.Playnite.Tests.dll" adapterTypeName="executor://xunit/VsTestRunner3/netfx/" className="GameSaveCenter.Playnite.Tests.MediaWindowAnchorContractTests" name="StaleRestoreCallbackCannotSurfaceEvictedAnchorAfterContextInvalidation" />
    </UnitTest>
    <UnitTest name="GameSaveCenter.Playnite.Tests.MediaWindowAnchorContractTests.PurposeNavigationUsesDedicatedMediaAndSaveTabState" storage="d:\workplace\github\gamesavecenter\.tmp\r20-02-cdd28fd2\bin\gamesavecenter.playnite.tests\release\net472\gamesavecenter.playnite.tests.dll" id="7440e790-166c-8138-daab-33bed0420b15">
      <Execution id="576dd080-fd47-4c4b-8cf3-d4b2b385580b" />
      <TestMethod codeBase="D:\workplace\github\GameSaveCenter\.tmp\r20-02-cdd28fd2\bin\GameSaveCenter.Playnite.Tests\Release\net472\GameSaveCenter.Playnite.Tests.dll" adapterTypeName="executor://xunit/VsTestRunner3/netfx/" className="GameSaveCenter.Playnite.Tests.MediaWindowAnchorContractTests" name="PurposeNavigationUsesDedicatedMediaAndSaveTabState" />
    </UnitTest>
    <UnitTest name="GameSaveCenter.Playnite.Tests.MediaWindowAnchorContractTests.GridScrollTemplateReservesTheRealContentViewport" storage="d:\workplace\github\gamesavecenter\.tmp\r20-02-cdd28fd2\bin\gamesavecenter.playnite.tests\release\net472\gamesavecenter.playnite.tests.dll" id="671c7582-f24e-a8ab-df60-15bcd7064511">
      <Execution id="8f590efc-150b-4ecf-882c-69c34712f894" />
      <TestMethod codeBase="D:\workplace\github\GameSaveCenter\.tmp\r20-02-cdd28fd2\bin\GameSaveCenter.Playnite.Tests\Release\net472\GameSaveCenter.Playnite.Tests.dll" adapterTypeName="executor://xunit/VsTestRunner3/netfx/" className="GameSaveCenter.Playnite.Tests.MediaWindowAnchorContractTests" name="GridScrollTemplateReservesTheRealContentViewport" />
    </UnitTest>
    <UnitTest name="GameSaveCenter.Playnite.Tests.MediaWindowAnchorContractTests.CurrentMediaCardsUseTheBoundedVirtualizingPanel" storage="d:\workplace\github\gamesavecenter\.tmp\r20-02-cdd28fd2\bin\gamesavecenter.playnite.tests\release\net472\gamesavecenter.playnite.tests.dll" id="29969a10-50f8-768b-f1d8-8c46e705bb1b">
      <Execution id="c34679e0-34b9-4401-8ab1-55272dcd40e9" />
      <TestMethod codeBase="D:\workplace\github\GameSaveCenter\.tmp\r20-02-cdd28fd2\bin\GameSaveCenter.Playnite.Tests\Release\net472\GameSaveCenter.Playnite.Tests.dll" adapterTypeName="executor://xunit/VsTestRunner3/netfx/" className="GameSaveCenter.Playnite.Tests.MediaWindowAnchorContractTests" name="CurrentMediaCardsUseTheBoundedVirtualizingPanel" />
    </UnitTest>
    <UnitTest name="GameSaveCenter.Playnite.Tests.MediaWindowAnchorContractTests.LoadMoreSurfacesCaptureAndRestoreTheMediaAnchor" storage="d:\workplace\github\gamesavecenter\.tmp\r20-02-cdd28fd2\bin\gamesavecenter.playnite.tests\release\net472\gamesavecenter.playnite.tests.dll" id="b5f26fce-fe51-4706-ca59-31156fdc3098">
      <Execution id="98a4515d-16fe-428f-a682-52ecef222f29" />
      <TestMethod codeBase="D:\workplace\github\GameSaveCenter\.tmp\r20-02-cdd28fd2\bin\GameSaveCenter.Playnite.Tests\Release\net472\GameSaveCenter.Playnite.Tests.dll" adapterTypeName="executor://xunit/VsTestRunner3/netfx/" className="GameSaveCenter.Playnite.Tests.MediaWindowAnchorContractTests" name="LoadMoreSurfacesCaptureAndRestoreTheMediaAnchor" />
    </UnitTest>
    <UnitTest name="GameSaveCenter.Playnite.Tests.MediaWindowAnchorContractTests.AnchorDiagnosticsRecordExecutionAndSkipReasonsWithoutChangingScrollSemantics" storage="d:\workplace\github\gamesavecenter\.tmp\r20-02-cdd28fd2\bin\gamesavecenter.playnite.tests\release\net472\gamesavecenter.playnite.tests.dll" id="ca158d76-9725-5d18-77ff-ba98013c6ea2">
      <Execution id="204e6e26-5610-42d9-b295-a4056d78efa0" />
      <TestMethod codeBase="D:\workplace\github\GameSaveCenter\.tmp\r20-02-cdd28fd2\bin\GameSaveCenter.Playnite.Tests\Release\net472\GameSaveCenter.Playnite.Tests.dll" adapterTypeName="executor://xunit/VsTestRunner3/netfx/" className="GameSaveCenter.Playnite.Tests.MediaWindowAnchorContractTests" name="AnchorDiagnosticsRecordExecutionAndSkipReasonsWithoutChangingScrollSemantics" />
    </UnitTest>
    <UnitTest name="GameSaveCenter.Playnite.Tests.MediaWindowAnchorContractTests.EvictedAnchorNoticeReleasesSelectionRestoreGuard" storage="d:\workplace\github\gamesavecenter\.tmp\r20-02-cdd28fd2\bin\gamesavecenter.playnite.tests\release\net472\gamesavecenter.playnite.tests.dll" id="a5536210-0de2-3a4e-5e99-f7987d2114ee">
      <Execution id="20391404-d4a6-4015-b29c-535de027453c" />
      <TestMethod codeBase="D:\workplace\github\GameSaveCenter\.tmp\r20-02-cdd28fd2\bin\GameSaveCenter.Playnite.Tests\Release\net472\GameSaveCenter.Playnite.Tests.dll" adapterTypeName="executor://xunit/VsTestRunner3/netfx/" className="GameSaveCenter.Playnite.Tests.MediaWindowAnchorContractTests" name="EvictedAnchorNoticeReleasesSelectionRestoreGuard" />
    </UnitTest>
  </TestDefinitions>
  <TestEntries>
    <TestEntry testId="8e1548b6-6f8a-36c3-a8de-21a320659678" executionId="d287011c-3fba-4826-92e0-6da309429978" testListId="8c84fa94-04c1-424b-9868-57a2d4851a1d" />
    <TestEntry testId="ca158d76-9725-5d18-77ff-ba98013c6ea2" executionId="204e6e26-5610-42d9-b295-a4056d78efa0" testListId="8c84fa94-04c1-424b-9868-57a2d4851a1d" />
    <TestEntry testId="9b0fe7df-cf65-153e-d804-22f770c905d6" executionId="1d85b923-d331-48e7-9499-0e0d61d4df7c" testListId="8c84fa94-04c1-424b-9868-57a2d4851a1d" />
    <TestEntry testId="7440e790-166c-8138-daab-33bed0420b15" executionId="576dd080-fd47-4c4b-8cf3-d4b2b385580b" testListId="8c84fa94-04c1-424b-9868-57a2d4851a1d" />
    <TestEntry testId="9f95f3fb-ccdd-c519-a388-e693315d8a53" executionId="9db3b2b7-7231-4a30-9c9a-87120d80a3d3" testListId="8c84fa94-04c1-424b-9868-57a2d4851a1d" />
    <TestEntry testId="29969a10-50f8-768b-f1d8-8c46e705bb1b" executionId="c34679e0-34b9-4401-8ab1-55272dcd40e9" testListId="8c84fa94-04c1-424b-9868-57a2d4851a1d" />
    <TestEntry testId="671c7582-f24e-a8ab-df60-15bcd7064511" executionId="8f590efc-150b-4ecf-882c-69c34712f894" testListId="8c84fa94-04c1-424b-9868-57a2d4851a1d" />
    <TestEntry testId="a5536210-0de2-3a4e-5e99-f7987d2114ee" executionId="20391404-d4a6-4015-b29c-535de027453c" testListId="8c84fa94-04c1-424b-9868-57a2d4851a1d" />
    <TestEntry testId="b5f26fce-fe51-4706-ca59-31156fdc3098" executionId="98a4515d-16fe-428f-a682-52ecef222f29" testListId="8c84fa94-04c1-424b-9868-57a2d4851a1d" />
    <TestEntry testId="0e7bbd94-7b93-72de-8c0f-5ea0dcee19be" executionId="c6e73a97-55c0-40ae-be0b-07bdc1d19e17" testListId="8c84fa94-04c1-424b-9868-57a2d4851a1d" />
  </TestEntries>
  <TestLists>
    <TestList name="列表中未列出的结果" id="8c84fa94-04c1-424b-9868-57a2d4851a1d" />
    <TestList name="所有已加载的结果" id="19431567-8539-422a-85d7-44ee4e166bda" />
  </TestLists>
  <ResultSummary outcome="Completed">
    <Counters total="10" executed="10" passed="10" failed="0" error="0" timeout="0" aborted="0" inconclusive="0" passedButRunAborted="0" notRunnable="0" notExecuted="0" disconnected="0" warning="0" completed="0" inProgress="0" pending="0" />
    <Output>
      <StdOut>[xUnit.net 00:00:00.00] xUnit.net VSTest Adapter v3.1.4+50e68bbb8b (64-bit .NET Framework 4.8.9181.0)&#xD;
[xUnit.net 00:00:00.43]   Discovering: GameSaveCenter.Playnite.Tests&#xD;
[xUnit.net 00:00:02.81]   Discovered:  GameSaveCenter.Playnite.Tests&#xD;
[xUnit.net 00:00:02.86]   Starting:    GameSaveCenter.Playnite.Tests&#xD;
[xUnit.net 00:00:06.29]   Finished:    GameSaveCenter.Playnite.Tests&#xD;
δ���������쳣:  System.Runtime.InteropServices.InvalidComObjectException: COM ����������� RCW �ֿ���Ͳ�����ʹ�á�&#xD;
   �� System.Windows.Documents.TextServicesHost.OnUnregisterTextStore(Object arg)&#xD;
   �� System.Windows.Documents.TextStore.OnDetach(Boolean finalizer)&#xD;
   �� System.Windows.Documents.TextEditor.DetachTextStore(Boolean finalizer)&#xD;
   �� MS.Internal.ShutDownListener.HandleShutDown(Object sender, EventArgs e)&#xD;
δ���������쳣:  System.Runtime.InteropServices.InvalidComObjectException: COM ����������� RCW �ֿ���Ͳ�����ʹ�á�&#xD;
   �� System.Windows.Documents.TextServicesHost.OnUnregisterTextStore(Object arg)&#xD;
   �� System.Windows.Documents.TextStore.OnDetach(Boolean finalizer)&#xD;
   �� System.Windows.Documents.TextEditor.DetachTextStore(Boolean finalizer)&#xD;
   �� MS.Internal.ShutDownListener.HandleShutDown(Object sender, EventArgs e)&#xD;
</StdOut>
    </Output>
  </ResultSummary>
</TestRun>